CRITICAL - 2022-04-17 10:09:08 --> Call to undefined method CodeIgniter\Database\MySQLi\Builder::paginate()
#0 C:\xampp\htdocs\petforyou\system\CodeIgniter.php(832): App\Controllers\PublishedController->conditionSelect()
#1 C:\xampp\htdocs\petforyou\system\CodeIgniter.php(419): CodeIgniter\CodeIgniter->runController(Object(App\Controllers\PublishedController))
#2 C:\xampp\htdocs\petforyou\system\CodeIgniter.php(326): CodeIgniter\CodeIgniter->handleRequest(NULL, Object(Config\Cache), false)
#3 C:\xampp\htdocs\petforyou\public\index.php(37): CodeIgniter\CodeIgniter->run()
#4 {main}
CRITICAL - 2022-04-17 10:58:14 --> Call to undefined method App\Models\PublishedModel::selectPetDataById
#0 C:\xampp\htdocs\petforyou\app\Controllers\View.php(72): CodeIgniter\Model->__call('selectPetDataBy...', Array)
#1 C:\xampp\htdocs\petforyou\system\CodeIgniter.php(832): App\Controllers\View->publishSingle_view('2')
#2 C:\xampp\htdocs\petforyou\system\CodeIgniter.php(419): CodeIgniter\CodeIgniter->runController(Object(App\Controllers\View))
#3 C:\xampp\htdocs\petforyou\system\CodeIgniter.php(326): CodeIgniter\CodeIgniter->handleRequest(NULL, Object(Config\Cache), false)
#4 C:\xampp\htdocs\petforyou\public\index.php(37): CodeIgniter\CodeIgniter->run()
#5 {main}
CRITICAL - 2022-04-17 10:58:27 --> Call to undefined method App\Models\PublishedModel::selectPetDataById
#0 C:\xampp\htdocs\petforyou\app\Controllers\View.php(72): CodeIgniter\Model->__call('selectPetDataBy...', Array)
#1 C:\xampp\htdocs\petforyou\system\CodeIgniter.php(832): App\Controllers\View->publishSingle_view('2')
#2 C:\xampp\htdocs\petforyou\system\CodeIgniter.php(419): CodeIgniter\CodeIgniter->runController(Object(App\Controllers\View))
#3 C:\xampp\htdocs\petforyou\system\CodeIgniter.php(326): CodeIgniter\CodeIgniter->handleRequest(NULL, Object(Config\Cache), false)
#4 C:\xampp\htdocs\petforyou\public\index.php(37): CodeIgniter\CodeIgniter->run()
#5 {main}
CRITICAL - 2022-04-17 10:58:30 --> Call to undefined method App\Models\PublishedModel::selectPetDataById
#0 C:\xampp\htdocs\petforyou\app\Controllers\View.php(72): CodeIgniter\Model->__call('selectPetDataBy...', Array)
#1 C:\xampp\htdocs\petforyou\system\CodeIgniter.php(832): App\Controllers\View->publishSingle_view('2')
#2 C:\xampp\htdocs\petforyou\system\CodeIgniter.php(419): CodeIgniter\CodeIgniter->runController(Object(App\Controllers\View))
#3 C:\xampp\htdocs\petforyou\system\CodeIgniter.php(326): CodeIgniter\CodeIgniter->handleRequest(NULL, Object(Config\Cache), false)
#4 C:\xampp\htdocs\petforyou\public\index.php(37): CodeIgniter\CodeIgniter->run()
#5 {main}
ERROR - 2022-04-17 10:59:09 --> Unknown column 'published_id' in 'where clause'
CRITICAL - 2022-04-17 10:59:09 --> Call to a member function getFirstRow() on bool
#0 C:\xampp\htdocs\petforyou\system\BaseModel.php(622): CodeIgniter\Model->doFirst()
#1 C:\xampp\htdocs\petforyou\app\Models\PublishedCollectModel.php(21): CodeIgniter\BaseModel->first()
#2 C:\xampp\htdocs\petforyou\app\Controllers\View.php(73): App\Models\PublishedCollectModel->isCollect('16', '2')
#3 C:\xampp\htdocs\petforyou\system\CodeIgniter.php(832): App\Controllers\View->publishSingle_view('2')
#4 C:\xampp\htdocs\petforyou\system\CodeIgniter.php(419): CodeIgniter\CodeIgniter->runController(Object(App\Controllers\View))
#5 C:\xampp\htdocs\petforyou\system\CodeIgniter.php(326): CodeIgniter\CodeIgniter->handleRequest(NULL, Object(Config\Cache), false)
#6 C:\xampp\htdocs\petforyou\public\index.php(37): CodeIgniter\CodeIgniter->run()
#7 {main}
ERROR - 2022-04-17 10:59:10 --> Unknown column 'published_id' in 'where clause'
CRITICAL - 2022-04-17 10:59:10 --> Call to a member function getFirstRow() on bool
#0 C:\xampp\htdocs\petforyou\system\BaseModel.php(622): CodeIgniter\Model->doFirst()
#1 C:\xampp\htdocs\petforyou\app\Models\PublishedCollectModel.php(21): CodeIgniter\BaseModel->first()
#2 C:\xampp\htdocs\petforyou\app\Controllers\View.php(73): App\Models\PublishedCollectModel->isCollect('16', '2')
#3 C:\xampp\htdocs\petforyou\system\CodeIgniter.php(832): App\Controllers\View->publishSingle_view('2')
#4 C:\xampp\htdocs\petforyou\system\CodeIgniter.php(419): CodeIgniter\CodeIgniter->runController(Object(App\Controllers\View))
#5 C:\xampp\htdocs\petforyou\system\CodeIgniter.php(326): CodeIgniter\CodeIgniter->handleRequest(NULL, Object(Config\Cache), false)
#6 C:\xampp\htdocs\petforyou\public\index.php(37): CodeIgniter\CodeIgniter->run()
#7 {main}
CRITICAL - 2022-04-17 10:59:21 --> Invalid file: publishSingle/publishSingle.php
#0 C:\xampp\htdocs\petforyou\system\View\View.php(198): CodeIgniter\Exceptions\FrameworkException::forInvalidFile('publishSingle/p...')
#1 C:\xampp\htdocs\petforyou\system\Common.php(1089): CodeIgniter\View\View->render('publishSingle/p...', Array, true)
#2 C:\xampp\htdocs\petforyou\app\Controllers\View.php(81): view('publishSingle/p...', Array)
#3 C:\xampp\htdocs\petforyou\system\CodeIgniter.php(832): App\Controllers\View->publishSingle_view('2')
#4 C:\xampp\htdocs\petforyou\system\CodeIgniter.php(419): CodeIgniter\CodeIgniter->runController(Object(App\Controllers\View))
#5 C:\xampp\htdocs\petforyou\system\CodeIgniter.php(326): CodeIgniter\CodeIgniter->handleRequest(NULL, Object(Config\Cache), false)
#6 C:\xampp\htdocs\petforyou\public\index.php(37): CodeIgniter\CodeIgniter->run()
#7 {main}
CRITICAL - 2022-04-17 10:59:24 --> Invalid file: publishSingle/publishSingle.php
#0 C:\xampp\htdocs\petforyou\system\View\View.php(198): CodeIgniter\Exceptions\FrameworkException::forInvalidFile('publishSingle/p...')
#1 C:\xampp\htdocs\petforyou\system\Common.php(1089): CodeIgniter\View\View->render('publishSingle/p...', Array, true)
#2 C:\xampp\htdocs\petforyou\app\Controllers\View.php(81): view('publishSingle/p...', Array)
#3 C:\xampp\htdocs\petforyou\system\CodeIgniter.php(832): App\Controllers\View->publishSingle_view('1')
#4 C:\xampp\htdocs\petforyou\system\CodeIgniter.php(419): CodeIgniter\CodeIgniter->runController(Object(App\Controllers\View))
#5 C:\xampp\htdocs\petforyou\system\CodeIgniter.php(326): CodeIgniter\CodeIgniter->handleRequest(NULL, Object(Config\Cache), false)
#6 C:\xampp\htdocs\petforyou\public\index.php(37): CodeIgniter\CodeIgniter->run()
#7 {main}
CRITICAL - 2022-04-17 11:00:00 --> Invalid file: publishSingle/publishSingle.php
#0 C:\xampp\htdocs\petforyou\system\View\View.php(198): CodeIgniter\Exceptions\FrameworkException::forInvalidFile('publishSingle/p...')
#1 C:\xampp\htdocs\petforyou\system\Common.php(1089): CodeIgniter\View\View->render('publishSingle/p...', Array, true)
#2 C:\xampp\htdocs\petforyou\app\Controllers\View.php(81): view('publishSingle/p...', Array)
#3 C:\xampp\htdocs\petforyou\system\CodeIgniter.php(832): App\Controllers\View->publishSingle_view('1')
#4 C:\xampp\htdocs\petforyou\system\CodeIgniter.php(419): CodeIgniter\CodeIgniter->runController(Object(App\Controllers\View))
#5 C:\xampp\htdocs\petforyou\system\CodeIgniter.php(326): CodeIgniter\CodeIgniter->handleRequest(NULL, Object(Config\Cache), false)
#6 C:\xampp\htdocs\petforyou\public\index.php(37): CodeIgniter\CodeIgniter->run()
#7 {main}
CRITICAL - 2022-04-17 11:00:32 --> Argument 2 passed to view() must be of the type array, null given, called in C:\xampp\htdocs\petforyou\app\Controllers\View.php on line 81
#0 C:\xampp\htdocs\petforyou\app\Controllers\View.php(81): view('publishSingle/p...', NULL)
#1 C:\xampp\htdocs\petforyou\system\CodeIgniter.php(832): App\Controllers\View->publishSingle_view('1')
#2 C:\xampp\htdocs\petforyou\system\CodeIgniter.php(419): CodeIgniter\CodeIgniter->runController(Object(App\Controllers\View))
#3 C:\xampp\htdocs\petforyou\system\CodeIgniter.php(326): CodeIgniter\CodeIgniter->handleRequest(NULL, Object(Config\Cache), false)
#4 C:\xampp\htdocs\petforyou\public\index.php(37): CodeIgniter\CodeIgniter->run()
#5 {main}
CRITICAL - 2022-04-17 11:00:32 --> Argument 2 passed to view() must be of the type array, null given, called in C:\xampp\htdocs\petforyou\app\Controllers\View.php on line 81
#0 C:\xampp\htdocs\petforyou\app\Controllers\View.php(81): view('publishSingle/p...', NULL)
#1 C:\xampp\htdocs\petforyou\system\CodeIgniter.php(832): App\Controllers\View->publishSingle_view('1')
#2 C:\xampp\htdocs\petforyou\system\CodeIgniter.php(419): CodeIgniter\CodeIgniter->runController(Object(App\Controllers\View))
#3 C:\xampp\htdocs\petforyou\system\CodeIgniter.php(326): CodeIgniter\CodeIgniter->handleRequest(NULL, Object(Config\Cache), false)
#4 C:\xampp\htdocs\petforyou\public\index.php(37): CodeIgniter\CodeIgniter->run()
#5 {main}
CRITICAL - 2022-04-17 11:00:39 --> Invalid file: publishSingle/publishSingle.php
#0 C:\xampp\htdocs\petforyou\system\View\View.php(198): CodeIgniter\Exceptions\FrameworkException::forInvalidFile('publishSingle/p...')
#1 C:\xampp\htdocs\petforyou\system\Common.php(1089): CodeIgniter\View\View->render('publishSingle/p...', Array, true)
#2 C:\xampp\htdocs\petforyou\app\Controllers\View.php(81): view('publishSingle/p...')
#3 C:\xampp\htdocs\petforyou\system\CodeIgniter.php(832): App\Controllers\View->publishSingle_view('1')
#4 C:\xampp\htdocs\petforyou\system\CodeIgniter.php(419): CodeIgniter\CodeIgniter->runController(Object(App\Controllers\View))
#5 C:\xampp\htdocs\petforyou\system\CodeIgniter.php(326): CodeIgniter\CodeIgniter->handleRequest(NULL, Object(Config\Cache), false)
#6 C:\xampp\htdocs\petforyou\public\index.php(37): CodeIgniter\CodeIgniter->run()
#7 {main}
CRITICAL - 2022-04-17 11:00:40 --> Invalid file: publishSingle/publishSingle.php
#0 C:\xampp\htdocs\petforyou\system\View\View.php(198): CodeIgniter\Exceptions\FrameworkException::forInvalidFile('publishSingle/p...')
#1 C:\xampp\htdocs\petforyou\system\Common.php(1089): CodeIgniter\View\View->render('publishSingle/p...', Array, true)
#2 C:\xampp\htdocs\petforyou\app\Controllers\View.php(81): view('publishSingle/p...')
#3 C:\xampp\htdocs\petforyou\system\CodeIgniter.php(832): App\Controllers\View->publishSingle_view('1')
#4 C:\xampp\htdocs\petforyou\system\CodeIgniter.php(419): CodeIgniter\CodeIgniter->runController(Object(App\Controllers\View))
#5 C:\xampp\htdocs\petforyou\system\CodeIgniter.php(326): CodeIgniter\CodeIgniter->handleRequest(NULL, Object(Config\Cache), false)
#6 C:\xampp\htdocs\petforyou\public\index.php(37): CodeIgniter\CodeIgniter->run()
#7 {main}
CRITICAL - 2022-04-17 11:00:47 --> Invalid file: publishSingle/publishSingle.php
#0 C:\xampp\htdocs\petforyou\system\View\View.php(198): CodeIgniter\Exceptions\FrameworkException::forInvalidFile('publishSingle/p...')
#1 C:\xampp\htdocs\petforyou\system\Common.php(1089): CodeIgniter\View\View->render('publishSingle/p...', Array, true)
#2 C:\xampp\htdocs\petforyou\app\Controllers\View.php(81): view('publishSingle/p...')
#3 C:\xampp\htdocs\petforyou\system\CodeIgniter.php(832): App\Controllers\View->publishSingle_view('2')
#4 C:\xampp\htdocs\petforyou\system\CodeIgniter.php(419): CodeIgniter\CodeIgniter->runController(Object(App\Controllers\View))
#5 C:\xampp\htdocs\petforyou\system\CodeIgniter.php(326): CodeIgniter\CodeIgniter->handleRequest(NULL, Object(Config\Cache), false)
#6 C:\xampp\htdocs\petforyou\public\index.php(37): CodeIgniter\CodeIgniter->run()
#7 {main}
ERROR - 2022-04-17 11:01:23 --> Unknown column 'published_id' in 'where clause'
CRITICAL - 2022-04-17 11:01:23 --> Call to a member function getFirstRow() on bool
#0 C:\xampp\htdocs\petforyou\system\BaseModel.php(622): CodeIgniter\Model->doFirst()
#1 C:\xampp\htdocs\petforyou\app\Models\PublishedCollectModel.php(21): CodeIgniter\BaseModel->first()
#2 C:\xampp\htdocs\petforyou\app\Controllers\View.php(73): App\Models\PublishedCollectModel->isCollect('16', '2')
#3 C:\xampp\htdocs\petforyou\system\CodeIgniter.php(832): App\Controllers\View->publishSingle_view('2')
#4 C:\xampp\htdocs\petforyou\system\CodeIgniter.php(419): CodeIgniter\CodeIgniter->runController(Object(App\Controllers\View))
#5 C:\xampp\htdocs\petforyou\system\CodeIgniter.php(326): CodeIgniter\CodeIgniter->handleRequest(NULL, Object(Config\Cache), false)
#6 C:\xampp\htdocs\petforyou\public\index.php(37): CodeIgniter\CodeIgniter->run()
#7 {main}
CRITICAL - 2022-04-17 11:01:45 --> Invalid file: publishSingle/publishSingle.php
#0 C:\xampp\htdocs\petforyou\system\View\View.php(198): CodeIgniter\Exceptions\FrameworkException::forInvalidFile('publishSingle/p...')
#1 C:\xampp\htdocs\petforyou\system\Common.php(1089): CodeIgniter\View\View->render('publishSingle/p...', Array, true)
#2 C:\xampp\htdocs\petforyou\app\Controllers\View.php(81): view('publishSingle/p...')
#3 C:\xampp\htdocs\petforyou\system\CodeIgniter.php(832): App\Controllers\View->publishSingle_view('2')
#4 C:\xampp\htdocs\petforyou\system\CodeIgniter.php(419): CodeIgniter\CodeIgniter->runController(Object(App\Controllers\View))
#5 C:\xampp\htdocs\petforyou\system\CodeIgniter.php(326): CodeIgniter\CodeIgniter->handleRequest(NULL, Object(Config\Cache), false)
#6 C:\xampp\htdocs\petforyou\public\index.php(37): CodeIgniter\CodeIgniter->run()
#7 {main}
CRITICAL - 2022-04-17 11:01:46 --> Invalid file: publishSingle/publishSingle.php
#0 C:\xampp\htdocs\petforyou\system\View\View.php(198): CodeIgniter\Exceptions\FrameworkException::forInvalidFile('publishSingle/p...')
#1 C:\xampp\htdocs\petforyou\system\Common.php(1089): CodeIgniter\View\View->render('publishSingle/p...', Array, true)
#2 C:\xampp\htdocs\petforyou\app\Controllers\View.php(81): view('publishSingle/p...')
#3 C:\xampp\htdocs\petforyou\system\CodeIgniter.php(832): App\Controllers\View->publishSingle_view('2')
#4 C:\xampp\htdocs\petforyou\system\CodeIgniter.php(419): CodeIgniter\CodeIgniter->runController(Object(App\Controllers\View))
#5 C:\xampp\htdocs\petforyou\system\CodeIgniter.php(326): CodeIgniter\CodeIgniter->handleRequest(NULL, Object(Config\Cache), false)
#6 C:\xampp\htdocs\petforyou\public\index.php(37): CodeIgniter\CodeIgniter->run()
#7 {main}
CRITICAL - 2022-04-17 11:01:48 --> Invalid file: publishSingle/publishSingle.php
#0 C:\xampp\htdocs\petforyou\system\View\View.php(198): CodeIgniter\Exceptions\FrameworkException::forInvalidFile('publishSingle/p...')
#1 C:\xampp\htdocs\petforyou\system\Common.php(1089): CodeIgniter\View\View->render('publishSingle/p...', Array, true)
#2 C:\xampp\htdocs\petforyou\app\Controllers\View.php(81): view('publishSingle/p...')
#3 C:\xampp\htdocs\petforyou\system\CodeIgniter.php(832): App\Controllers\View->publishSingle_view('1')
#4 C:\xampp\htdocs\petforyou\system\CodeIgniter.php(419): CodeIgniter\CodeIgniter->runController(Object(App\Controllers\View))
#5 C:\xampp\htdocs\petforyou\system\CodeIgniter.php(326): CodeIgniter\CodeIgniter->handleRequest(NULL, Object(Config\Cache), false)
#6 C:\xampp\htdocs\petforyou\public\index.php(37): CodeIgniter\CodeIgniter->run()
#7 {main}
CRITICAL - 2022-04-17 11:03:02 --> Invalid file: pet_view/publishSingle_main.php
#0 C:\xampp\htdocs\petforyou\system\View\View.php(198): CodeIgniter\Exceptions\FrameworkException::forInvalidFile('pet_view/publis...')
#1 C:\xampp\htdocs\petforyou\system\View\View.php(424): CodeIgniter\View\View->render('pet_view/publis...', NULL, true)
#2 C:\xampp\htdocs\petforyou\app\Views\publishSingle_view\publishSingle.php(9): CodeIgniter\View\View->include('pet_view/publis...')
#3 C:\xampp\htdocs\petforyou\system\View\View.php(210): include('C:\\xampp\\htdocs...')
#4 C:\xampp\htdocs\petforyou\system\View\View.php(213): CodeIgniter\View\View->CodeIgniter\View\{closure}()
#5 C:\xampp\htdocs\petforyou\system\Common.php(1089): CodeIgniter\View\View->render('publishSingle_v...', Array, true)
#6 C:\xampp\htdocs\petforyou\app\Controllers\View.php(81): view('publishSingle_v...')
#7 C:\xampp\htdocs\petforyou\system\CodeIgniter.php(832): App\Controllers\View->publishSingle_view('1')
#8 C:\xampp\htdocs\petforyou\system\CodeIgniter.php(419): CodeIgniter\CodeIgniter->runController(Object(App\Controllers\View))
#9 C:\xampp\htdocs\petforyou\system\CodeIgniter.php(326): CodeIgniter\CodeIgniter->handleRequest(NULL, Object(Config\Cache), false)
#10 C:\xampp\htdocs\petforyou\public\index.php(37): CodeIgniter\CodeIgniter->run()
#11 {main}
CRITICAL - 2022-04-17 11:03:03 --> Invalid file: pet_view/publishSingle_main.php
#0 C:\xampp\htdocs\petforyou\system\View\View.php(198): CodeIgniter\Exceptions\FrameworkException::forInvalidFile('pet_view/publis...')
#1 C:\xampp\htdocs\petforyou\system\View\View.php(424): CodeIgniter\View\View->render('pet_view/publis...', NULL, true)
#2 C:\xampp\htdocs\petforyou\app\Views\publishSingle_view\publishSingle.php(9): CodeIgniter\View\View->include('pet_view/publis...')
#3 C:\xampp\htdocs\petforyou\system\View\View.php(210): include('C:\\xampp\\htdocs...')
#4 C:\xampp\htdocs\petforyou\system\View\View.php(213): CodeIgniter\View\View->CodeIgniter\View\{closure}()
#5 C:\xampp\htdocs\petforyou\system\Common.php(1089): CodeIgniter\View\View->render('publishSingle_v...', Array, true)
#6 C:\xampp\htdocs\petforyou\app\Controllers\View.php(81): view('publishSingle_v...')
#7 C:\xampp\htdocs\petforyou\system\CodeIgniter.php(832): App\Controllers\View->publishSingle_view('1')
#8 C:\xampp\htdocs\petforyou\system\CodeIgniter.php(419): CodeIgniter\CodeIgniter->runController(Object(App\Controllers\View))
#9 C:\xampp\htdocs\petforyou\system\CodeIgniter.php(326): CodeIgniter\CodeIgniter->handleRequest(NULL, Object(Config\Cache), false)
#10 C:\xampp\htdocs\petforyou\public\index.php(37): CodeIgniter\CodeIgniter->run()
#11 {main}
CRITICAL - 2022-04-17 11:03:04 --> Invalid file: pet_view/publishSingle_main.php
#0 C:\xampp\htdocs\petforyou\system\View\View.php(198): CodeIgniter\Exceptions\FrameworkException::forInvalidFile('pet_view/publis...')
#1 C:\xampp\htdocs\petforyou\system\View\View.php(424): CodeIgniter\View\View->render('pet_view/publis...', NULL, true)
#2 C:\xampp\htdocs\petforyou\app\Views\publishSingle_view\publishSingle.php(9): CodeIgniter\View\View->include('pet_view/publis...')
#3 C:\xampp\htdocs\petforyou\system\View\View.php(210): include('C:\\xampp\\htdocs...')
#4 C:\xampp\htdocs\petforyou\system\View\View.php(213): CodeIgniter\View\View->CodeIgniter\View\{closure}()
#5 C:\xampp\htdocs\petforyou\system\Common.php(1089): CodeIgniter\View\View->render('publishSingle_v...', Array, true)
#6 C:\xampp\htdocs\petforyou\app\Controllers\View.php(81): view('publishSingle_v...')
#7 C:\xampp\htdocs\petforyou\system\CodeIgniter.php(832): App\Controllers\View->publishSingle_view('1')
#8 C:\xampp\htdocs\petforyou\system\CodeIgniter.php(419): CodeIgniter\CodeIgniter->runController(Object(App\Controllers\View))
#9 C:\xampp\htdocs\petforyou\system\CodeIgniter.php(326): CodeIgniter\CodeIgniter->handleRequest(NULL, Object(Config\Cache), false)
#10 C:\xampp\htdocs\petforyou\public\index.php(37): CodeIgniter\CodeIgniter->run()
#11 {main}
CRITICAL - 2022-04-17 11:03:08 --> Invalid file: pet_view/publishSingle_main.php
#0 C:\xampp\htdocs\petforyou\system\View\View.php(198): CodeIgniter\Exceptions\FrameworkException::forInvalidFile('pet_view/publis...')
#1 C:\xampp\htdocs\petforyou\system\View\View.php(424): CodeIgniter\View\View->render('pet_view/publis...', NULL, true)
#2 C:\xampp\htdocs\petforyou\app\Views\publishSingle_view\publishSingle.php(9): CodeIgniter\View\View->include('pet_view/publis...')
#3 C:\xampp\htdocs\petforyou\system\View\View.php(210): include('C:\\xampp\\htdocs...')
#4 C:\xampp\htdocs\petforyou\system\View\View.php(213): CodeIgniter\View\View->CodeIgniter\View\{closure}()
#5 C:\xampp\htdocs\petforyou\system\Common.php(1089): CodeIgniter\View\View->render('publishSingle_v...', Array, true)
#6 C:\xampp\htdocs\petforyou\app\Controllers\View.php(81): view('publishSingle_v...')
#7 C:\xampp\htdocs\petforyou\system\CodeIgniter.php(832): App\Controllers\View->publishSingle_view('1')
#8 C:\xampp\htdocs\petforyou\system\CodeIgniter.php(419): CodeIgniter\CodeIgniter->runController(Object(App\Controllers\View))
#9 C:\xampp\htdocs\petforyou\system\CodeIgniter.php(326): CodeIgniter\CodeIgniter->handleRequest(NULL, Object(Config\Cache), false)
#10 C:\xampp\htdocs\petforyou\public\index.php(37): CodeIgniter\CodeIgniter->run()
#11 {main}
CRITICAL - 2022-04-17 11:03:38 --> Invalid argument supplied for foreach()
#0 C:\xampp\htdocs\petforyou\app\Views\publish_view\publish_all.php(2): CodeIgniter\Debug\Exceptions->errorHandler(2, 'Invalid argumen...', 'C:\\xampp\\htdocs...', 2, Array)
#1 C:\xampp\htdocs\petforyou\system\View\View.php(210): include('C:\\xampp\\htdocs...')
#2 C:\xampp\htdocs\petforyou\system\View\View.php(213): CodeIgniter\View\View->CodeIgniter\View\{closure}()
#3 C:\xampp\htdocs\petforyou\system\View\View.php(424): CodeIgniter\View\View->render('publish_view/pu...', NULL, true)
#4 C:\xampp\htdocs\petforyou\app\Views\publish_view\publish_main.php(107): CodeIgniter\View\View->include('publish_view/pu...')
#5 C:\xampp\htdocs\petforyou\system\View\View.php(210): include('C:\\xampp\\htdocs...')
#6 C:\xampp\htdocs\petforyou\system\View\View.php(213): CodeIgniter\View\View->CodeIgniter\View\{closure}()
#7 C:\xampp\htdocs\petforyou\system\View\View.php(424): CodeIgniter\View\View->render('publish_view/pu...', NULL, true)
#8 C:\xampp\htdocs\petforyou\app\Views\publish_view\publish.php(25): CodeIgniter\View\View->include('publish_view/pu...')
#9 C:\xampp\htdocs\petforyou\system\View\View.php(210): include('C:\\xampp\\htdocs...')
#10 C:\xampp\htdocs\petforyou\system\View\View.php(213): CodeIgniter\View\View->CodeIgniter\View\{closure}()
#11 C:\xampp\htdocs\petforyou\system\Common.php(1089): CodeIgniter\View\View->render('publish_view/pu...', Array, true)
#12 C:\xampp\htdocs\petforyou\app\Controllers\View.php(81): view('publish_view/pu...')
#13 C:\xampp\htdocs\petforyou\system\CodeIgniter.php(832): App\Controllers\View->publishSingle_view('1')
#14 C:\xampp\htdocs\petforyou\system\CodeIgniter.php(419): CodeIgniter\CodeIgniter->runController(Object(App\Controllers\View))
#15 C:\xampp\htdocs\petforyou\system\CodeIgniter.php(326): CodeIgniter\CodeIgniter->handleRequest(NULL, Object(Config\Cache), false)
#16 C:\xampp\htdocs\petforyou\public\index.php(37): CodeIgniter\CodeIgniter->run()
#17 {main}
CRITICAL - 2022-04-17 11:03:49 --> Invalid file: pet_view/publishSingle_main.php
#0 C:\xampp\htdocs\petforyou\system\View\View.php(198): CodeIgniter\Exceptions\FrameworkException::forInvalidFile('pet_view/publis...')
#1 C:\xampp\htdocs\petforyou\system\View\View.php(424): CodeIgniter\View\View->render('pet_view/publis...', NULL, true)
#2 C:\xampp\htdocs\petforyou\app\Views\publishSingle_view\publishSingle.php(9): CodeIgniter\View\View->include('pet_view/publis...')
#3 C:\xampp\htdocs\petforyou\system\View\View.php(210): include('C:\\xampp\\htdocs...')
#4 C:\xampp\htdocs\petforyou\system\View\View.php(213): CodeIgniter\View\View->CodeIgniter\View\{closure}()
#5 C:\xampp\htdocs\petforyou\system\Common.php(1089): CodeIgniter\View\View->render('publishSingle_v...', Array, true)
#6 C:\xampp\htdocs\petforyou\app\Controllers\View.php(81): view('publishSingle_v...')
#7 C:\xampp\htdocs\petforyou\system\CodeIgniter.php(832): App\Controllers\View->publishSingle_view('1')
#8 C:\xampp\htdocs\petforyou\system\CodeIgniter.php(419): CodeIgniter\CodeIgniter->runController(Object(App\Controllers\View))
#9 C:\xampp\htdocs\petforyou\system\CodeIgniter.php(326): CodeIgniter\CodeIgniter->handleRequest(NULL, Object(Config\Cache), false)
#10 C:\xampp\htdocs\petforyou\public\index.php(37): CodeIgniter\CodeIgniter->run()
#11 {main}
ERROR - 2022-04-17 11:05:07 --> Unknown column 'published_id' in 'where clause'
CRITICAL - 2022-04-17 11:05:07 --> Call to a member function getFirstRow() on bool
#0 C:\xampp\htdocs\petforyou\system\BaseModel.php(622): CodeIgniter\Model->doFirst()
#1 C:\xampp\htdocs\petforyou\app\Models\PublishedCollectModel.php(21): CodeIgniter\BaseModel->first()
#2 C:\xampp\htdocs\petforyou\app\Controllers\View.php(73): App\Models\PublishedCollectModel->isCollect('16', '1')
#3 C:\xampp\htdocs\petforyou\system\CodeIgniter.php(832): App\Controllers\View->publishSingle_view('1')
#4 C:\xampp\htdocs\petforyou\system\CodeIgniter.php(419): CodeIgniter\CodeIgniter->runController(Object(App\Controllers\View))
#5 C:\xampp\htdocs\petforyou\system\CodeIgniter.php(326): CodeIgniter\CodeIgniter->handleRequest(NULL, Object(Config\Cache), false)
#6 C:\xampp\htdocs\petforyou\public\index.php(37): CodeIgniter\CodeIgniter->run()
#7 {main}
