CRITICAL - 2022-04-02 06:33:38 --> Argument 1 passed to _get_uri() must be of the type string, null given, called in C:\xampp\htdocs\petforyou\system\Helpers\url_helper.php on line 87
#0 C:\xampp\htdocs\petforyou\system\Helpers\url_helper.php(87): _get_uri(NULL, Object(Config\App))
#1 C:\xampp\htdocs\petforyou\system\Helpers\url_helper.php(106): site_url(NULL, NULL, Object(Config\App))
#2 C:\xampp\htdocs\petforyou\app\Views\pet_view\pet_main.php(23): base_url(NULL)
#3 C:\xampp\htdocs\petforyou\system\View\View.php(210): include('C:\\xampp\\htdocs...')
#4 C:\xampp\htdocs\petforyou\system\View\View.php(213): CodeIgniter\View\View->CodeIgniter\View\{closure}()
#5 C:\xampp\htdocs\petforyou\system\View\View.php(424): CodeIgniter\View\View->render('pet_view/pet_ma...', NULL, true)
#6 C:\xampp\htdocs\petforyou\app\Views\pet_view\pet.php(9): CodeIgniter\View\View->include('pet_view/pet_ma...')
#7 C:\xampp\htdocs\petforyou\system\View\View.php(210): include('C:\\xampp\\htdocs...')
#8 C:\xampp\htdocs\petforyou\system\View\View.php(213): CodeIgniter\View\View->CodeIgniter\View\{closure}()
#9 C:\xampp\htdocs\petforyou\system\Common.php(1089): CodeIgniter\View\View->render('pet_view/pet', Array, true)
#10 C:\xampp\htdocs\petforyou\app\Controllers\View.php(52): view('pet_view/pet', Array)
#11 C:\xampp\htdocs\petforyou\system\CodeIgniter.php(832): App\Controllers\View->pet_view('154')
#12 C:\xampp\htdocs\petforyou\system\CodeIgniter.php(419): CodeIgniter\CodeIgniter->runController(Object(App\Controllers\View))
#13 C:\xampp\htdocs\petforyou\system\CodeIgniter.php(326): CodeIgniter\CodeIgniter->handleRequest(NULL, Object(Config\Cache), false)
#14 C:\xampp\htdocs\petforyou\public\index.php(37): CodeIgniter\CodeIgniter->run()
#15 {main}
CRITICAL - 2022-04-02 12:52:42 --> Call to undefined method App\Models\ColletModel::findaAll
#0 C:\xampp\htdocs\petforyou\app\Controllers\ColletController.php(45): CodeIgniter\Model->__call('findaAll', Array)
#1 C:\xampp\htdocs\petforyou\system\CodeIgniter.php(832): App\Controllers\ColletController->selectPetCollet()
#2 C:\xampp\htdocs\petforyou\system\CodeIgniter.php(419): CodeIgniter\CodeIgniter->runController(Object(App\Controllers\ColletController))
#3 C:\xampp\htdocs\petforyou\system\CodeIgniter.php(326): CodeIgniter\CodeIgniter->handleRequest(NULL, Object(Config\Cache), false)
#4 C:\xampp\htdocs\petforyou\public\index.php(37): CodeIgniter\CodeIgniter->run()
#5 {main}
CRITICAL - 2022-04-02 12:53:09 --> Call to undefined method App\Models\ColletModel::findaAll
#0 C:\xampp\htdocs\petforyou\app\Controllers\ColletController.php(45): CodeIgniter\Model->__call('findaAll', Array)
#1 C:\xampp\htdocs\petforyou\system\CodeIgniter.php(832): App\Controllers\ColletController->selectPetCollet()
#2 C:\xampp\htdocs\petforyou\system\CodeIgniter.php(419): CodeIgniter\CodeIgniter->runController(Object(App\Controllers\ColletController))
#3 C:\xampp\htdocs\petforyou\system\CodeIgniter.php(326): CodeIgniter\CodeIgniter->handleRequest(NULL, Object(Config\Cache), false)
#4 C:\xampp\htdocs\petforyou\public\index.php(37): CodeIgniter\CodeIgniter->run()
#5 {main}
CRITICAL - 2022-04-02 12:53:49 --> Call to undefined method App\Models\ColletModel::findaAll
#0 C:\xampp\htdocs\petforyou\app\Controllers\ColletController.php(46): CodeIgniter\Model->__call('findaAll', Array)
#1 C:\xampp\htdocs\petforyou\system\CodeIgniter.php(832): App\Controllers\ColletController->selectPetCollet()
#2 C:\xampp\htdocs\petforyou\system\CodeIgniter.php(419): CodeIgniter\CodeIgniter->runController(Object(App\Controllers\ColletController))
#3 C:\xampp\htdocs\petforyou\system\CodeIgniter.php(326): CodeIgniter\CodeIgniter->handleRequest(NULL, Object(Config\Cache), false)
#4 C:\xampp\htdocs\petforyou\public\index.php(37): CodeIgniter\CodeIgniter->run()
#5 {main}
CRITICAL - 2022-04-02 12:53:50 --> Call to undefined method App\Models\ColletModel::findaAll
#0 C:\xampp\htdocs\petforyou\app\Controllers\ColletController.php(46): CodeIgniter\Model->__call('findaAll', Array)
#1 C:\xampp\htdocs\petforyou\system\CodeIgniter.php(832): App\Controllers\ColletController->selectPetCollet()
#2 C:\xampp\htdocs\petforyou\system\CodeIgniter.php(419): CodeIgniter\CodeIgniter->runController(Object(App\Controllers\ColletController))
#3 C:\xampp\htdocs\petforyou\system\CodeIgniter.php(326): CodeIgniter\CodeIgniter->handleRequest(NULL, Object(Config\Cache), false)
#4 C:\xampp\htdocs\petforyou\public\index.php(37): CodeIgniter\CodeIgniter->run()
#5 {main}
CRITICAL - 2022-04-02 12:53:50 --> Call to undefined method App\Models\ColletModel::findaAll
#0 C:\xampp\htdocs\petforyou\app\Controllers\ColletController.php(46): CodeIgniter\Model->__call('findaAll', Array)
#1 C:\xampp\htdocs\petforyou\system\CodeIgniter.php(832): App\Controllers\ColletController->selectPetCollet()
#2 C:\xampp\htdocs\petforyou\system\CodeIgniter.php(419): CodeIgniter\CodeIgniter->runController(Object(App\Controllers\ColletController))
#3 C:\xampp\htdocs\petforyou\system\CodeIgniter.php(326): CodeIgniter\CodeIgniter->handleRequest(NULL, Object(Config\Cache), false)
#4 C:\xampp\htdocs\petforyou\public\index.php(37): CodeIgniter\CodeIgniter->run()
#5 {main}
CRITICAL - 2022-04-02 12:54:10 --> Call to undefined method App\Models\ColletModel::findaAll
#0 C:\xampp\htdocs\petforyou\app\Controllers\ColletController.php(45): CodeIgniter\Model->__call('findaAll', Array)
#1 C:\xampp\htdocs\petforyou\system\CodeIgniter.php(832): App\Controllers\ColletController->selectPetCollet()
#2 C:\xampp\htdocs\petforyou\system\CodeIgniter.php(419): CodeIgniter\CodeIgniter->runController(Object(App\Controllers\ColletController))
#3 C:\xampp\htdocs\petforyou\system\CodeIgniter.php(326): CodeIgniter\CodeIgniter->handleRequest(NULL, Object(Config\Cache), false)
#4 C:\xampp\htdocs\petforyou\public\index.php(37): CodeIgniter\CodeIgniter->run()
#5 {main}
CRITICAL - 2022-04-02 12:54:11 --> Call to undefined method App\Models\ColletModel::findaAll
#0 C:\xampp\htdocs\petforyou\app\Controllers\ColletController.php(45): CodeIgniter\Model->__call('findaAll', Array)
#1 C:\xampp\htdocs\petforyou\system\CodeIgniter.php(832): App\Controllers\ColletController->selectPetCollet()
#2 C:\xampp\htdocs\petforyou\system\CodeIgniter.php(419): CodeIgniter\CodeIgniter->runController(Object(App\Controllers\ColletController))
#3 C:\xampp\htdocs\petforyou\system\CodeIgniter.php(326): CodeIgniter\CodeIgniter->handleRequest(NULL, Object(Config\Cache), false)
#4 C:\xampp\htdocs\petforyou\public\index.php(37): CodeIgniter\CodeIgniter->run()
#5 {main}
CRITICAL - 2022-04-02 12:54:11 --> Call to undefined method App\Models\ColletModel::findaAll
#0 C:\xampp\htdocs\petforyou\app\Controllers\ColletController.php(45): CodeIgniter\Model->__call('findaAll', Array)
#1 C:\xampp\htdocs\petforyou\system\CodeIgniter.php(832): App\Controllers\ColletController->selectPetCollet()
#2 C:\xampp\htdocs\petforyou\system\CodeIgniter.php(419): CodeIgniter\CodeIgniter->runController(Object(App\Controllers\ColletController))
#3 C:\xampp\htdocs\petforyou\system\CodeIgniter.php(326): CodeIgniter\CodeIgniter->handleRequest(NULL, Object(Config\Cache), false)
#4 C:\xampp\htdocs\petforyou\public\index.php(37): CodeIgniter\CodeIgniter->run()
#5 {main}
CRITICAL - 2022-04-02 12:54:36 --> Call to undefined method App\Models\ColletModel::findaAll
#0 C:\xampp\htdocs\petforyou\app\Controllers\ColletController.php(45): CodeIgniter\Model->__call('findaAll', Array)
#1 C:\xampp\htdocs\petforyou\system\CodeIgniter.php(832): App\Controllers\ColletController->selectPetCollet()
#2 C:\xampp\htdocs\petforyou\system\CodeIgniter.php(419): CodeIgniter\CodeIgniter->runController(Object(App\Controllers\ColletController))
#3 C:\xampp\htdocs\petforyou\system\CodeIgniter.php(326): CodeIgniter\CodeIgniter->handleRequest(NULL, Object(Config\Cache), false)
#4 C:\xampp\htdocs\petforyou\public\index.php(37): CodeIgniter\CodeIgniter->run()
#5 {main}
CRITICAL - 2022-04-02 12:55:31 --> Call to undefined method App\Models\ColletModel::findaAll
#0 C:\xampp\htdocs\petforyou\app\Controllers\ColletController.php(45): CodeIgniter\Model->__call('findaAll', Array)
#1 C:\xampp\htdocs\petforyou\system\CodeIgniter.php(832): App\Controllers\ColletController->selectPetCollet()
#2 C:\xampp\htdocs\petforyou\system\CodeIgniter.php(419): CodeIgniter\CodeIgniter->runController(Object(App\Controllers\ColletController))
#3 C:\xampp\htdocs\petforyou\system\CodeIgniter.php(326): CodeIgniter\CodeIgniter->handleRequest(NULL, Object(Config\Cache), false)
#4 C:\xampp\htdocs\petforyou\public\index.php(37): CodeIgniter\CodeIgniter->run()
#5 {main}
CRITICAL - 2022-04-02 12:56:26 --> Call to undefined method App\Models\ColletModel::findaAll
#0 C:\xampp\htdocs\petforyou\app\Controllers\ColletController.php(45): CodeIgniter\Model->__call('findaAll', Array)
#1 C:\xampp\htdocs\petforyou\system\CodeIgniter.php(832): App\Controllers\ColletController->selectPetCollet()
#2 C:\xampp\htdocs\petforyou\system\CodeIgniter.php(419): CodeIgniter\CodeIgniter->runController(Object(App\Controllers\ColletController))
#3 C:\xampp\htdocs\petforyou\system\CodeIgniter.php(326): CodeIgniter\CodeIgniter->handleRequest(NULL, Object(Config\Cache), false)
#4 C:\xampp\htdocs\petforyou\public\index.php(37): CodeIgniter\CodeIgniter->run()
#5 {main}
CRITICAL - 2022-04-02 12:56:27 --> Call to undefined method App\Models\ColletModel::findaAll
#0 C:\xampp\htdocs\petforyou\app\Controllers\ColletController.php(45): CodeIgniter\Model->__call('findaAll', Array)
#1 C:\xampp\htdocs\petforyou\system\CodeIgniter.php(832): App\Controllers\ColletController->selectPetCollet()
#2 C:\xampp\htdocs\petforyou\system\CodeIgniter.php(419): CodeIgniter\CodeIgniter->runController(Object(App\Controllers\ColletController))
#3 C:\xampp\htdocs\petforyou\system\CodeIgniter.php(326): CodeIgniter\CodeIgniter->handleRequest(NULL, Object(Config\Cache), false)
#4 C:\xampp\htdocs\petforyou\public\index.php(37): CodeIgniter\CodeIgniter->run()
#5 {main}
CRITICAL - 2022-04-02 12:56:33 --> Call to undefined method App\Models\ColletModel::findaAll
#0 C:\xampp\htdocs\petforyou\app\Controllers\ColletController.php(45): CodeIgniter\Model->__call('findaAll', Array)
#1 C:\xampp\htdocs\petforyou\system\CodeIgniter.php(832): App\Controllers\ColletController->selectPetCollet()
#2 C:\xampp\htdocs\petforyou\system\CodeIgniter.php(419): CodeIgniter\CodeIgniter->runController(Object(App\Controllers\ColletController))
#3 C:\xampp\htdocs\petforyou\system\CodeIgniter.php(326): CodeIgniter\CodeIgniter->handleRequest(NULL, Object(Config\Cache), false)
#4 C:\xampp\htdocs\petforyou\public\index.php(37): CodeIgniter\CodeIgniter->run()
#5 {main}
CRITICAL - 2022-04-02 13:28:18 --> Call to a member function get() on array
#0 C:\xampp\htdocs\petforyou\system\CodeIgniter.php(832): App\Controllers\ColletController->deletePetCollet()
#1 C:\xampp\htdocs\petforyou\system\CodeIgniter.php(419): CodeIgniter\CodeIgniter->runController(Object(App\Controllers\ColletController))
#2 C:\xampp\htdocs\petforyou\system\CodeIgniter.php(326): CodeIgniter\CodeIgniter->handleRequest(NULL, Object(Config\Cache), false)
#3 C:\xampp\htdocs\petforyou\public\index.php(37): CodeIgniter\CodeIgniter->run()
#4 {main}
CRITICAL - 2022-04-02 13:28:31 --> syntax error, unexpected 'if' (T_IF)
#0 C:\xampp\htdocs\petforyou\system\Autoloader\Autoloader.php(241): CodeIgniter\Autoloader\Autoloader->includeFile('C:\\xampp\\htdocs...')
#1 C:\xampp\htdocs\petforyou\system\Autoloader\Autoloader.php(219): CodeIgniter\Autoloader\Autoloader->loadInNamespace('App\\Controllers...')
#2 [internal function]: CodeIgniter\Autoloader\Autoloader->loadClass('App\\Controllers...')
#3 [internal function]: spl_autoload_call('App\\Controllers...')
#4 C:\xampp\htdocs\petforyou\system\CodeIgniter.php(797): class_exists('\\App\\Controller...', true)
#5 C:\xampp\htdocs\petforyou\system\CodeIgniter.php(406): CodeIgniter\CodeIgniter->startController()
#6 C:\xampp\htdocs\petforyou\system\CodeIgniter.php(326): CodeIgniter\CodeIgniter->handleRequest(NULL, Object(Config\Cache), false)
#7 C:\xampp\htdocs\petforyou\public\index.php(37): CodeIgniter\CodeIgniter->run()
#8 {main}
CRITICAL - 2022-04-02 13:37:29 --> The original file is not a valid file.
#0 C:\xampp\htdocs\petforyou\system\HTTP\Files\UploadedFile.php(137): CodeIgniter\HTTP\Exceptions\HTTPException::forInvalidFile()
#1 C:\xampp\htdocs\petforyou\app\Controllers\PublishedController.php(39): CodeIgniter\HTTP\Files\UploadedFile->move('image/', '1648924650.')
#2 C:\xampp\htdocs\petforyou\system\CodeIgniter.php(832): App\Controllers\PublishedController->createPublish()
#3 C:\xampp\htdocs\petforyou\system\CodeIgniter.php(419): CodeIgniter\CodeIgniter->runController(Object(App\Controllers\PublishedController))
#4 C:\xampp\htdocs\petforyou\system\CodeIgniter.php(326): CodeIgniter\CodeIgniter->handleRequest(NULL, Object(Config\Cache), false)
#5 C:\xampp\htdocs\petforyou\public\index.php(37): CodeIgniter\CodeIgniter->run()
#6 {main}
