CRITICAL - 2022-03-26 11:58:53 --> include(): http:// wrapper is disabled in the server configuration by allow_url_include=0
#0 C:\xampp\htdocs\petforyou\app\Views\home_view\home.php(488): CodeIgniter\Debug\Exceptions->errorHandler(2, 'include(): http...', 'C:\\xampp\\htdocs...', 488, Array)
#1 C:\xampp\htdocs\petforyou\app\Views\home_view\home.php(488): include()
#2 C:\xampp\htdocs\petforyou\system\View\View.php(210): include('C:\\xampp\\htdocs...')
#3 C:\xampp\htdocs\petforyou\system\View\View.php(213): CodeIgniter\View\View->CodeIgniter\View\{closure}()
#4 C:\xampp\htdocs\petforyou\system\Common.php(1089): CodeIgniter\View\View->render('home_view/home....', Array, true)
#5 C:\xampp\htdocs\petforyou\app\Controllers\Home.php(13): view('home_view/home....')
#6 C:\xampp\htdocs\petforyou\system\CodeIgniter.php(832): App\Controllers\Home->getValue()
#7 C:\xampp\htdocs\petforyou\system\CodeIgniter.php(419): CodeIgniter\CodeIgniter->runController(Object(App\Controllers\Home))
#8 C:\xampp\htdocs\petforyou\system\CodeIgniter.php(326): CodeIgniter\CodeIgniter->handleRequest(NULL, Object(Config\Cache), false)
#9 C:\xampp\htdocs\petforyou\public\index.php(37): CodeIgniter\CodeIgniter->run()
#10 {main}
CRITICAL - 2022-03-26 11:59:40 --> include(): http:// wrapper is disabled in the server configuration by allow_url_include=0
#0 C:\xampp\htdocs\petforyou\app\Views\home_view\home.php(488): CodeIgniter\Debug\Exceptions->errorHandler(2, 'include(): http...', 'C:\\xampp\\htdocs...', 488, Array)
#1 C:\xampp\htdocs\petforyou\app\Views\home_view\home.php(488): include()
#2 C:\xampp\htdocs\petforyou\system\View\View.php(210): include('C:\\xampp\\htdocs...')
#3 C:\xampp\htdocs\petforyou\system\View\View.php(213): CodeIgniter\View\View->CodeIgniter\View\{closure}()
#4 C:\xampp\htdocs\petforyou\system\Common.php(1089): CodeIgniter\View\View->render('home_view/home....', Array, true)
#5 C:\xampp\htdocs\petforyou\app\Controllers\Home.php(13): view('home_view/home....')
#6 C:\xampp\htdocs\petforyou\system\CodeIgniter.php(832): App\Controllers\Home->getValue()
#7 C:\xampp\htdocs\petforyou\system\CodeIgniter.php(419): CodeIgniter\CodeIgniter->runController(Object(App\Controllers\Home))
#8 C:\xampp\htdocs\petforyou\system\CodeIgniter.php(326): CodeIgniter\CodeIgniter->handleRequest(NULL, Object(Config\Cache), false)
#9 C:\xampp\htdocs\petforyou\public\index.php(37): CodeIgniter\CodeIgniter->run()
#10 {main}
CRITICAL - 2022-03-26 12:01:15 --> Call to a member function view() on null
#0 C:\xampp\htdocs\petforyou\system\View\View.php(210): include()
#1 C:\xampp\htdocs\petforyou\system\View\View.php(213): CodeIgniter\View\View->CodeIgniter\View\{closure}()
#2 C:\xampp\htdocs\petforyou\system\Common.php(1089): CodeIgniter\View\View->render('home_view/home....', Array, true)
#3 C:\xampp\htdocs\petforyou\app\Controllers\Home.php(13): view('home_view/home....')
#4 C:\xampp\htdocs\petforyou\system\CodeIgniter.php(832): App\Controllers\Home->getValue()
#5 C:\xampp\htdocs\petforyou\system\CodeIgniter.php(419): CodeIgniter\CodeIgniter->runController(Object(App\Controllers\Home))
#6 C:\xampp\htdocs\petforyou\system\CodeIgniter.php(326): CodeIgniter\CodeIgniter->handleRequest(NULL, Object(Config\Cache), false)
#7 C:\xampp\htdocs\petforyou\public\index.php(37): CodeIgniter\CodeIgniter->run()
#8 {main}
CRITICAL - 2022-03-26 12:01:16 --> Call to a member function view() on null
#0 C:\xampp\htdocs\petforyou\system\View\View.php(210): include()
#1 C:\xampp\htdocs\petforyou\system\View\View.php(213): CodeIgniter\View\View->CodeIgniter\View\{closure}()
#2 C:\xampp\htdocs\petforyou\system\Common.php(1089): CodeIgniter\View\View->render('home_view/home....', Array, true)
#3 C:\xampp\htdocs\petforyou\app\Controllers\Home.php(13): view('home_view/home....')
#4 C:\xampp\htdocs\petforyou\system\CodeIgniter.php(832): App\Controllers\Home->getValue()
#5 C:\xampp\htdocs\petforyou\system\CodeIgniter.php(419): CodeIgniter\CodeIgniter->runController(Object(App\Controllers\Home))
#6 C:\xampp\htdocs\petforyou\system\CodeIgniter.php(326): CodeIgniter\CodeIgniter->handleRequest(NULL, Object(Config\Cache), false)
#7 C:\xampp\htdocs\petforyou\public\index.php(37): CodeIgniter\CodeIgniter->run()
#8 {main}
CRITICAL - 2022-03-26 12:10:27 --> Call to undefined function script_tag()
#0 C:\xampp\htdocs\petforyou\system\View\View.php(210): include()
#1 C:\xampp\htdocs\petforyou\system\View\View.php(213): CodeIgniter\View\View->CodeIgniter\View\{closure}()
#2 C:\xampp\htdocs\petforyou\system\Common.php(1089): CodeIgniter\View\View->render('home_view/js', Array, true)
#3 C:\xampp\htdocs\petforyou\app\Views\home_view\home.php(488): view('home_view/js')
#4 C:\xampp\htdocs\petforyou\system\View\View.php(210): include('C:\\xampp\\htdocs...')
#5 C:\xampp\htdocs\petforyou\system\View\View.php(213): CodeIgniter\View\View->CodeIgniter\View\{closure}()
#6 C:\xampp\htdocs\petforyou\system\Common.php(1089): CodeIgniter\View\View->render('home_view/home....', Array, true)
#7 C:\xampp\htdocs\petforyou\app\Controllers\Home.php(13): view('home_view/home....')
#8 C:\xampp\htdocs\petforyou\system\CodeIgniter.php(832): App\Controllers\Home->getValue()
#9 C:\xampp\htdocs\petforyou\system\CodeIgniter.php(419): CodeIgniter\CodeIgniter->runController(Object(App\Controllers\Home))
#10 C:\xampp\htdocs\petforyou\system\CodeIgniter.php(326): CodeIgniter\CodeIgniter->handleRequest(NULL, Object(Config\Cache), false)
#11 C:\xampp\htdocs\petforyou\public\index.php(37): CodeIgniter\CodeIgniter->run()
#12 {main}
CRITICAL - 2022-03-26 12:10:44 --> Call to undefined function script_tag()
#0 C:\xampp\htdocs\petforyou\system\View\View.php(210): include()
#1 C:\xampp\htdocs\petforyou\system\View\View.php(213): CodeIgniter\View\View->CodeIgniter\View\{closure}()
#2 C:\xampp\htdocs\petforyou\system\Common.php(1089): CodeIgniter\View\View->render('home_view/js', Array, true)
#3 C:\xampp\htdocs\petforyou\app\Views\home_view\home.php(488): view('home_view/js')
#4 C:\xampp\htdocs\petforyou\system\View\View.php(210): include('C:\\xampp\\htdocs...')
#5 C:\xampp\htdocs\petforyou\system\View\View.php(213): CodeIgniter\View\View->CodeIgniter\View\{closure}()
#6 C:\xampp\htdocs\petforyou\system\Common.php(1089): CodeIgniter\View\View->render('home_view/home....', Array, true)
#7 C:\xampp\htdocs\petforyou\app\Controllers\Home.php(13): view('home_view/home....')
#8 C:\xampp\htdocs\petforyou\system\CodeIgniter.php(832): App\Controllers\Home->getValue()
#9 C:\xampp\htdocs\petforyou\system\CodeIgniter.php(419): CodeIgniter\CodeIgniter->runController(Object(App\Controllers\Home))
#10 C:\xampp\htdocs\petforyou\system\CodeIgniter.php(326): CodeIgniter\CodeIgniter->handleRequest(NULL, Object(Config\Cache), false)
#11 C:\xampp\htdocs\petforyou\public\index.php(37): CodeIgniter\CodeIgniter->run()
#12 {main}
CRITICAL - 2022-03-26 12:10:47 --> Call to undefined function script_tag()
#0 C:\xampp\htdocs\petforyou\system\View\View.php(210): include()
#1 C:\xampp\htdocs\petforyou\system\View\View.php(213): CodeIgniter\View\View->CodeIgniter\View\{closure}()
#2 C:\xampp\htdocs\petforyou\system\Common.php(1089): CodeIgniter\View\View->render('home_view/js', Array, true)
#3 C:\xampp\htdocs\petforyou\app\Views\home_view\home.php(488): view('home_view/js')
#4 C:\xampp\htdocs\petforyou\system\View\View.php(210): include('C:\\xampp\\htdocs...')
#5 C:\xampp\htdocs\petforyou\system\View\View.php(213): CodeIgniter\View\View->CodeIgniter\View\{closure}()
#6 C:\xampp\htdocs\petforyou\system\Common.php(1089): CodeIgniter\View\View->render('home_view/home....', Array, true)
#7 C:\xampp\htdocs\petforyou\app\Controllers\Home.php(13): view('home_view/home....')
#8 C:\xampp\htdocs\petforyou\system\CodeIgniter.php(832): App\Controllers\Home->getValue()
#9 C:\xampp\htdocs\petforyou\system\CodeIgniter.php(419): CodeIgniter\CodeIgniter->runController(Object(App\Controllers\Home))
#10 C:\xampp\htdocs\petforyou\system\CodeIgniter.php(326): CodeIgniter\CodeIgniter->handleRequest(NULL, Object(Config\Cache), false)
#11 C:\xampp\htdocs\petforyou\public\index.php(37): CodeIgniter\CodeIgniter->run()
#12 {main}
CRITICAL - 2022-03-26 12:11:07 --> Call to undefined function script_tag()
#0 C:\xampp\htdocs\petforyou\system\View\View.php(210): include()
#1 C:\xampp\htdocs\petforyou\system\View\View.php(213): CodeIgniter\View\View->CodeIgniter\View\{closure}()
#2 C:\xampp\htdocs\petforyou\system\Common.php(1089): CodeIgniter\View\View->render('home_view/js', Array, true)
#3 C:\xampp\htdocs\petforyou\app\Views\home_view\home.php(488): view('home_view/js')
#4 C:\xampp\htdocs\petforyou\system\View\View.php(210): include('C:\\xampp\\htdocs...')
#5 C:\xampp\htdocs\petforyou\system\View\View.php(213): CodeIgniter\View\View->CodeIgniter\View\{closure}()
#6 C:\xampp\htdocs\petforyou\system\Common.php(1089): CodeIgniter\View\View->render('home_view/home....', Array, true)
#7 C:\xampp\htdocs\petforyou\app\Controllers\Home.php(13): view('home_view/home....')
#8 C:\xampp\htdocs\petforyou\system\CodeIgniter.php(832): App\Controllers\Home->getValue()
#9 C:\xampp\htdocs\petforyou\system\CodeIgniter.php(419): CodeIgniter\CodeIgniter->runController(Object(App\Controllers\Home))
#10 C:\xampp\htdocs\petforyou\system\CodeIgniter.php(326): CodeIgniter\CodeIgniter->handleRequest(NULL, Object(Config\Cache), false)
#11 C:\xampp\htdocs\petforyou\public\index.php(37): CodeIgniter\CodeIgniter->run()
#12 {main}
CRITICAL - 2022-03-26 12:12:01 --> Call to undefined function script_tag()
#0 C:\xampp\htdocs\petforyou\system\View\View.php(210): include()
#1 C:\xampp\htdocs\petforyou\system\View\View.php(213): CodeIgniter\View\View->CodeIgniter\View\{closure}()
#2 C:\xampp\htdocs\petforyou\system\Common.php(1089): CodeIgniter\View\View->render('home_view/js', Array, true)
#3 C:\xampp\htdocs\petforyou\app\Views\home_view\home.php(488): view('home_view/js')
#4 C:\xampp\htdocs\petforyou\system\View\View.php(210): include('C:\\xampp\\htdocs...')
#5 C:\xampp\htdocs\petforyou\system\View\View.php(213): CodeIgniter\View\View->CodeIgniter\View\{closure}()
#6 C:\xampp\htdocs\petforyou\system\Common.php(1089): CodeIgniter\View\View->render('home_view/home....', Array, true)
#7 C:\xampp\htdocs\petforyou\app\Controllers\Home.php(13): view('home_view/home....')
#8 C:\xampp\htdocs\petforyou\system\CodeIgniter.php(832): App\Controllers\Home->getValue()
#9 C:\xampp\htdocs\petforyou\system\CodeIgniter.php(419): CodeIgniter\CodeIgniter->runController(Object(App\Controllers\Home))
#10 C:\xampp\htdocs\petforyou\system\CodeIgniter.php(326): CodeIgniter\CodeIgniter->handleRequest(NULL, Object(Config\Cache), false)
#11 C:\xampp\htdocs\petforyou\public\index.php(37): CodeIgniter\CodeIgniter->run()
#12 {main}
CRITICAL - 2022-03-26 12:18:43 --> Call to undefined function script_tag()
#0 C:\xampp\htdocs\petforyou\system\View\View.php(210): include()
#1 C:\xampp\htdocs\petforyou\system\View\View.php(213): CodeIgniter\View\View->CodeIgniter\View\{closure}()
#2 C:\xampp\htdocs\petforyou\system\Common.php(1089): CodeIgniter\View\View->render('home_view/js', Array, true)
#3 C:\xampp\htdocs\petforyou\app\Views\home_view\home.php(488): view('home_view/js')
#4 C:\xampp\htdocs\petforyou\system\View\View.php(210): include('C:\\xampp\\htdocs...')
#5 C:\xampp\htdocs\petforyou\system\View\View.php(213): CodeIgniter\View\View->CodeIgniter\View\{closure}()
#6 C:\xampp\htdocs\petforyou\system\Common.php(1089): CodeIgniter\View\View->render('home_view/home....', Array, true)
#7 C:\xampp\htdocs\petforyou\app\Controllers\Home.php(13): view('home_view/home....')
#8 C:\xampp\htdocs\petforyou\system\CodeIgniter.php(832): App\Controllers\Home->getValue()
#9 C:\xampp\htdocs\petforyou\system\CodeIgniter.php(419): CodeIgniter\CodeIgniter->runController(Object(App\Controllers\Home))
#10 C:\xampp\htdocs\petforyou\system\CodeIgniter.php(326): CodeIgniter\CodeIgniter->handleRequest(NULL, Object(Config\Cache), false)
#11 C:\xampp\htdocs\petforyou\public\index.php(37): CodeIgniter\CodeIgniter->run()
#12 {main}
CRITICAL - 2022-03-26 12:20:05 --> Call to undefined function script_tag()
#0 C:\xampp\htdocs\petforyou\system\View\View.php(210): include()
#1 C:\xampp\htdocs\petforyou\system\View\View.php(213): CodeIgniter\View\View->CodeIgniter\View\{closure}()
#2 C:\xampp\htdocs\petforyou\system\Common.php(1089): CodeIgniter\View\View->render('home_view/js', Array, true)
#3 C:\xampp\htdocs\petforyou\app\Views\home_view\home.php(488): view('home_view/js')
#4 C:\xampp\htdocs\petforyou\system\View\View.php(210): include('C:\\xampp\\htdocs...')
#5 C:\xampp\htdocs\petforyou\system\View\View.php(213): CodeIgniter\View\View->CodeIgniter\View\{closure}()
#6 C:\xampp\htdocs\petforyou\system\Common.php(1089): CodeIgniter\View\View->render('home_view/home....', Array, true)
#7 C:\xampp\htdocs\petforyou\app\Controllers\Home.php(13): view('home_view/home....')
#8 C:\xampp\htdocs\petforyou\system\CodeIgniter.php(832): App\Controllers\Home->getValue()
#9 C:\xampp\htdocs\petforyou\system\CodeIgniter.php(419): CodeIgniter\CodeIgniter->runController(Object(App\Controllers\Home))
#10 C:\xampp\htdocs\petforyou\system\CodeIgniter.php(326): CodeIgniter\CodeIgniter->handleRequest(NULL, Object(Config\Cache), false)
#11 C:\xampp\htdocs\petforyou\public\index.php(37): CodeIgniter\CodeIgniter->run()
#12 {main}
CRITICAL - 2022-03-26 12:22:27 --> Call to undefined function script_tag()
#0 C:\xampp\htdocs\petforyou\system\View\View.php(210): include()
#1 C:\xampp\htdocs\petforyou\system\View\View.php(213): CodeIgniter\View\View->CodeIgniter\View\{closure}()
#2 C:\xampp\htdocs\petforyou\system\Common.php(1089): CodeIgniter\View\View->render('home_view/js', Array, true)
#3 C:\xampp\htdocs\petforyou\app\Views\home_view\home.php(488): view('home_view/js')
#4 C:\xampp\htdocs\petforyou\system\View\View.php(210): include('C:\\xampp\\htdocs...')
#5 C:\xampp\htdocs\petforyou\system\View\View.php(213): CodeIgniter\View\View->CodeIgniter\View\{closure}()
#6 C:\xampp\htdocs\petforyou\system\Common.php(1089): CodeIgniter\View\View->render('home_view/home....', Array, true)
#7 C:\xampp\htdocs\petforyou\app\Controllers\Home.php(13): view('home_view/home....')
#8 C:\xampp\htdocs\petforyou\system\CodeIgniter.php(832): App\Controllers\Home->getValue()
#9 C:\xampp\htdocs\petforyou\system\CodeIgniter.php(419): CodeIgniter\CodeIgniter->runController(Object(App\Controllers\Home))
#10 C:\xampp\htdocs\petforyou\system\CodeIgniter.php(326): CodeIgniter\CodeIgniter->handleRequest(NULL, Object(Config\Cache), false)
#11 C:\xampp\htdocs\petforyou\public\index.php(37): CodeIgniter\CodeIgniter->run()
#12 {main}
CRITICAL - 2022-03-26 12:22:45 --> Call to undefined function script_tag()
#0 C:\xampp\htdocs\petforyou\system\View\View.php(210): include()
#1 C:\xampp\htdocs\petforyou\system\View\View.php(213): CodeIgniter\View\View->CodeIgniter\View\{closure}()
#2 C:\xampp\htdocs\petforyou\system\Common.php(1089): CodeIgniter\View\View->render('home_view/js', Array, true)
#3 C:\xampp\htdocs\petforyou\app\Views\home_view\home.php(488): view('home_view/js')
#4 C:\xampp\htdocs\petforyou\system\View\View.php(210): include('C:\\xampp\\htdocs...')
#5 C:\xampp\htdocs\petforyou\system\View\View.php(213): CodeIgniter\View\View->CodeIgniter\View\{closure}()
#6 C:\xampp\htdocs\petforyou\system\Common.php(1089): CodeIgniter\View\View->render('home_view/home....', Array, true)
#7 C:\xampp\htdocs\petforyou\app\Controllers\Home.php(13): view('home_view/home....')
#8 C:\xampp\htdocs\petforyou\system\CodeIgniter.php(832): App\Controllers\Home->getValue()
#9 C:\xampp\htdocs\petforyou\system\CodeIgniter.php(419): CodeIgniter\CodeIgniter->runController(Object(App\Controllers\Home))
#10 C:\xampp\htdocs\petforyou\system\CodeIgniter.php(326): CodeIgniter\CodeIgniter->handleRequest(NULL, Object(Config\Cache), false)
#11 C:\xampp\htdocs\petforyou\public\index.php(37): CodeIgniter\CodeIgniter->run()
#12 {main}
CRITICAL - 2022-03-26 12:25:37 --> Call to undefined function script_tag()
#0 C:\xampp\htdocs\petforyou\system\View\View.php(210): include()
#1 C:\xampp\htdocs\petforyou\system\View\View.php(213): CodeIgniter\View\View->CodeIgniter\View\{closure}()
#2 C:\xampp\htdocs\petforyou\system\Common.php(1089): CodeIgniter\View\View->render('home_view/js', Array, true)
#3 C:\xampp\htdocs\petforyou\app\Views\home_view\home.php(488): view('home_view/js')
#4 C:\xampp\htdocs\petforyou\system\View\View.php(210): include('C:\\xampp\\htdocs...')
#5 C:\xampp\htdocs\petforyou\system\View\View.php(213): CodeIgniter\View\View->CodeIgniter\View\{closure}()
#6 C:\xampp\htdocs\petforyou\system\Common.php(1089): CodeIgniter\View\View->render('home_view/home....', Array, true)
#7 C:\xampp\htdocs\petforyou\app\Controllers\Home.php(13): view('home_view/home....')
#8 C:\xampp\htdocs\petforyou\system\CodeIgniter.php(832): App\Controllers\Home->getValue()
#9 C:\xampp\htdocs\petforyou\system\CodeIgniter.php(419): CodeIgniter\CodeIgniter->runController(Object(App\Controllers\Home))
#10 C:\xampp\htdocs\petforyou\system\CodeIgniter.php(326): CodeIgniter\CodeIgniter->handleRequest(NULL, Object(Config\Cache), false)
#11 C:\xampp\htdocs\petforyou\public\index.php(37): CodeIgniter\CodeIgniter->run()
#12 {main}
CRITICAL - 2022-03-26 12:25:38 --> Call to undefined function script_tag()
#0 C:\xampp\htdocs\petforyou\system\View\View.php(210): include()
#1 C:\xampp\htdocs\petforyou\system\View\View.php(213): CodeIgniter\View\View->CodeIgniter\View\{closure}()
#2 C:\xampp\htdocs\petforyou\system\Common.php(1089): CodeIgniter\View\View->render('home_view/js', Array, true)
#3 C:\xampp\htdocs\petforyou\app\Views\home_view\home.php(488): view('home_view/js')
#4 C:\xampp\htdocs\petforyou\system\View\View.php(210): include('C:\\xampp\\htdocs...')
#5 C:\xampp\htdocs\petforyou\system\View\View.php(213): CodeIgniter\View\View->CodeIgniter\View\{closure}()
#6 C:\xampp\htdocs\petforyou\system\Common.php(1089): CodeIgniter\View\View->render('home_view/home....', Array, true)
#7 C:\xampp\htdocs\petforyou\app\Controllers\Home.php(13): view('home_view/home....')
#8 C:\xampp\htdocs\petforyou\system\CodeIgniter.php(832): App\Controllers\Home->getValue()
#9 C:\xampp\htdocs\petforyou\system\CodeIgniter.php(419): CodeIgniter\CodeIgniter->runController(Object(App\Controllers\Home))
#10 C:\xampp\htdocs\petforyou\system\CodeIgniter.php(326): CodeIgniter\CodeIgniter->handleRequest(NULL, Object(Config\Cache), false)
#11 C:\xampp\htdocs\petforyou\public\index.php(37): CodeIgniter\CodeIgniter->run()
#12 {main}
CRITICAL - 2022-03-26 12:25:47 --> Call to undefined function script_tag()
#0 C:\xampp\htdocs\petforyou\system\View\View.php(210): include()
#1 C:\xampp\htdocs\petforyou\system\View\View.php(213): CodeIgniter\View\View->CodeIgniter\View\{closure}()
#2 C:\xampp\htdocs\petforyou\system\Common.php(1089): CodeIgniter\View\View->render('home_view/js', Array, true)
#3 C:\xampp\htdocs\petforyou\app\Views\home_view\home.php(488): view('home_view/js')
#4 C:\xampp\htdocs\petforyou\system\View\View.php(210): include('C:\\xampp\\htdocs...')
#5 C:\xampp\htdocs\petforyou\system\View\View.php(213): CodeIgniter\View\View->CodeIgniter\View\{closure}()
#6 C:\xampp\htdocs\petforyou\system\Common.php(1089): CodeIgniter\View\View->render('home_view/home....', Array, true)
#7 C:\xampp\htdocs\petforyou\app\Controllers\Home.php(13): view('home_view/home....')
#8 C:\xampp\htdocs\petforyou\system\CodeIgniter.php(832): App\Controllers\Home->getValue()
#9 C:\xampp\htdocs\petforyou\system\CodeIgniter.php(419): CodeIgniter\CodeIgniter->runController(Object(App\Controllers\Home))
#10 C:\xampp\htdocs\petforyou\system\CodeIgniter.php(326): CodeIgniter\CodeIgniter->handleRequest(NULL, Object(Config\Cache), false)
#11 C:\xampp\htdocs\petforyou\public\index.php(37): CodeIgniter\CodeIgniter->run()
#12 {main}
CRITICAL - 2022-03-26 12:26:27 --> Call to undefined function script_tag()
#0 C:\xampp\htdocs\petforyou\system\View\View.php(210): include()
#1 C:\xampp\htdocs\petforyou\system\View\View.php(213): CodeIgniter\View\View->CodeIgniter\View\{closure}()
#2 C:\xampp\htdocs\petforyou\system\Common.php(1089): CodeIgniter\View\View->render('home_view/js', Array, true)
#3 C:\xampp\htdocs\petforyou\app\Views\home_view\home.php(488): view('home_view/js')
#4 C:\xampp\htdocs\petforyou\system\View\View.php(210): include('C:\\xampp\\htdocs...')
#5 C:\xampp\htdocs\petforyou\system\View\View.php(213): CodeIgniter\View\View->CodeIgniter\View\{closure}()
#6 C:\xampp\htdocs\petforyou\system\Common.php(1089): CodeIgniter\View\View->render('home_view/home....', Array, true)
#7 C:\xampp\htdocs\petforyou\app\Controllers\Home.php(13): view('home_view/home....')
#8 C:\xampp\htdocs\petforyou\system\CodeIgniter.php(832): App\Controllers\Home->getValue()
#9 C:\xampp\htdocs\petforyou\system\CodeIgniter.php(419): CodeIgniter\CodeIgniter->runController(Object(App\Controllers\Home))
#10 C:\xampp\htdocs\petforyou\system\CodeIgniter.php(326): CodeIgniter\CodeIgniter->handleRequest(NULL, Object(Config\Cache), false)
#11 C:\xampp\htdocs\petforyou\public\index.php(37): CodeIgniter\CodeIgniter->run()
#12 {main}
CRITICAL - 2022-03-26 12:29:19 --> Call to undefined function script_tag()
#0 C:\xampp\htdocs\petforyou\system\View\View.php(210): include()
#1 C:\xampp\htdocs\petforyou\system\View\View.php(213): CodeIgniter\View\View->CodeIgniter\View\{closure}()
#2 C:\xampp\htdocs\petforyou\system\Common.php(1089): CodeIgniter\View\View->render('home_view/js', Array, true)
#3 C:\xampp\htdocs\petforyou\app\Views\home_view\home.php(488): view('home_view/js')
#4 C:\xampp\htdocs\petforyou\system\View\View.php(210): include('C:\\xampp\\htdocs...')
#5 C:\xampp\htdocs\petforyou\system\View\View.php(213): CodeIgniter\View\View->CodeIgniter\View\{closure}()
#6 C:\xampp\htdocs\petforyou\system\Common.php(1089): CodeIgniter\View\View->render('home_view/home....', Array, true)
#7 C:\xampp\htdocs\petforyou\app\Controllers\Home.php(13): view('home_view/home....')
#8 C:\xampp\htdocs\petforyou\system\CodeIgniter.php(832): App\Controllers\Home->getValue()
#9 C:\xampp\htdocs\petforyou\system\CodeIgniter.php(419): CodeIgniter\CodeIgniter->runController(Object(App\Controllers\Home))
#10 C:\xampp\htdocs\petforyou\system\CodeIgniter.php(326): CodeIgniter\CodeIgniter->handleRequest(NULL, Object(Config\Cache), false)
#11 C:\xampp\htdocs\petforyou\public\index.php(37): CodeIgniter\CodeIgniter->run()
#12 {main}
CRITICAL - 2022-03-26 12:30:40 --> Call to undefined function script_tag()
#0 C:\xampp\htdocs\petforyou\system\View\View.php(210): include()
#1 C:\xampp\htdocs\petforyou\system\View\View.php(213): CodeIgniter\View\View->CodeIgniter\View\{closure}()
#2 C:\xampp\htdocs\petforyou\system\Common.php(1089): CodeIgniter\View\View->render('home_view/js', Array, true)
#3 C:\xampp\htdocs\petforyou\app\Views\home_view\home.php(488): view('home_view/js')
#4 C:\xampp\htdocs\petforyou\system\View\View.php(210): include('C:\\xampp\\htdocs...')
#5 C:\xampp\htdocs\petforyou\system\View\View.php(213): CodeIgniter\View\View->CodeIgniter\View\{closure}()
#6 C:\xampp\htdocs\petforyou\system\Common.php(1089): CodeIgniter\View\View->render('home_view/home....', Array, true)
#7 C:\xampp\htdocs\petforyou\app\Controllers\Home.php(13): view('home_view/home....')
#8 C:\xampp\htdocs\petforyou\system\CodeIgniter.php(832): App\Controllers\Home->getValue()
#9 C:\xampp\htdocs\petforyou\system\CodeIgniter.php(419): CodeIgniter\CodeIgniter->runController(Object(App\Controllers\Home))
#10 C:\xampp\htdocs\petforyou\system\CodeIgniter.php(326): CodeIgniter\CodeIgniter->handleRequest(NULL, Object(Config\Cache), false)
#11 C:\xampp\htdocs\petforyou\public\index.php(37): CodeIgniter\CodeIgniter->run()
#12 {main}
CRITICAL - 2022-03-26 12:31:51 --> Call to undefined function script_tag()
#0 C:\xampp\htdocs\petforyou\system\View\View.php(210): include()
#1 C:\xampp\htdocs\petforyou\system\View\View.php(213): CodeIgniter\View\View->CodeIgniter\View\{closure}()
#2 C:\xampp\htdocs\petforyou\system\Common.php(1089): CodeIgniter\View\View->render('home_view/js', Array, true)
#3 C:\xampp\htdocs\petforyou\app\Views\home_view\home.php(488): view('home_view/js')
#4 C:\xampp\htdocs\petforyou\system\View\View.php(210): include('C:\\xampp\\htdocs...')
#5 C:\xampp\htdocs\petforyou\system\View\View.php(213): CodeIgniter\View\View->CodeIgniter\View\{closure}()
#6 C:\xampp\htdocs\petforyou\system\Common.php(1089): CodeIgniter\View\View->render('home_view/home....', Array, true)
#7 C:\xampp\htdocs\petforyou\app\Controllers\Home.php(13): view('home_view/home....')
#8 C:\xampp\htdocs\petforyou\system\CodeIgniter.php(832): App\Controllers\Home->getValue()
#9 C:\xampp\htdocs\petforyou\system\CodeIgniter.php(419): CodeIgniter\CodeIgniter->runController(Object(App\Controllers\Home))
#10 C:\xampp\htdocs\petforyou\system\CodeIgniter.php(326): CodeIgniter\CodeIgniter->handleRequest(NULL, Object(Config\Cache), false)
#11 C:\xampp\htdocs\petforyou\public\index.php(37): CodeIgniter\CodeIgniter->run()
#12 {main}
CRITICAL - 2022-03-26 12:32:21 --> Call to undefined function script_tag()
#0 C:\xampp\htdocs\petforyou\system\View\View.php(210): include()
#1 C:\xampp\htdocs\petforyou\system\View\View.php(213): CodeIgniter\View\View->CodeIgniter\View\{closure}()
#2 C:\xampp\htdocs\petforyou\system\Common.php(1089): CodeIgniter\View\View->render('home_view/js', Array, true)
#3 C:\xampp\htdocs\petforyou\app\Views\home_view\home.php(488): view('home_view/js')
#4 C:\xampp\htdocs\petforyou\system\View\View.php(210): include('C:\\xampp\\htdocs...')
#5 C:\xampp\htdocs\petforyou\system\View\View.php(213): CodeIgniter\View\View->CodeIgniter\View\{closure}()
#6 C:\xampp\htdocs\petforyou\system\Common.php(1089): CodeIgniter\View\View->render('home_view/home....', Array, true)
#7 C:\xampp\htdocs\petforyou\app\Controllers\Home.php(13): view('home_view/home....')
#8 C:\xampp\htdocs\petforyou\system\CodeIgniter.php(832): App\Controllers\Home->getValue()
#9 C:\xampp\htdocs\petforyou\system\CodeIgniter.php(419): CodeIgniter\CodeIgniter->runController(Object(App\Controllers\Home))
#10 C:\xampp\htdocs\petforyou\system\CodeIgniter.php(326): CodeIgniter\CodeIgniter->handleRequest(NULL, Object(Config\Cache), false)
#11 C:\xampp\htdocs\petforyou\public\index.php(37): CodeIgniter\CodeIgniter->run()
#12 {main}
CRITICAL - 2022-03-26 12:32:58 --> Call to undefined function script_tag()
#0 C:\xampp\htdocs\petforyou\system\View\View.php(210): include()
#1 C:\xampp\htdocs\petforyou\system\View\View.php(213): CodeIgniter\View\View->CodeIgniter\View\{closure}()
#2 C:\xampp\htdocs\petforyou\system\Common.php(1089): CodeIgniter\View\View->render('home_view/js', Array, true)
#3 C:\xampp\htdocs\petforyou\app\Views\home_view\home.php(488): view('home_view/js')
#4 C:\xampp\htdocs\petforyou\system\View\View.php(210): include('C:\\xampp\\htdocs...')
#5 C:\xampp\htdocs\petforyou\system\View\View.php(213): CodeIgniter\View\View->CodeIgniter\View\{closure}()
#6 C:\xampp\htdocs\petforyou\system\Common.php(1089): CodeIgniter\View\View->render('home_view/home....', Array, true)
#7 C:\xampp\htdocs\petforyou\app\Controllers\Home.php(13): view('home_view/home....')
#8 C:\xampp\htdocs\petforyou\system\CodeIgniter.php(832): App\Controllers\Home->getValue()
#9 C:\xampp\htdocs\petforyou\system\CodeIgniter.php(419): CodeIgniter\CodeIgniter->runController(Object(App\Controllers\Home))
#10 C:\xampp\htdocs\petforyou\system\CodeIgniter.php(326): CodeIgniter\CodeIgniter->handleRequest(NULL, Object(Config\Cache), false)
#11 C:\xampp\htdocs\petforyou\public\index.php(37): CodeIgniter\CodeIgniter->run()
#12 {main}
CRITICAL - 2022-03-26 12:35:08 --> Call to undefined function script_tag()
#0 C:\xampp\htdocs\petforyou\system\View\View.php(210): include()
#1 C:\xampp\htdocs\petforyou\system\View\View.php(213): CodeIgniter\View\View->CodeIgniter\View\{closure}()
#2 C:\xampp\htdocs\petforyou\system\Common.php(1089): CodeIgniter\View\View->render('home_view/js', Array, true)
#3 C:\xampp\htdocs\petforyou\app\Views\home_view\home.php(488): view('home_view/js')
#4 C:\xampp\htdocs\petforyou\system\View\View.php(210): include('C:\\xampp\\htdocs...')
#5 C:\xampp\htdocs\petforyou\system\View\View.php(213): CodeIgniter\View\View->CodeIgniter\View\{closure}()
#6 C:\xampp\htdocs\petforyou\system\Common.php(1089): CodeIgniter\View\View->render('home_view/home....', Array, true)
#7 C:\xampp\htdocs\petforyou\app\Controllers\Home.php(13): view('home_view/home....')
#8 C:\xampp\htdocs\petforyou\system\CodeIgniter.php(832): App\Controllers\Home->getValue()
#9 C:\xampp\htdocs\petforyou\system\CodeIgniter.php(419): CodeIgniter\CodeIgniter->runController(Object(App\Controllers\Home))
#10 C:\xampp\htdocs\petforyou\system\CodeIgniter.php(326): CodeIgniter\CodeIgniter->handleRequest(NULL, Object(Config\Cache), false)
#11 C:\xampp\htdocs\petforyou\public\index.php(37): CodeIgniter\CodeIgniter->run()
#12 {main}
CRITICAL - 2022-03-26 12:35:17 --> Call to undefined function script_tag()
#0 C:\xampp\htdocs\petforyou\system\View\View.php(210): include()
#1 C:\xampp\htdocs\petforyou\system\View\View.php(213): CodeIgniter\View\View->CodeIgniter\View\{closure}()
#2 C:\xampp\htdocs\petforyou\system\Common.php(1089): CodeIgniter\View\View->render('home_view/js', Array, true)
#3 C:\xampp\htdocs\petforyou\app\Views\home_view\home.php(488): view('home_view/js')
#4 C:\xampp\htdocs\petforyou\system\View\View.php(210): include('C:\\xampp\\htdocs...')
#5 C:\xampp\htdocs\petforyou\system\View\View.php(213): CodeIgniter\View\View->CodeIgniter\View\{closure}()
#6 C:\xampp\htdocs\petforyou\system\Common.php(1089): CodeIgniter\View\View->render('home_view/home....', Array, true)
#7 C:\xampp\htdocs\petforyou\app\Controllers\Home.php(13): view('home_view/home....')
#8 C:\xampp\htdocs\petforyou\system\CodeIgniter.php(832): App\Controllers\Home->getValue()
#9 C:\xampp\htdocs\petforyou\system\CodeIgniter.php(419): CodeIgniter\CodeIgniter->runController(Object(App\Controllers\Home))
#10 C:\xampp\htdocs\petforyou\system\CodeIgniter.php(326): CodeIgniter\CodeIgniter->handleRequest(NULL, Object(Config\Cache), false)
#11 C:\xampp\htdocs\petforyou\public\index.php(37): CodeIgniter\CodeIgniter->run()
#12 {main}
CRITICAL - 2022-03-26 12:35:33 --> Call to undefined function script_tag()
#0 C:\xampp\htdocs\petforyou\system\View\View.php(210): include()
#1 C:\xampp\htdocs\petforyou\system\View\View.php(213): CodeIgniter\View\View->CodeIgniter\View\{closure}()
#2 C:\xampp\htdocs\petforyou\system\Common.php(1089): CodeIgniter\View\View->render('home_view/js', Array, true)
#3 C:\xampp\htdocs\petforyou\app\Views\home_view\home.php(488): view('home_view/js')
#4 C:\xampp\htdocs\petforyou\system\View\View.php(210): include('C:\\xampp\\htdocs...')
#5 C:\xampp\htdocs\petforyou\system\View\View.php(213): CodeIgniter\View\View->CodeIgniter\View\{closure}()
#6 C:\xampp\htdocs\petforyou\system\Common.php(1089): CodeIgniter\View\View->render('home_view/home....', Array, true)
#7 C:\xampp\htdocs\petforyou\app\Controllers\Home.php(13): view('home_view/home....')
#8 C:\xampp\htdocs\petforyou\system\CodeIgniter.php(832): App\Controllers\Home->getValue()
#9 C:\xampp\htdocs\petforyou\system\CodeIgniter.php(419): CodeIgniter\CodeIgniter->runController(Object(App\Controllers\Home))
#10 C:\xampp\htdocs\petforyou\system\CodeIgniter.php(326): CodeIgniter\CodeIgniter->handleRequest(NULL, Object(Config\Cache), false)
#11 C:\xampp\htdocs\petforyou\public\index.php(37): CodeIgniter\CodeIgniter->run()
#12 {main}
CRITICAL - 2022-03-26 12:37:32 --> Call to undefined function script_tag()
#0 C:\xampp\htdocs\petforyou\system\View\View.php(210): include()
#1 C:\xampp\htdocs\petforyou\system\View\View.php(213): CodeIgniter\View\View->CodeIgniter\View\{closure}()
#2 C:\xampp\htdocs\petforyou\system\Common.php(1089): CodeIgniter\View\View->render('home_view/js', Array, true)
#3 C:\xampp\htdocs\petforyou\app\Views\home_view\home.php(488): view('home_view/js')
#4 C:\xampp\htdocs\petforyou\system\View\View.php(210): include('C:\\xampp\\htdocs...')
#5 C:\xampp\htdocs\petforyou\system\View\View.php(213): CodeIgniter\View\View->CodeIgniter\View\{closure}()
#6 C:\xampp\htdocs\petforyou\system\Common.php(1089): CodeIgniter\View\View->render('home_view/home....', Array, true)
#7 C:\xampp\htdocs\petforyou\app\Controllers\Home.php(13): view('home_view/home....')
#8 C:\xampp\htdocs\petforyou\system\CodeIgniter.php(832): App\Controllers\Home->getValue()
#9 C:\xampp\htdocs\petforyou\system\CodeIgniter.php(419): CodeIgniter\CodeIgniter->runController(Object(App\Controllers\Home))
#10 C:\xampp\htdocs\petforyou\system\CodeIgniter.php(326): CodeIgniter\CodeIgniter->handleRequest(NULL, Object(Config\Cache), false)
#11 C:\xampp\htdocs\petforyou\public\index.php(37): CodeIgniter\CodeIgniter->run()
#12 {main}
CRITICAL - 2022-03-26 12:38:00 --> Call to undefined function script_tag()
#0 C:\xampp\htdocs\petforyou\system\View\View.php(210): include()
#1 C:\xampp\htdocs\petforyou\system\View\View.php(213): CodeIgniter\View\View->CodeIgniter\View\{closure}()
#2 C:\xampp\htdocs\petforyou\system\Common.php(1089): CodeIgniter\View\View->render('home_view/js', Array, true)
#3 C:\xampp\htdocs\petforyou\app\Views\home_view\home.php(488): view('home_view/js')
#4 C:\xampp\htdocs\petforyou\system\View\View.php(210): include('C:\\xampp\\htdocs...')
#5 C:\xampp\htdocs\petforyou\system\View\View.php(213): CodeIgniter\View\View->CodeIgniter\View\{closure}()
#6 C:\xampp\htdocs\petforyou\system\Common.php(1089): CodeIgniter\View\View->render('home_view/home....', Array, true)
#7 C:\xampp\htdocs\petforyou\app\Controllers\Home.php(13): view('home_view/home....')
#8 C:\xampp\htdocs\petforyou\system\CodeIgniter.php(832): App\Controllers\Home->getValue()
#9 C:\xampp\htdocs\petforyou\system\CodeIgniter.php(419): CodeIgniter\CodeIgniter->runController(Object(App\Controllers\Home))
#10 C:\xampp\htdocs\petforyou\system\CodeIgniter.php(326): CodeIgniter\CodeIgniter->handleRequest(NULL, Object(Config\Cache), false)
#11 C:\xampp\htdocs\petforyou\public\index.php(37): CodeIgniter\CodeIgniter->run()
#12 {main}
CRITICAL - 2022-03-26 12:39:10 --> Call to undefined function script_tag()
#0 C:\xampp\htdocs\petforyou\system\View\View.php(210): include()
#1 C:\xampp\htdocs\petforyou\system\View\View.php(213): CodeIgniter\View\View->CodeIgniter\View\{closure}()
#2 C:\xampp\htdocs\petforyou\system\Common.php(1089): CodeIgniter\View\View->render('home_view/js', Array, true)
#3 C:\xampp\htdocs\petforyou\app\Views\home_view\home.php(488): view('home_view/js')
#4 C:\xampp\htdocs\petforyou\system\View\View.php(210): include('C:\\xampp\\htdocs...')
#5 C:\xampp\htdocs\petforyou\system\View\View.php(213): CodeIgniter\View\View->CodeIgniter\View\{closure}()
#6 C:\xampp\htdocs\petforyou\system\Common.php(1089): CodeIgniter\View\View->render('home_view/home....', Array, true)
#7 C:\xampp\htdocs\petforyou\app\Controllers\Home.php(13): view('home_view/home....')
#8 C:\xampp\htdocs\petforyou\system\CodeIgniter.php(832): App\Controllers\Home->getValue()
#9 C:\xampp\htdocs\petforyou\system\CodeIgniter.php(419): CodeIgniter\CodeIgniter->runController(Object(App\Controllers\Home))
#10 C:\xampp\htdocs\petforyou\system\CodeIgniter.php(326): CodeIgniter\CodeIgniter->handleRequest(NULL, Object(Config\Cache), false)
#11 C:\xampp\htdocs\petforyou\public\index.php(37): CodeIgniter\CodeIgniter->run()
#12 {main}
CRITICAL - 2022-03-26 12:39:37 --> Call to undefined function script_tag()
#0 C:\xampp\htdocs\petforyou\system\View\View.php(210): include()
#1 C:\xampp\htdocs\petforyou\system\View\View.php(213): CodeIgniter\View\View->CodeIgniter\View\{closure}()
#2 C:\xampp\htdocs\petforyou\system\Common.php(1089): CodeIgniter\View\View->render('home_view/js', Array, true)
#3 C:\xampp\htdocs\petforyou\app\Views\home_view\home.php(488): view('home_view/js')
#4 C:\xampp\htdocs\petforyou\system\View\View.php(210): include('C:\\xampp\\htdocs...')
#5 C:\xampp\htdocs\petforyou\system\View\View.php(213): CodeIgniter\View\View->CodeIgniter\View\{closure}()
#6 C:\xampp\htdocs\petforyou\system\Common.php(1089): CodeIgniter\View\View->render('home_view/home....', Array, true)
#7 C:\xampp\htdocs\petforyou\app\Controllers\Home.php(13): view('home_view/home....')
#8 C:\xampp\htdocs\petforyou\system\CodeIgniter.php(832): App\Controllers\Home->getValue()
#9 C:\xampp\htdocs\petforyou\system\CodeIgniter.php(419): CodeIgniter\CodeIgniter->runController(Object(App\Controllers\Home))
#10 C:\xampp\htdocs\petforyou\system\CodeIgniter.php(326): CodeIgniter\CodeIgniter->handleRequest(NULL, Object(Config\Cache), false)
#11 C:\xampp\htdocs\petforyou\public\index.php(37): CodeIgniter\CodeIgniter->run()
#12 {main}
CRITICAL - 2022-03-26 12:40:27 --> Call to undefined function script_tag()
#0 C:\xampp\htdocs\petforyou\system\View\View.php(210): include()
#1 C:\xampp\htdocs\petforyou\system\View\View.php(213): CodeIgniter\View\View->CodeIgniter\View\{closure}()
#2 C:\xampp\htdocs\petforyou\system\Common.php(1089): CodeIgniter\View\View->render('home_view/js', Array, true)
#3 C:\xampp\htdocs\petforyou\app\Views\home_view\home.php(488): view('home_view/js')
#4 C:\xampp\htdocs\petforyou\system\View\View.php(210): include('C:\\xampp\\htdocs...')
#5 C:\xampp\htdocs\petforyou\system\View\View.php(213): CodeIgniter\View\View->CodeIgniter\View\{closure}()
#6 C:\xampp\htdocs\petforyou\system\Common.php(1089): CodeIgniter\View\View->render('home_view/home....', Array, true)
#7 C:\xampp\htdocs\petforyou\app\Controllers\Home.php(13): view('home_view/home....')
#8 C:\xampp\htdocs\petforyou\system\CodeIgniter.php(832): App\Controllers\Home->getValue()
#9 C:\xampp\htdocs\petforyou\system\CodeIgniter.php(419): CodeIgniter\CodeIgniter->runController(Object(App\Controllers\Home))
#10 C:\xampp\htdocs\petforyou\system\CodeIgniter.php(326): CodeIgniter\CodeIgniter->handleRequest(NULL, Object(Config\Cache), false)
#11 C:\xampp\htdocs\petforyou\public\index.php(37): CodeIgniter\CodeIgniter->run()
#12 {main}
CRITICAL - 2022-03-26 12:41:00 --> Call to undefined function script_tag()
#0 C:\xampp\htdocs\petforyou\system\View\View.php(210): include()
#1 C:\xampp\htdocs\petforyou\system\View\View.php(213): CodeIgniter\View\View->CodeIgniter\View\{closure}()
#2 C:\xampp\htdocs\petforyou\system\Common.php(1089): CodeIgniter\View\View->render('home_view/js', Array, true)
#3 C:\xampp\htdocs\petforyou\app\Views\home_view\home.php(488): view('home_view/js')
#4 C:\xampp\htdocs\petforyou\system\View\View.php(210): include('C:\\xampp\\htdocs...')
#5 C:\xampp\htdocs\petforyou\system\View\View.php(213): CodeIgniter\View\View->CodeIgniter\View\{closure}()
#6 C:\xampp\htdocs\petforyou\system\Common.php(1089): CodeIgniter\View\View->render('home_view/home....', Array, true)
#7 C:\xampp\htdocs\petforyou\app\Controllers\Home.php(13): view('home_view/home....')
#8 C:\xampp\htdocs\petforyou\system\CodeIgniter.php(832): App\Controllers\Home->getValue()
#9 C:\xampp\htdocs\petforyou\system\CodeIgniter.php(419): CodeIgniter\CodeIgniter->runController(Object(App\Controllers\Home))
#10 C:\xampp\htdocs\petforyou\system\CodeIgniter.php(326): CodeIgniter\CodeIgniter->handleRequest(NULL, Object(Config\Cache), false)
#11 C:\xampp\htdocs\petforyou\public\index.php(37): CodeIgniter\CodeIgniter->run()
#12 {main}
CRITICAL - 2022-03-26 12:41:14 --> Call to undefined function script_tag()
#0 C:\xampp\htdocs\petforyou\system\View\View.php(210): include()
#1 C:\xampp\htdocs\petforyou\system\View\View.php(213): CodeIgniter\View\View->CodeIgniter\View\{closure}()
#2 C:\xampp\htdocs\petforyou\system\Common.php(1089): CodeIgniter\View\View->render('home_view/js', Array, true)
#3 C:\xampp\htdocs\petforyou\app\Views\home_view\home.php(488): view('home_view/js')
#4 C:\xampp\htdocs\petforyou\system\View\View.php(210): include('C:\\xampp\\htdocs...')
#5 C:\xampp\htdocs\petforyou\system\View\View.php(213): CodeIgniter\View\View->CodeIgniter\View\{closure}()
#6 C:\xampp\htdocs\petforyou\system\Common.php(1089): CodeIgniter\View\View->render('home_view/home....', Array, true)
#7 C:\xampp\htdocs\petforyou\app\Controllers\Home.php(13): view('home_view/home....')
#8 C:\xampp\htdocs\petforyou\system\CodeIgniter.php(832): App\Controllers\Home->getValue()
#9 C:\xampp\htdocs\petforyou\system\CodeIgniter.php(419): CodeIgniter\CodeIgniter->runController(Object(App\Controllers\Home))
#10 C:\xampp\htdocs\petforyou\system\CodeIgniter.php(326): CodeIgniter\CodeIgniter->handleRequest(NULL, Object(Config\Cache), false)
#11 C:\xampp\htdocs\petforyou\public\index.php(37): CodeIgniter\CodeIgniter->run()
#12 {main}
CRITICAL - 2022-03-26 12:41:45 --> Call to undefined function script_tag()
#0 C:\xampp\htdocs\petforyou\system\View\View.php(210): include()
#1 C:\xampp\htdocs\petforyou\system\View\View.php(213): CodeIgniter\View\View->CodeIgniter\View\{closure}()
#2 C:\xampp\htdocs\petforyou\system\Common.php(1089): CodeIgniter\View\View->render('home_view/js', Array, true)
#3 C:\xampp\htdocs\petforyou\app\Views\home_view\home.php(488): view('home_view/js')
#4 C:\xampp\htdocs\petforyou\system\View\View.php(210): include('C:\\xampp\\htdocs...')
#5 C:\xampp\htdocs\petforyou\system\View\View.php(213): CodeIgniter\View\View->CodeIgniter\View\{closure}()
#6 C:\xampp\htdocs\petforyou\system\Common.php(1089): CodeIgniter\View\View->render('home_view/home....', Array, true)
#7 C:\xampp\htdocs\petforyou\app\Controllers\Home.php(13): view('home_view/home....')
#8 C:\xampp\htdocs\petforyou\system\CodeIgniter.php(832): App\Controllers\Home->getValue()
#9 C:\xampp\htdocs\petforyou\system\CodeIgniter.php(419): CodeIgniter\CodeIgniter->runController(Object(App\Controllers\Home))
#10 C:\xampp\htdocs\petforyou\system\CodeIgniter.php(326): CodeIgniter\CodeIgniter->handleRequest(NULL, Object(Config\Cache), false)
#11 C:\xampp\htdocs\petforyou\public\index.php(37): CodeIgniter\CodeIgniter->run()
#12 {main}
CRITICAL - 2022-03-26 12:42:34 --> Call to undefined function script_tag()
#0 C:\xampp\htdocs\petforyou\system\View\View.php(210): include()
#1 C:\xampp\htdocs\petforyou\system\View\View.php(213): CodeIgniter\View\View->CodeIgniter\View\{closure}()
#2 C:\xampp\htdocs\petforyou\system\Common.php(1089): CodeIgniter\View\View->render('home_view/js', Array, true)
#3 C:\xampp\htdocs\petforyou\app\Views\home_view\home.php(488): view('home_view/js')
#4 C:\xampp\htdocs\petforyou\system\View\View.php(210): include('C:\\xampp\\htdocs...')
#5 C:\xampp\htdocs\petforyou\system\View\View.php(213): CodeIgniter\View\View->CodeIgniter\View\{closure}()
#6 C:\xampp\htdocs\petforyou\system\Common.php(1089): CodeIgniter\View\View->render('home_view/home....', Array, true)
#7 C:\xampp\htdocs\petforyou\app\Controllers\Home.php(13): view('home_view/home....')
#8 C:\xampp\htdocs\petforyou\system\CodeIgniter.php(832): App\Controllers\Home->getValue()
#9 C:\xampp\htdocs\petforyou\system\CodeIgniter.php(419): CodeIgniter\CodeIgniter->runController(Object(App\Controllers\Home))
#10 C:\xampp\htdocs\petforyou\system\CodeIgniter.php(326): CodeIgniter\CodeIgniter->handleRequest(NULL, Object(Config\Cache), false)
#11 C:\xampp\htdocs\petforyou\public\index.php(37): CodeIgniter\CodeIgniter->run()
#12 {main}
CRITICAL - 2022-03-26 12:43:06 --> Call to undefined function script_tag()
#0 C:\xampp\htdocs\petforyou\system\View\View.php(210): include()
#1 C:\xampp\htdocs\petforyou\system\View\View.php(213): CodeIgniter\View\View->CodeIgniter\View\{closure}()
#2 C:\xampp\htdocs\petforyou\system\Common.php(1089): CodeIgniter\View\View->render('home_view/js', Array, true)
#3 C:\xampp\htdocs\petforyou\app\Views\home_view\home.php(488): view('home_view/js')
#4 C:\xampp\htdocs\petforyou\system\View\View.php(210): include('C:\\xampp\\htdocs...')
#5 C:\xampp\htdocs\petforyou\system\View\View.php(213): CodeIgniter\View\View->CodeIgniter\View\{closure}()
#6 C:\xampp\htdocs\petforyou\system\Common.php(1089): CodeIgniter\View\View->render('home_view/home....', Array, true)
#7 C:\xampp\htdocs\petforyou\app\Controllers\Home.php(13): view('home_view/home....')
#8 C:\xampp\htdocs\petforyou\system\CodeIgniter.php(832): App\Controllers\Home->getValue()
#9 C:\xampp\htdocs\petforyou\system\CodeIgniter.php(419): CodeIgniter\CodeIgniter->runController(Object(App\Controllers\Home))
#10 C:\xampp\htdocs\petforyou\system\CodeIgniter.php(326): CodeIgniter\CodeIgniter->handleRequest(NULL, Object(Config\Cache), false)
#11 C:\xampp\htdocs\petforyou\public\index.php(37): CodeIgniter\CodeIgniter->run()
#12 {main}
CRITICAL - 2022-03-26 12:44:15 --> Call to undefined function script_tag()
#0 C:\xampp\htdocs\petforyou\system\View\View.php(210): include()
#1 C:\xampp\htdocs\petforyou\system\View\View.php(213): CodeIgniter\View\View->CodeIgniter\View\{closure}()
#2 C:\xampp\htdocs\petforyou\system\Common.php(1089): CodeIgniter\View\View->render('home_view/js', Array, true)
#3 C:\xampp\htdocs\petforyou\app\Views\home_view\home.php(488): view('home_view/js')
#4 C:\xampp\htdocs\petforyou\system\View\View.php(210): include('C:\\xampp\\htdocs...')
#5 C:\xampp\htdocs\petforyou\system\View\View.php(213): CodeIgniter\View\View->CodeIgniter\View\{closure}()
#6 C:\xampp\htdocs\petforyou\system\Common.php(1089): CodeIgniter\View\View->render('home_view/home....', Array, true)
#7 C:\xampp\htdocs\petforyou\app\Controllers\Home.php(13): view('home_view/home....')
#8 C:\xampp\htdocs\petforyou\system\CodeIgniter.php(832): App\Controllers\Home->getValue()
#9 C:\xampp\htdocs\petforyou\system\CodeIgniter.php(419): CodeIgniter\CodeIgniter->runController(Object(App\Controllers\Home))
#10 C:\xampp\htdocs\petforyou\system\CodeIgniter.php(326): CodeIgniter\CodeIgniter->handleRequest(NULL, Object(Config\Cache), false)
#11 C:\xampp\htdocs\petforyou\public\index.php(37): CodeIgniter\CodeIgniter->run()
#12 {main}
CRITICAL - 2022-03-26 12:45:29 --> Call to undefined function script_tag()
#0 C:\xampp\htdocs\petforyou\system\View\View.php(210): include()
#1 C:\xampp\htdocs\petforyou\system\View\View.php(213): CodeIgniter\View\View->CodeIgniter\View\{closure}()
#2 C:\xampp\htdocs\petforyou\system\Common.php(1089): CodeIgniter\View\View->render('home_view/js', Array, true)
#3 C:\xampp\htdocs\petforyou\app\Views\home_view\home.php(488): view('home_view/js')
#4 C:\xampp\htdocs\petforyou\system\View\View.php(210): include('C:\\xampp\\htdocs...')
#5 C:\xampp\htdocs\petforyou\system\View\View.php(213): CodeIgniter\View\View->CodeIgniter\View\{closure}()
#6 C:\xampp\htdocs\petforyou\system\Common.php(1089): CodeIgniter\View\View->render('home_view/home....', Array, true)
#7 C:\xampp\htdocs\petforyou\app\Controllers\Home.php(13): view('home_view/home....')
#8 C:\xampp\htdocs\petforyou\system\CodeIgniter.php(832): App\Controllers\Home->getValue()
#9 C:\xampp\htdocs\petforyou\system\CodeIgniter.php(419): CodeIgniter\CodeIgniter->runController(Object(App\Controllers\Home))
#10 C:\xampp\htdocs\petforyou\system\CodeIgniter.php(326): CodeIgniter\CodeIgniter->handleRequest(NULL, Object(Config\Cache), false)
#11 C:\xampp\htdocs\petforyou\public\index.php(37): CodeIgniter\CodeIgniter->run()
#12 {main}
CRITICAL - 2022-03-26 12:50:03 --> Invalid file: js.php
#0 C:\xampp\htdocs\petforyou\system\View\View.php(198): CodeIgniter\Exceptions\FrameworkException::forInvalidFile('js.php')
#1 C:\xampp\htdocs\petforyou\system\Common.php(1089): CodeIgniter\View\View->render('js.php', Array, true)
#2 C:\xampp\htdocs\petforyou\app\Views\home_view\home.php(487): view('js.php')
#3 C:\xampp\htdocs\petforyou\system\View\View.php(210): include('C:\\xampp\\htdocs...')
#4 C:\xampp\htdocs\petforyou\system\View\View.php(213): CodeIgniter\View\View->CodeIgniter\View\{closure}()
#5 C:\xampp\htdocs\petforyou\system\Common.php(1089): CodeIgniter\View\View->render('home_view/home....', Array, true)
#6 C:\xampp\htdocs\petforyou\app\Controllers\Home.php(13): view('home_view/home....')
#7 C:\xampp\htdocs\petforyou\system\CodeIgniter.php(832): App\Controllers\Home->getValue()
#8 C:\xampp\htdocs\petforyou\system\CodeIgniter.php(419): CodeIgniter\CodeIgniter->runController(Object(App\Controllers\Home))
#9 C:\xampp\htdocs\petforyou\system\CodeIgniter.php(326): CodeIgniter\CodeIgniter->handleRequest(NULL, Object(Config\Cache), false)
#10 C:\xampp\htdocs\petforyou\public\index.php(37): CodeIgniter\CodeIgniter->run()
#11 {main}
CRITICAL - 2022-03-26 12:50:38 --> Call to a member function view() on null
#0 C:\xampp\htdocs\petforyou\system\View\View.php(210): include()
#1 C:\xampp\htdocs\petforyou\system\View\View.php(213): CodeIgniter\View\View->CodeIgniter\View\{closure}()
#2 C:\xampp\htdocs\petforyou\system\Common.php(1089): CodeIgniter\View\View->render('home_view/home....', Array, true)
#3 C:\xampp\htdocs\petforyou\app\Controllers\Home.php(13): view('home_view/home....')
#4 C:\xampp\htdocs\petforyou\system\CodeIgniter.php(832): App\Controllers\Home->getValue()
#5 C:\xampp\htdocs\petforyou\system\CodeIgniter.php(419): CodeIgniter\CodeIgniter->runController(Object(App\Controllers\Home))
#6 C:\xampp\htdocs\petforyou\system\CodeIgniter.php(326): CodeIgniter\CodeIgniter->handleRequest(NULL, Object(Config\Cache), false)
#7 C:\xampp\htdocs\petforyou\public\index.php(37): CodeIgniter\CodeIgniter->run()
#8 {main}
CRITICAL - 2022-03-26 12:52:47 --> Invalid file: js.php
#0 C:\xampp\htdocs\petforyou\system\View\View.php(198): CodeIgniter\Exceptions\FrameworkException::forInvalidFile('js.php')
#1 C:\xampp\htdocs\petforyou\system\View\View.php(424): CodeIgniter\View\View->render('js.php', NULL, true)
#2 C:\xampp\htdocs\petforyou\app\Views\home_view\home.php(487): CodeIgniter\View\View->include('js.php')
#3 C:\xampp\htdocs\petforyou\system\View\View.php(210): include('C:\\xampp\\htdocs...')
#4 C:\xampp\htdocs\petforyou\system\View\View.php(213): CodeIgniter\View\View->CodeIgniter\View\{closure}()
#5 C:\xampp\htdocs\petforyou\system\Common.php(1089): CodeIgniter\View\View->render('home_view/home....', Array, true)
#6 C:\xampp\htdocs\petforyou\app\Controllers\Home.php(13): view('home_view/home....')
#7 C:\xampp\htdocs\petforyou\system\CodeIgniter.php(832): App\Controllers\Home->getValue()
#8 C:\xampp\htdocs\petforyou\system\CodeIgniter.php(419): CodeIgniter\CodeIgniter->runController(Object(App\Controllers\Home))
#9 C:\xampp\htdocs\petforyou\system\CodeIgniter.php(326): CodeIgniter\CodeIgniter->handleRequest(NULL, Object(Config\Cache), false)
#10 C:\xampp\htdocs\petforyou\public\index.php(37): CodeIgniter\CodeIgniter->run()
#11 {main}
CRITICAL - 2022-03-26 12:52:48 --> Invalid file: js.php
#0 C:\xampp\htdocs\petforyou\system\View\View.php(198): CodeIgniter\Exceptions\FrameworkException::forInvalidFile('js.php')
#1 C:\xampp\htdocs\petforyou\system\View\View.php(424): CodeIgniter\View\View->render('js.php', NULL, true)
#2 C:\xampp\htdocs\petforyou\app\Views\home_view\home.php(487): CodeIgniter\View\View->include('js.php')
#3 C:\xampp\htdocs\petforyou\system\View\View.php(210): include('C:\\xampp\\htdocs...')
#4 C:\xampp\htdocs\petforyou\system\View\View.php(213): CodeIgniter\View\View->CodeIgniter\View\{closure}()
#5 C:\xampp\htdocs\petforyou\system\Common.php(1089): CodeIgniter\View\View->render('home_view/home....', Array, true)
#6 C:\xampp\htdocs\petforyou\app\Controllers\Home.php(13): view('home_view/home....')
#7 C:\xampp\htdocs\petforyou\system\CodeIgniter.php(832): App\Controllers\Home->getValue()
#8 C:\xampp\htdocs\petforyou\system\CodeIgniter.php(419): CodeIgniter\CodeIgniter->runController(Object(App\Controllers\Home))
#9 C:\xampp\htdocs\petforyou\system\CodeIgniter.php(326): CodeIgniter\CodeIgniter->handleRequest(NULL, Object(Config\Cache), false)
#10 C:\xampp\htdocs\petforyou\public\index.php(37): CodeIgniter\CodeIgniter->run()
#11 {main}
