CRITICAL - 2022-03-31 10:21:08 --> Class 'Config\AuthFilter' not found
#0 C:\xampp\htdocs\petforyou\system\CodeIgniter.php(393): CodeIgniter\Filters\Filters->run('person', 'before')
#1 C:\xampp\htdocs\petforyou\system\CodeIgniter.php(326): CodeIgniter\CodeIgniter->handleRequest(NULL, Object(Config\Cache), false)
#2 C:\xampp\htdocs\petforyou\public\index.php(37): CodeIgniter\CodeIgniter->run()
#3 {main}
CRITICAL - 2022-03-31 10:21:13 --> Class 'Config\AuthFilter' not found
#0 C:\xampp\htdocs\petforyou\system\CodeIgniter.php(393): CodeIgniter\Filters\Filters->run('person', 'before')
#1 C:\xampp\htdocs\petforyou\system\CodeIgniter.php(326): CodeIgniter\CodeIgniter->handleRequest(NULL, Object(Config\Cache), false)
#2 C:\xampp\htdocs\petforyou\public\index.php(37): CodeIgniter\CodeIgniter->run()
#3 {main}
CRITICAL - 2022-03-31 10:21:26 --> Class 'Config\AuthFilter' not found
#0 C:\xampp\htdocs\petforyou\system\CodeIgniter.php(393): CodeIgniter\Filters\Filters->run('person', 'before')
#1 C:\xampp\htdocs\petforyou\system\CodeIgniter.php(326): CodeIgniter\CodeIgniter->handleRequest(NULL, Object(Config\Cache), false)
#2 C:\xampp\htdocs\petforyou\public\index.php(37): CodeIgniter\CodeIgniter->run()
#3 {main}
CRITICAL - 2022-03-31 10:21:28 --> Class 'Config\AuthFilter' not found
#0 C:\xampp\htdocs\petforyou\system\CodeIgniter.php(393): CodeIgniter\Filters\Filters->run('person', 'before')
#1 C:\xampp\htdocs\petforyou\system\CodeIgniter.php(326): CodeIgniter\CodeIgniter->handleRequest(NULL, Object(Config\Cache), false)
#2 C:\xampp\htdocs\petforyou\public\index.php(37): CodeIgniter\CodeIgniter->run()
#3 {main}
CRITICAL - 2022-03-31 10:21:28 --> Class 'Config\AuthFilter' not found
#0 C:\xampp\htdocs\petforyou\system\CodeIgniter.php(393): CodeIgniter\Filters\Filters->run('person', 'before')
#1 C:\xampp\htdocs\petforyou\system\CodeIgniter.php(326): CodeIgniter\CodeIgniter->handleRequest(NULL, Object(Config\Cache), false)
#2 C:\xampp\htdocs\petforyou\public\index.php(37): CodeIgniter\CodeIgniter->run()
#3 {main}
CRITICAL - 2022-03-31 10:22:29 --> Class 'Config\AuthFilter' not found
#0 C:\xampp\htdocs\petforyou\system\CodeIgniter.php(393): CodeIgniter\Filters\Filters->run('person', 'before')
#1 C:\xampp\htdocs\petforyou\system\CodeIgniter.php(326): CodeIgniter\CodeIgniter->handleRequest(NULL, Object(Config\Cache), false)
#2 C:\xampp\htdocs\petforyou\public\index.php(37): CodeIgniter\CodeIgniter->run()
#3 {main}
CRITICAL - 2022-03-31 10:22:29 --> Class 'Config\AuthFilter' not found
#0 C:\xampp\htdocs\petforyou\system\CodeIgniter.php(393): CodeIgniter\Filters\Filters->run('person', 'before')
#1 C:\xampp\htdocs\petforyou\system\CodeIgniter.php(326): CodeIgniter\CodeIgniter->handleRequest(NULL, Object(Config\Cache), false)
#2 C:\xampp\htdocs\petforyou\public\index.php(37): CodeIgniter\CodeIgniter->run()
#3 {main}
CRITICAL - 2022-03-31 10:22:30 --> Class 'Config\AuthFilter' not found
#0 C:\xampp\htdocs\petforyou\system\CodeIgniter.php(393): CodeIgniter\Filters\Filters->run('person', 'before')
#1 C:\xampp\htdocs\petforyou\system\CodeIgniter.php(326): CodeIgniter\CodeIgniter->handleRequest(NULL, Object(Config\Cache), false)
#2 C:\xampp\htdocs\petforyou\public\index.php(37): CodeIgniter\CodeIgniter->run()
#3 {main}
CRITICAL - 2022-03-31 10:22:40 --> Class 'Config\AuthFilter' not found
#0 C:\xampp\htdocs\petforyou\system\CodeIgniter.php(393): CodeIgniter\Filters\Filters->run('person', 'before')
#1 C:\xampp\htdocs\petforyou\system\CodeIgniter.php(326): CodeIgniter\CodeIgniter->handleRequest(NULL, Object(Config\Cache), false)
#2 C:\xampp\htdocs\petforyou\public\index.php(37): CodeIgniter\CodeIgniter->run()
#3 {main}
CRITICAL - 2022-03-31 10:23:20 --> Class 'Config\AuthFilter' not found
#0 C:\xampp\htdocs\petforyou\system\CodeIgniter.php(393): CodeIgniter\Filters\Filters->run('person', 'before')
#1 C:\xampp\htdocs\petforyou\system\CodeIgniter.php(326): CodeIgniter\CodeIgniter->handleRequest(NULL, Object(Config\Cache), false)
#2 C:\xampp\htdocs\petforyou\public\index.php(37): CodeIgniter\CodeIgniter->run()
#3 {main}
CRITICAL - 2022-03-31 10:23:20 --> Class 'Config\AuthFilter' not found
#0 C:\xampp\htdocs\petforyou\system\CodeIgniter.php(393): CodeIgniter\Filters\Filters->run('person', 'before')
#1 C:\xampp\htdocs\petforyou\system\CodeIgniter.php(326): CodeIgniter\CodeIgniter->handleRequest(NULL, Object(Config\Cache), false)
#2 C:\xampp\htdocs\petforyou\public\index.php(37): CodeIgniter\CodeIgniter->run()
#3 {main}
CRITICAL - 2022-03-31 10:23:25 --> Class 'Config\AuthFilter' not found
#0 C:\xampp\htdocs\petforyou\system\CodeIgniter.php(393): CodeIgniter\Filters\Filters->run('person', 'before')
#1 C:\xampp\htdocs\petforyou\system\CodeIgniter.php(326): CodeIgniter\CodeIgniter->handleRequest(NULL, Object(Config\Cache), false)
#2 C:\xampp\htdocs\petforyou\public\index.php(37): CodeIgniter\CodeIgniter->run()
#3 {main}
CRITICAL - 2022-03-31 10:25:38 --> Class 'CodeIgniter\Filters\AuthFilter' not found
#0 C:\xampp\htdocs\petforyou\system\CodeIgniter.php(393): CodeIgniter\Filters\Filters->run('person', 'before')
#1 C:\xampp\htdocs\petforyou\system\CodeIgniter.php(326): CodeIgniter\CodeIgniter->handleRequest(NULL, Object(Config\Cache), false)
#2 C:\xampp\htdocs\petforyou\public\index.php(37): CodeIgniter\CodeIgniter->run()
#3 {main}
CRITICAL - 2022-03-31 10:25:39 --> Class 'CodeIgniter\Filters\AuthFilter' not found
#0 C:\xampp\htdocs\petforyou\system\CodeIgniter.php(393): CodeIgniter\Filters\Filters->run('person', 'before')
#1 C:\xampp\htdocs\petforyou\system\CodeIgniter.php(326): CodeIgniter\CodeIgniter->handleRequest(NULL, Object(Config\Cache), false)
#2 C:\xampp\htdocs\petforyou\public\index.php(37): CodeIgniter\CodeIgniter->run()
#3 {main}
CRITICAL - 2022-03-31 10:25:39 --> Class 'CodeIgniter\Filters\AuthFilter' not found
#0 C:\xampp\htdocs\petforyou\system\CodeIgniter.php(393): CodeIgniter\Filters\Filters->run('person', 'before')
#1 C:\xampp\htdocs\petforyou\system\CodeIgniter.php(326): CodeIgniter\CodeIgniter->handleRequest(NULL, Object(Config\Cache), false)
#2 C:\xampp\htdocs\petforyou\public\index.php(37): CodeIgniter\CodeIgniter->run()
#3 {main}
CRITICAL - 2022-03-31 10:28:26 --> Class 'CodeIgniter\Filters\AuthFilter' not found
#0 C:\xampp\htdocs\petforyou\system\CodeIgniter.php(393): CodeIgniter\Filters\Filters->run('person', 'before')
#1 C:\xampp\htdocs\petforyou\system\CodeIgniter.php(326): CodeIgniter\CodeIgniter->handleRequest(NULL, Object(Config\Cache), false)
#2 C:\xampp\htdocs\petforyou\public\index.php(37): CodeIgniter\CodeIgniter->run()
#3 {main}
CRITICAL - 2022-03-31 10:28:27 --> Class 'CodeIgniter\Filters\AuthFilter' not found
#0 C:\xampp\htdocs\petforyou\system\CodeIgniter.php(393): CodeIgniter\Filters\Filters->run('person', 'before')
#1 C:\xampp\htdocs\petforyou\system\CodeIgniter.php(326): CodeIgniter\CodeIgniter->handleRequest(NULL, Object(Config\Cache), false)
#2 C:\xampp\htdocs\petforyou\public\index.php(37): CodeIgniter\CodeIgniter->run()
#3 {main}
CRITICAL - 2022-03-31 10:28:35 --> Class 'CodeIgniter\Filters\AuthFilter' not found
#0 C:\xampp\htdocs\petforyou\system\CodeIgniter.php(393): CodeIgniter\Filters\Filters->run('person', 'before')
#1 C:\xampp\htdocs\petforyou\system\CodeIgniter.php(326): CodeIgniter\CodeIgniter->handleRequest(NULL, Object(Config\Cache), false)
#2 C:\xampp\htdocs\petforyou\public\index.php(37): CodeIgniter\CodeIgniter->run()
#3 {main}
CRITICAL - 2022-03-31 10:29:02 --> Class 'CodeIgniter\Filters\AuthFilter' not found
#0 C:\xampp\htdocs\petforyou\system\CodeIgniter.php(393): CodeIgniter\Filters\Filters->run('person', 'before')
#1 C:\xampp\htdocs\petforyou\system\CodeIgniter.php(326): CodeIgniter\CodeIgniter->handleRequest(NULL, Object(Config\Cache), false)
#2 C:\xampp\htdocs\petforyou\public\index.php(37): CodeIgniter\CodeIgniter->run()
#3 {main}
CRITICAL - 2022-03-31 10:29:03 --> Class 'CodeIgniter\Filters\AuthFilter' not found
#0 C:\xampp\htdocs\petforyou\system\CodeIgniter.php(393): CodeIgniter\Filters\Filters->run('person', 'before')
#1 C:\xampp\htdocs\petforyou\system\CodeIgniter.php(326): CodeIgniter\CodeIgniter->handleRequest(NULL, Object(Config\Cache), false)
#2 C:\xampp\htdocs\petforyou\public\index.php(37): CodeIgniter\CodeIgniter->run()
#3 {main}
CRITICAL - 2022-03-31 10:29:43 --> Class 'CodeIgniter\Filters\AuthFilter' not found
#0 C:\xampp\htdocs\petforyou\system\CodeIgniter.php(393): CodeIgniter\Filters\Filters->run('person', 'before')
#1 C:\xampp\htdocs\petforyou\system\CodeIgniter.php(326): CodeIgniter\CodeIgniter->handleRequest(NULL, Object(Config\Cache), false)
#2 C:\xampp\htdocs\petforyou\public\index.php(37): CodeIgniter\CodeIgniter->run()
#3 {main}
CRITICAL - 2022-03-31 10:29:44 --> Class 'CodeIgniter\Filters\AuthFilter' not found
#0 C:\xampp\htdocs\petforyou\system\CodeIgniter.php(393): CodeIgniter\Filters\Filters->run('person', 'before')
#1 C:\xampp\htdocs\petforyou\system\CodeIgniter.php(326): CodeIgniter\CodeIgniter->handleRequest(NULL, Object(Config\Cache), false)
#2 C:\xampp\htdocs\petforyou\public\index.php(37): CodeIgniter\CodeIgniter->run()
#3 {main}
CRITICAL - 2022-03-31 10:31:27 --> Class 'CodeIgniter\Filters\AuthFilter' not found
#0 C:\xampp\htdocs\petforyou\system\CodeIgniter.php(393): CodeIgniter\Filters\Filters->run('person', 'before')
#1 C:\xampp\htdocs\petforyou\system\CodeIgniter.php(326): CodeIgniter\CodeIgniter->handleRequest(NULL, Object(Config\Cache), false)
#2 C:\xampp\htdocs\petforyou\public\index.php(37): CodeIgniter\CodeIgniter->run()
#3 {main}
CRITICAL - 2022-03-31 10:31:28 --> Class 'CodeIgniter\Filters\AuthFilter' not found
#0 C:\xampp\htdocs\petforyou\system\CodeIgniter.php(393): CodeIgniter\Filters\Filters->run('person', 'before')
#1 C:\xampp\htdocs\petforyou\system\CodeIgniter.php(326): CodeIgniter\CodeIgniter->handleRequest(NULL, Object(Config\Cache), false)
#2 C:\xampp\htdocs\petforyou\public\index.php(37): CodeIgniter\CodeIgniter->run()
#3 {main}
CRITICAL - 2022-03-31 10:31:33 --> Class 'CodeIgniter\Filters\AuthFilter' not found
#0 C:\xampp\htdocs\petforyou\system\CodeIgniter.php(393): CodeIgniter\Filters\Filters->run('person', 'before')
#1 C:\xampp\htdocs\petforyou\system\CodeIgniter.php(326): CodeIgniter\CodeIgniter->handleRequest(NULL, Object(Config\Cache), false)
#2 C:\xampp\htdocs\petforyou\public\index.php(37): CodeIgniter\CodeIgniter->run()
#3 {main}
CRITICAL - 2022-03-31 10:31:58 --> Class 'CodeIgniter\Filters\AuthFilter' not found
#0 C:\xampp\htdocs\petforyou\system\CodeIgniter.php(393): CodeIgniter\Filters\Filters->run('person', 'before')
#1 C:\xampp\htdocs\petforyou\system\CodeIgniter.php(326): CodeIgniter\CodeIgniter->handleRequest(NULL, Object(Config\Cache), false)
#2 C:\xampp\htdocs\petforyou\public\index.php(37): CodeIgniter\CodeIgniter->run()
#3 {main}
CRITICAL - 2022-03-31 10:31:59 --> Class 'CodeIgniter\Filters\AuthFilter' not found
#0 C:\xampp\htdocs\petforyou\system\CodeIgniter.php(393): CodeIgniter\Filters\Filters->run('person', 'before')
#1 C:\xampp\htdocs\petforyou\system\CodeIgniter.php(326): CodeIgniter\CodeIgniter->handleRequest(NULL, Object(Config\Cache), false)
#2 C:\xampp\htdocs\petforyou\public\index.php(37): CodeIgniter\CodeIgniter->run()
#3 {main}
CRITICAL - 2022-03-31 10:32:00 --> Class 'CodeIgniter\Filters\AuthFilter' not found
#0 C:\xampp\htdocs\petforyou\system\CodeIgniter.php(393): CodeIgniter\Filters\Filters->run('person', 'before')
#1 C:\xampp\htdocs\petforyou\system\CodeIgniter.php(326): CodeIgniter\CodeIgniter->handleRequest(NULL, Object(Config\Cache), false)
#2 C:\xampp\htdocs\petforyou\public\index.php(37): CodeIgniter\CodeIgniter->run()
#3 {main}
CRITICAL - 2022-03-31 10:32:02 --> Class 'CodeIgniter\Filters\AuthFilter' not found
#0 C:\xampp\htdocs\petforyou\system\CodeIgniter.php(393): CodeIgniter\Filters\Filters->run('person', 'before')
#1 C:\xampp\htdocs\petforyou\system\CodeIgniter.php(326): CodeIgniter\CodeIgniter->handleRequest(NULL, Object(Config\Cache), false)
#2 C:\xampp\htdocs\petforyou\public\index.php(37): CodeIgniter\CodeIgniter->run()
#3 {main}
