CRITICAL - 2022-03-27 07:30:38 --> include(base_view/css.php): failed to open stream: No such file or directory
#0 C:\xampp\htdocs\petforyou\app\Views\home_view\home.php(11): CodeIgniter\Debug\Exceptions->errorHandler(2, 'include(base_vi...', 'C:\\xampp\\htdocs...', 11, Array)
#1 C:\xampp\htdocs\petforyou\app\Views\home_view\home.php(11): include()
#2 C:\xampp\htdocs\petforyou\system\View\View.php(210): include('C:\\xampp\\htdocs...')
#3 C:\xampp\htdocs\petforyou\system\View\View.php(213): CodeIgniter\View\View->CodeIgniter\View\{closure}()
#4 C:\xampp\htdocs\petforyou\system\Common.php(1089): CodeIgniter\View\View->render('home_view/home....', Array, true)
#5 C:\xampp\htdocs\petforyou\app\Controllers\Home.php(13): view('home_view/home....')
#6 C:\xampp\htdocs\petforyou\system\CodeIgniter.php(832): App\Controllers\Home->getValue()
#7 C:\xampp\htdocs\petforyou\system\CodeIgniter.php(419): CodeIgniter\CodeIgniter->runController(Object(App\Controllers\Home))
#8 C:\xampp\htdocs\petforyou\system\CodeIgniter.php(326): CodeIgniter\CodeIgniter->handleRequest(NULL, Object(Config\Cache), false)
#9 C:\xampp\htdocs\petforyou\public\index.php(37): CodeIgniter\CodeIgniter->run()
#10 {main}
CRITICAL - 2022-03-27 07:30:53 --> include(base_view/css.php): failed to open stream: No such file or directory
#0 C:\xampp\htdocs\petforyou\app\Views\home_view\home.php(11): CodeIgniter\Debug\Exceptions->errorHandler(2, 'include(base_vi...', 'C:\\xampp\\htdocs...', 11, Array)
#1 C:\xampp\htdocs\petforyou\app\Views\home_view\home.php(11): include()
#2 C:\xampp\htdocs\petforyou\system\View\View.php(210): include('C:\\xampp\\htdocs...')
#3 C:\xampp\htdocs\petforyou\system\View\View.php(213): CodeIgniter\View\View->CodeIgniter\View\{closure}()
#4 C:\xampp\htdocs\petforyou\system\Common.php(1089): CodeIgniter\View\View->render('home_view/home....', Array, true)
#5 C:\xampp\htdocs\petforyou\app\Controllers\Home.php(13): view('home_view/home....')
#6 C:\xampp\htdocs\petforyou\system\CodeIgniter.php(832): App\Controllers\Home->getValue()
#7 C:\xampp\htdocs\petforyou\system\CodeIgniter.php(419): CodeIgniter\CodeIgniter->runController(Object(App\Controllers\Home))
#8 C:\xampp\htdocs\petforyou\system\CodeIgniter.php(326): CodeIgniter\CodeIgniter->handleRequest(NULL, Object(Config\Cache), false)
#9 C:\xampp\htdocs\petforyou\public\index.php(37): CodeIgniter\CodeIgniter->run()
#10 {main}
CRITICAL - 2022-03-27 07:31:07 --> include(base_view/css.php): failed to open stream: No such file or directory
#0 C:\xampp\htdocs\petforyou\app\Views\home_view\home.php(11): CodeIgniter\Debug\Exceptions->errorHandler(2, 'include(base_vi...', 'C:\\xampp\\htdocs...', 11, Array)
#1 C:\xampp\htdocs\petforyou\app\Views\home_view\home.php(11): include()
#2 C:\xampp\htdocs\petforyou\system\View\View.php(210): include('C:\\xampp\\htdocs...')
#3 C:\xampp\htdocs\petforyou\system\View\View.php(213): CodeIgniter\View\View->CodeIgniter\View\{closure}()
#4 C:\xampp\htdocs\petforyou\system\Common.php(1089): CodeIgniter\View\View->render('home_view/home....', Array, true)
#5 C:\xampp\htdocs\petforyou\app\Controllers\Home.php(13): view('home_view/home....')
#6 C:\xampp\htdocs\petforyou\system\CodeIgniter.php(832): App\Controllers\Home->getValue()
#7 C:\xampp\htdocs\petforyou\system\CodeIgniter.php(419): CodeIgniter\CodeIgniter->runController(Object(App\Controllers\Home))
#8 C:\xampp\htdocs\petforyou\system\CodeIgniter.php(326): CodeIgniter\CodeIgniter->handleRequest(NULL, Object(Config\Cache), false)
#9 C:\xampp\htdocs\petforyou\public\index.php(37): CodeIgniter\CodeIgniter->run()
#10 {main}
CRITICAL - 2022-03-27 07:31:17 --> include(./base_view/css.php): failed to open stream: No such file or directory
#0 C:\xampp\htdocs\petforyou\app\Views\home_view\home.php(11): CodeIgniter\Debug\Exceptions->errorHandler(2, 'include(./base_...', 'C:\\xampp\\htdocs...', 11, Array)
#1 C:\xampp\htdocs\petforyou\app\Views\home_view\home.php(11): include()
#2 C:\xampp\htdocs\petforyou\system\View\View.php(210): include('C:\\xampp\\htdocs...')
#3 C:\xampp\htdocs\petforyou\system\View\View.php(213): CodeIgniter\View\View->CodeIgniter\View\{closure}()
#4 C:\xampp\htdocs\petforyou\system\Common.php(1089): CodeIgniter\View\View->render('home_view/home....', Array, true)
#5 C:\xampp\htdocs\petforyou\app\Controllers\Home.php(13): view('home_view/home....')
#6 C:\xampp\htdocs\petforyou\system\CodeIgniter.php(832): App\Controllers\Home->getValue()
#7 C:\xampp\htdocs\petforyou\system\CodeIgniter.php(419): CodeIgniter\CodeIgniter->runController(Object(App\Controllers\Home))
#8 C:\xampp\htdocs\petforyou\system\CodeIgniter.php(326): CodeIgniter\CodeIgniter->handleRequest(NULL, Object(Config\Cache), false)
#9 C:\xampp\htdocs\petforyou\public\index.php(37): CodeIgniter\CodeIgniter->run()
#10 {main}
CRITICAL - 2022-03-27 07:32:05 --> include(): http:// wrapper is disabled in the server configuration by allow_url_include=0
#0 C:\xampp\htdocs\petforyou\app\Views\home_view\home.php(11): CodeIgniter\Debug\Exceptions->errorHandler(2, 'include(): http...', 'C:\\xampp\\htdocs...', 11, Array)
#1 C:\xampp\htdocs\petforyou\app\Views\home_view\home.php(11): include()
#2 C:\xampp\htdocs\petforyou\system\View\View.php(210): include('C:\\xampp\\htdocs...')
#3 C:\xampp\htdocs\petforyou\system\View\View.php(213): CodeIgniter\View\View->CodeIgniter\View\{closure}()
#4 C:\xampp\htdocs\petforyou\system\Common.php(1089): CodeIgniter\View\View->render('home_view/home....', Array, true)
#5 C:\xampp\htdocs\petforyou\app\Controllers\Home.php(13): view('home_view/home....')
#6 C:\xampp\htdocs\petforyou\system\CodeIgniter.php(832): App\Controllers\Home->getValue()
#7 C:\xampp\htdocs\petforyou\system\CodeIgniter.php(419): CodeIgniter\CodeIgniter->runController(Object(App\Controllers\Home))
#8 C:\xampp\htdocs\petforyou\system\CodeIgniter.php(326): CodeIgniter\CodeIgniter->handleRequest(NULL, Object(Config\Cache), false)
#9 C:\xampp\htdocs\petforyou\public\index.php(37): CodeIgniter\CodeIgniter->run()
#10 {main}
CRITICAL - 2022-03-27 07:32:06 --> include(): http:// wrapper is disabled in the server configuration by allow_url_include=0
#0 C:\xampp\htdocs\petforyou\app\Views\home_view\home.php(11): CodeIgniter\Debug\Exceptions->errorHandler(2, 'include(): http...', 'C:\\xampp\\htdocs...', 11, Array)
#1 C:\xampp\htdocs\petforyou\app\Views\home_view\home.php(11): include()
#2 C:\xampp\htdocs\petforyou\system\View\View.php(210): include('C:\\xampp\\htdocs...')
#3 C:\xampp\htdocs\petforyou\system\View\View.php(213): CodeIgniter\View\View->CodeIgniter\View\{closure}()
#4 C:\xampp\htdocs\petforyou\system\Common.php(1089): CodeIgniter\View\View->render('home_view/home....', Array, true)
#5 C:\xampp\htdocs\petforyou\app\Controllers\Home.php(13): view('home_view/home....')
#6 C:\xampp\htdocs\petforyou\system\CodeIgniter.php(832): App\Controllers\Home->getValue()
#7 C:\xampp\htdocs\petforyou\system\CodeIgniter.php(419): CodeIgniter\CodeIgniter->runController(Object(App\Controllers\Home))
#8 C:\xampp\htdocs\petforyou\system\CodeIgniter.php(326): CodeIgniter\CodeIgniter->handleRequest(NULL, Object(Config\Cache), false)
#9 C:\xampp\htdocs\petforyou\public\index.php(37): CodeIgniter\CodeIgniter->run()
#10 {main}
CRITICAL - 2022-03-27 07:33:39 --> include(../base_view/header.php): failed to open stream: No such file or directory
#0 C:\xampp\htdocs\petforyou\app\Views\home_view\home.php(20): CodeIgniter\Debug\Exceptions->errorHandler(2, 'include(../base...', 'C:\\xampp\\htdocs...', 20, Array)
#1 C:\xampp\htdocs\petforyou\app\Views\home_view\home.php(20): include()
#2 C:\xampp\htdocs\petforyou\system\View\View.php(210): include('C:\\xampp\\htdocs...')
#3 C:\xampp\htdocs\petforyou\system\View\View.php(213): CodeIgniter\View\View->CodeIgniter\View\{closure}()
#4 C:\xampp\htdocs\petforyou\system\Common.php(1089): CodeIgniter\View\View->render('home_view/home....', Array, true)
#5 C:\xampp\htdocs\petforyou\app\Controllers\Home.php(13): view('home_view/home....')
#6 C:\xampp\htdocs\petforyou\system\CodeIgniter.php(832): App\Controllers\Home->getValue()
#7 C:\xampp\htdocs\petforyou\system\CodeIgniter.php(419): CodeIgniter\CodeIgniter->runController(Object(App\Controllers\Home))
#8 C:\xampp\htdocs\petforyou\system\CodeIgniter.php(326): CodeIgniter\CodeIgniter->handleRequest(NULL, Object(Config\Cache), false)
#9 C:\xampp\htdocs\petforyou\public\index.php(37): CodeIgniter\CodeIgniter->run()
#10 {main}
CRITICAL - 2022-03-27 07:33:41 --> include(../base_view/header.php): failed to open stream: No such file or directory
#0 C:\xampp\htdocs\petforyou\app\Views\home_view\home.php(20): CodeIgniter\Debug\Exceptions->errorHandler(2, 'include(../base...', 'C:\\xampp\\htdocs...', 20, Array)
#1 C:\xampp\htdocs\petforyou\app\Views\home_view\home.php(20): include()
#2 C:\xampp\htdocs\petforyou\system\View\View.php(210): include('C:\\xampp\\htdocs...')
#3 C:\xampp\htdocs\petforyou\system\View\View.php(213): CodeIgniter\View\View->CodeIgniter\View\{closure}()
#4 C:\xampp\htdocs\petforyou\system\Common.php(1089): CodeIgniter\View\View->render('home_view/home....', Array, true)
#5 C:\xampp\htdocs\petforyou\app\Controllers\Home.php(13): view('home_view/home....')
#6 C:\xampp\htdocs\petforyou\system\CodeIgniter.php(832): App\Controllers\Home->getValue()
#7 C:\xampp\htdocs\petforyou\system\CodeIgniter.php(419): CodeIgniter\CodeIgniter->runController(Object(App\Controllers\Home))
#8 C:\xampp\htdocs\petforyou\system\CodeIgniter.php(326): CodeIgniter\CodeIgniter->handleRequest(NULL, Object(Config\Cache), false)
#9 C:\xampp\htdocs\petforyou\public\index.php(37): CodeIgniter\CodeIgniter->run()
#10 {main}
CRITICAL - 2022-03-27 07:35:35 --> Call to a member function view() on null
#0 C:\xampp\htdocs\petforyou\system\View\View.php(210): include()
#1 C:\xampp\htdocs\petforyou\system\View\View.php(213): CodeIgniter\View\View->CodeIgniter\View\{closure}()
#2 C:\xampp\htdocs\petforyou\system\Common.php(1089): CodeIgniter\View\View->render('home_view/home....', Array, true)
#3 C:\xampp\htdocs\petforyou\app\Controllers\Home.php(13): view('home_view/home....')
#4 C:\xampp\htdocs\petforyou\system\CodeIgniter.php(832): App\Controllers\Home->getValue()
#5 C:\xampp\htdocs\petforyou\system\CodeIgniter.php(419): CodeIgniter\CodeIgniter->runController(Object(App\Controllers\Home))
#6 C:\xampp\htdocs\petforyou\system\CodeIgniter.php(326): CodeIgniter\CodeIgniter->handleRequest(NULL, Object(Config\Cache), false)
#7 C:\xampp\htdocs\petforyou\public\index.php(37): CodeIgniter\CodeIgniter->run()
#8 {main}
CRITICAL - 2022-03-27 07:35:36 --> Call to a member function view() on null
#0 C:\xampp\htdocs\petforyou\system\View\View.php(210): include()
#1 C:\xampp\htdocs\petforyou\system\View\View.php(213): CodeIgniter\View\View->CodeIgniter\View\{closure}()
#2 C:\xampp\htdocs\petforyou\system\Common.php(1089): CodeIgniter\View\View->render('home_view/home....', Array, true)
#3 C:\xampp\htdocs\petforyou\app\Controllers\Home.php(13): view('home_view/home....')
#4 C:\xampp\htdocs\petforyou\system\CodeIgniter.php(832): App\Controllers\Home->getValue()
#5 C:\xampp\htdocs\petforyou\system\CodeIgniter.php(419): CodeIgniter\CodeIgniter->runController(Object(App\Controllers\Home))
#6 C:\xampp\htdocs\petforyou\system\CodeIgniter.php(326): CodeIgniter\CodeIgniter->handleRequest(NULL, Object(Config\Cache), false)
#7 C:\xampp\htdocs\petforyou\public\index.php(37): CodeIgniter\CodeIgniter->run()
#8 {main}
CRITICAL - 2022-03-27 07:36:07 --> syntax error, unexpected 'echo' (T_ECHO)
#0 C:\xampp\htdocs\petforyou\system\View\View.php(213): CodeIgniter\View\View->CodeIgniter\View\{closure}()
#1 C:\xampp\htdocs\petforyou\system\Common.php(1089): CodeIgniter\View\View->render('home_view/home....', Array, true)
#2 C:\xampp\htdocs\petforyou\app\Controllers\Home.php(13): view('home_view/home....')
#3 C:\xampp\htdocs\petforyou\system\CodeIgniter.php(832): App\Controllers\Home->getValue()
#4 C:\xampp\htdocs\petforyou\system\CodeIgniter.php(419): CodeIgniter\CodeIgniter->runController(Object(App\Controllers\Home))
#5 C:\xampp\htdocs\petforyou\system\CodeIgniter.php(326): CodeIgniter\CodeIgniter->handleRequest(NULL, Object(Config\Cache), false)
#6 C:\xampp\htdocs\petforyou\public\index.php(37): CodeIgniter\CodeIgniter->run()
#7 {main}
CRITICAL - 2022-03-27 07:40:15 --> Call to a member function view() on null
#0 C:\xampp\htdocs\petforyou\system\View\View.php(210): include()
#1 C:\xampp\htdocs\petforyou\system\View\View.php(213): CodeIgniter\View\View->CodeIgniter\View\{closure}()
#2 C:\xampp\htdocs\petforyou\system\Common.php(1089): CodeIgniter\View\View->render('home_view/home....', Array, true)
#3 C:\xampp\htdocs\petforyou\app\Controllers\Home.php(13): view('home_view/home....')
#4 C:\xampp\htdocs\petforyou\system\CodeIgniter.php(832): App\Controllers\Home->getValue()
#5 C:\xampp\htdocs\petforyou\system\CodeIgniter.php(419): CodeIgniter\CodeIgniter->runController(Object(App\Controllers\Home))
#6 C:\xampp\htdocs\petforyou\system\CodeIgniter.php(326): CodeIgniter\CodeIgniter->handleRequest(NULL, Object(Config\Cache), false)
#7 C:\xampp\htdocs\petforyou\public\index.php(37): CodeIgniter\CodeIgniter->run()
#8 {main}
CRITICAL - 2022-03-27 07:40:23 --> Call to a member function view() on null
#0 C:\xampp\htdocs\petforyou\system\View\View.php(210): include()
#1 C:\xampp\htdocs\petforyou\system\View\View.php(213): CodeIgniter\View\View->CodeIgniter\View\{closure}()
#2 C:\xampp\htdocs\petforyou\system\Common.php(1089): CodeIgniter\View\View->render('home_view/home....', Array, true)
#3 C:\xampp\htdocs\petforyou\app\Controllers\Home.php(13): view('home_view/home....')
#4 C:\xampp\htdocs\petforyou\system\CodeIgniter.php(832): App\Controllers\Home->getValue()
#5 C:\xampp\htdocs\petforyou\system\CodeIgniter.php(419): CodeIgniter\CodeIgniter->runController(Object(App\Controllers\Home))
#6 C:\xampp\htdocs\petforyou\system\CodeIgniter.php(326): CodeIgniter\CodeIgniter->handleRequest(NULL, Object(Config\Cache), false)
#7 C:\xampp\htdocs\petforyou\public\index.php(37): CodeIgniter\CodeIgniter->run()
#8 {main}
CRITICAL - 2022-03-27 07:40:23 --> Call to a member function view() on null
#0 C:\xampp\htdocs\petforyou\system\View\View.php(210): include()
#1 C:\xampp\htdocs\petforyou\system\View\View.php(213): CodeIgniter\View\View->CodeIgniter\View\{closure}()
#2 C:\xampp\htdocs\petforyou\system\Common.php(1089): CodeIgniter\View\View->render('home_view/home....', Array, true)
#3 C:\xampp\htdocs\petforyou\app\Controllers\Home.php(13): view('home_view/home....')
#4 C:\xampp\htdocs\petforyou\system\CodeIgniter.php(832): App\Controllers\Home->getValue()
#5 C:\xampp\htdocs\petforyou\system\CodeIgniter.php(419): CodeIgniter\CodeIgniter->runController(Object(App\Controllers\Home))
#6 C:\xampp\htdocs\petforyou\system\CodeIgniter.php(326): CodeIgniter\CodeIgniter->handleRequest(NULL, Object(Config\Cache), false)
#7 C:\xampp\htdocs\petforyou\public\index.php(37): CodeIgniter\CodeIgniter->run()
#8 {main}
CRITICAL - 2022-03-27 07:41:42 --> Call to a member function view() on null
#0 C:\xampp\htdocs\petforyou\system\View\View.php(210): include()
#1 C:\xampp\htdocs\petforyou\system\View\View.php(213): CodeIgniter\View\View->CodeIgniter\View\{closure}()
#2 C:\xampp\htdocs\petforyou\system\Common.php(1089): CodeIgniter\View\View->render('home_view/home....', Array, true)
#3 C:\xampp\htdocs\petforyou\app\Controllers\Home.php(13): view('home_view/home....')
#4 C:\xampp\htdocs\petforyou\system\CodeIgniter.php(832): App\Controllers\Home->getValue()
#5 C:\xampp\htdocs\petforyou\system\CodeIgniter.php(419): CodeIgniter\CodeIgniter->runController(Object(App\Controllers\Home))
#6 C:\xampp\htdocs\petforyou\system\CodeIgniter.php(326): CodeIgniter\CodeIgniter->handleRequest(NULL, Object(Config\Cache), false)
#7 C:\xampp\htdocs\petforyou\public\index.php(37): CodeIgniter\CodeIgniter->run()
#8 {main}
CRITICAL - 2022-03-27 07:41:43 --> Call to a member function view() on null
#0 C:\xampp\htdocs\petforyou\system\View\View.php(210): include()
#1 C:\xampp\htdocs\petforyou\system\View\View.php(213): CodeIgniter\View\View->CodeIgniter\View\{closure}()
#2 C:\xampp\htdocs\petforyou\system\Common.php(1089): CodeIgniter\View\View->render('home_view/home....', Array, true)
#3 C:\xampp\htdocs\petforyou\app\Controllers\Home.php(13): view('home_view/home....')
#4 C:\xampp\htdocs\petforyou\system\CodeIgniter.php(832): App\Controllers\Home->getValue()
#5 C:\xampp\htdocs\petforyou\system\CodeIgniter.php(419): CodeIgniter\CodeIgniter->runController(Object(App\Controllers\Home))
#6 C:\xampp\htdocs\petforyou\system\CodeIgniter.php(326): CodeIgniter\CodeIgniter->handleRequest(NULL, Object(Config\Cache), false)
#7 C:\xampp\htdocs\petforyou\public\index.php(37): CodeIgniter\CodeIgniter->run()
#8 {main}
CRITICAL - 2022-03-27 07:43:05 --> Call to a member function view() on null
#0 C:\xampp\htdocs\petforyou\system\View\View.php(210): include()
#1 C:\xampp\htdocs\petforyou\system\View\View.php(213): CodeIgniter\View\View->CodeIgniter\View\{closure}()
#2 C:\xampp\htdocs\petforyou\system\Common.php(1089): CodeIgniter\View\View->render('home_view/home....', Array, true)
#3 C:\xampp\htdocs\petforyou\app\Controllers\Home.php(13): view('home_view/home....')
#4 C:\xampp\htdocs\petforyou\system\CodeIgniter.php(832): App\Controllers\Home->getValue()
#5 C:\xampp\htdocs\petforyou\system\CodeIgniter.php(419): CodeIgniter\CodeIgniter->runController(Object(App\Controllers\Home))
#6 C:\xampp\htdocs\petforyou\system\CodeIgniter.php(326): CodeIgniter\CodeIgniter->handleRequest(NULL, Object(Config\Cache), false)
#7 C:\xampp\htdocs\petforyou\public\index.php(37): CodeIgniter\CodeIgniter->run()
#8 {main}
CRITICAL - 2022-03-27 07:43:08 --> Call to a member function view() on null
#0 C:\xampp\htdocs\petforyou\system\View\View.php(210): include()
#1 C:\xampp\htdocs\petforyou\system\View\View.php(213): CodeIgniter\View\View->CodeIgniter\View\{closure}()
#2 C:\xampp\htdocs\petforyou\system\Common.php(1089): CodeIgniter\View\View->render('home_view/home....', Array, true)
#3 C:\xampp\htdocs\petforyou\app\Controllers\Home.php(13): view('home_view/home....')
#4 C:\xampp\htdocs\petforyou\system\CodeIgniter.php(832): App\Controllers\Home->getValue()
#5 C:\xampp\htdocs\petforyou\system\CodeIgniter.php(419): CodeIgniter\CodeIgniter->runController(Object(App\Controllers\Home))
#6 C:\xampp\htdocs\petforyou\system\CodeIgniter.php(326): CodeIgniter\CodeIgniter->handleRequest(NULL, Object(Config\Cache), false)
#7 C:\xampp\htdocs\petforyou\public\index.php(37): CodeIgniter\CodeIgniter->run()
#8 {main}
CRITICAL - 2022-03-27 07:43:10 --> Call to a member function view() on null
#0 C:\xampp\htdocs\petforyou\system\View\View.php(210): include()
#1 C:\xampp\htdocs\petforyou\system\View\View.php(213): CodeIgniter\View\View->CodeIgniter\View\{closure}()
#2 C:\xampp\htdocs\petforyou\system\Common.php(1089): CodeIgniter\View\View->render('home_view/home....', Array, true)
#3 C:\xampp\htdocs\petforyou\app\Controllers\Home.php(13): view('home_view/home....')
#4 C:\xampp\htdocs\petforyou\system\CodeIgniter.php(832): App\Controllers\Home->getValue()
#5 C:\xampp\htdocs\petforyou\system\CodeIgniter.php(419): CodeIgniter\CodeIgniter->runController(Object(App\Controllers\Home))
#6 C:\xampp\htdocs\petforyou\system\CodeIgniter.php(326): CodeIgniter\CodeIgniter->handleRequest(NULL, Object(Config\Cache), false)
#7 C:\xampp\htdocs\petforyou\public\index.php(37): CodeIgniter\CodeIgniter->run()
#8 {main}
CRITICAL - 2022-03-27 07:50:04 --> Call to a member function view() on null
#0 C:\xampp\htdocs\petforyou\system\View\View.php(210): include()
#1 C:\xampp\htdocs\petforyou\system\View\View.php(213): CodeIgniter\View\View->CodeIgniter\View\{closure}()
#2 C:\xampp\htdocs\petforyou\system\Common.php(1089): CodeIgniter\View\View->render('home_view/home....', Array, true)
#3 C:\xampp\htdocs\petforyou\app\Controllers\Home.php(13): view('home_view/home....')
#4 C:\xampp\htdocs\petforyou\system\CodeIgniter.php(832): App\Controllers\Home->getValue()
#5 C:\xampp\htdocs\petforyou\system\CodeIgniter.php(419): CodeIgniter\CodeIgniter->runController(Object(App\Controllers\Home))
#6 C:\xampp\htdocs\petforyou\system\CodeIgniter.php(326): CodeIgniter\CodeIgniter->handleRequest(NULL, Object(Config\Cache), false)
#7 C:\xampp\htdocs\petforyou\public\index.php(37): CodeIgniter\CodeIgniter->run()
#8 {main}
CRITICAL - 2022-03-27 08:04:18 --> include(css.php): failed to open stream: No such file or directory
#0 C:\xampp\htdocs\petforyou\app\Views\base_view\header.php(11): CodeIgniter\Debug\Exceptions->errorHandler(2, 'include(css.php...', 'C:\\xampp\\htdocs...', 11, Array)
#1 C:\xampp\htdocs\petforyou\app\Views\base_view\header.php(11): include()
#2 C:\xampp\htdocs\petforyou\system\View\View.php(210): include('C:\\xampp\\htdocs...')
#3 C:\xampp\htdocs\petforyou\system\View\View.php(213): CodeIgniter\View\View->CodeIgniter\View\{closure}()
#4 C:\xampp\htdocs\petforyou\system\Common.php(1089): CodeIgniter\View\View->render('base_view/heade...', Array, true)
#5 C:\xampp\htdocs\petforyou\app\Controllers\View.php(13): view('base_view/heade...', Array)
#6 C:\xampp\htdocs\petforyou\system\CodeIgniter.php(832): App\Controllers\View->index()
#7 C:\xampp\htdocs\petforyou\system\CodeIgniter.php(419): CodeIgniter\CodeIgniter->runController(Object(App\Controllers\View))
#8 C:\xampp\htdocs\petforyou\system\CodeIgniter.php(326): CodeIgniter\CodeIgniter->handleRequest(NULL, Object(Config\Cache), false)
#9 C:\xampp\htdocs\petforyou\public\index.php(37): CodeIgniter\CodeIgniter->run()
#10 {main}
CRITICAL - 2022-03-27 08:04:19 --> include(css.php): failed to open stream: No such file or directory
#0 C:\xampp\htdocs\petforyou\app\Views\base_view\header.php(11): CodeIgniter\Debug\Exceptions->errorHandler(2, 'include(css.php...', 'C:\\xampp\\htdocs...', 11, Array)
#1 C:\xampp\htdocs\petforyou\app\Views\base_view\header.php(11): include()
#2 C:\xampp\htdocs\petforyou\system\View\View.php(210): include('C:\\xampp\\htdocs...')
#3 C:\xampp\htdocs\petforyou\system\View\View.php(213): CodeIgniter\View\View->CodeIgniter\View\{closure}()
#4 C:\xampp\htdocs\petforyou\system\Common.php(1089): CodeIgniter\View\View->render('base_view/heade...', Array, true)
#5 C:\xampp\htdocs\petforyou\app\Controllers\View.php(13): view('base_view/heade...', Array)
#6 C:\xampp\htdocs\petforyou\system\CodeIgniter.php(832): App\Controllers\View->index()
#7 C:\xampp\htdocs\petforyou\system\CodeIgniter.php(419): CodeIgniter\CodeIgniter->runController(Object(App\Controllers\View))
#8 C:\xampp\htdocs\petforyou\system\CodeIgniter.php(326): CodeIgniter\CodeIgniter->handleRequest(NULL, Object(Config\Cache), false)
#9 C:\xampp\htdocs\petforyou\public\index.php(37): CodeIgniter\CodeIgniter->run()
#10 {main}
CRITICAL - 2022-03-27 08:11:52 --> Invalid file: css.php
#0 C:\xampp\htdocs\petforyou\system\View\View.php(198): CodeIgniter\Exceptions\FrameworkException::forInvalidFile('css.php')
#1 C:\xampp\htdocs\petforyou\system\View\View.php(424): CodeIgniter\View\View->render('css', NULL, true)
#2 C:\xampp\htdocs\petforyou\app\Views\base_view\header.php(12): CodeIgniter\View\View->include('css')
#3 C:\xampp\htdocs\petforyou\system\View\View.php(210): include('C:\\xampp\\htdocs...')
#4 C:\xampp\htdocs\petforyou\system\View\View.php(213): CodeIgniter\View\View->CodeIgniter\View\{closure}()
#5 C:\xampp\htdocs\petforyou\system\Common.php(1089): CodeIgniter\View\View->render('base_view/heade...', Array, true)
#6 C:\xampp\htdocs\petforyou\app\Controllers\View.php(12): view('base_view/heade...', Array)
#7 C:\xampp\htdocs\petforyou\system\CodeIgniter.php(832): App\Controllers\View->index()
#8 C:\xampp\htdocs\petforyou\system\CodeIgniter.php(419): CodeIgniter\CodeIgniter->runController(Object(App\Controllers\View))
#9 C:\xampp\htdocs\petforyou\system\CodeIgniter.php(326): CodeIgniter\CodeIgniter->handleRequest(NULL, Object(Config\Cache), false)
#10 C:\xampp\htdocs\petforyou\public\index.php(37): CodeIgniter\CodeIgniter->run()
#11 {main}
CRITICAL - 2022-03-27 08:11:56 --> Invalid file: css.php
#0 C:\xampp\htdocs\petforyou\system\View\View.php(198): CodeIgniter\Exceptions\FrameworkException::forInvalidFile('css.php')
#1 C:\xampp\htdocs\petforyou\system\View\View.php(424): CodeIgniter\View\View->render('css', NULL, true)
#2 C:\xampp\htdocs\petforyou\app\Views\base_view\header.php(12): CodeIgniter\View\View->include('css')
#3 C:\xampp\htdocs\petforyou\system\View\View.php(210): include('C:\\xampp\\htdocs...')
#4 C:\xampp\htdocs\petforyou\system\View\View.php(213): CodeIgniter\View\View->CodeIgniter\View\{closure}()
#5 C:\xampp\htdocs\petforyou\system\Common.php(1089): CodeIgniter\View\View->render('base_view/heade...', Array, true)
#6 C:\xampp\htdocs\petforyou\app\Controllers\View.php(12): view('base_view/heade...', Array)
#7 C:\xampp\htdocs\petforyou\system\CodeIgniter.php(832): App\Controllers\View->index()
#8 C:\xampp\htdocs\petforyou\system\CodeIgniter.php(419): CodeIgniter\CodeIgniter->runController(Object(App\Controllers\View))
#9 C:\xampp\htdocs\petforyou\system\CodeIgniter.php(326): CodeIgniter\CodeIgniter->handleRequest(NULL, Object(Config\Cache), false)
#10 C:\xampp\htdocs\petforyou\public\index.php(37): CodeIgniter\CodeIgniter->run()
#11 {main}
CRITICAL - 2022-03-27 08:19:24 --> Invalid file: template.php
#0 C:\xampp\htdocs\petforyou\system\View\View.php(198): CodeIgniter\Exceptions\FrameworkException::forInvalidFile('template.php')
#1 C:\xampp\htdocs\petforyou\system\View\View.php(226): CodeIgniter\View\View->render('template', Array, true)
#2 C:\xampp\htdocs\petforyou\system\Common.php(1089): CodeIgniter\View\View->render('home_view/test', Array, true)
#3 C:\xampp\htdocs\petforyou\app\Controllers\View.php(22): view('home_view/test', Array)
#4 C:\xampp\htdocs\petforyou\system\CodeIgniter.php(832): App\Controllers\View->test()
#5 C:\xampp\htdocs\petforyou\system\CodeIgniter.php(419): CodeIgniter\CodeIgniter->runController(Object(App\Controllers\View))
#6 C:\xampp\htdocs\petforyou\system\CodeIgniter.php(326): CodeIgniter\CodeIgniter->handleRequest(NULL, Object(Config\Cache), false)
#7 C:\xampp\htdocs\petforyou\public\index.php(37): CodeIgniter\CodeIgniter->run()
#8 {main}
CRITICAL - 2022-03-27 08:20:26 --> Invalid file: template.php
#0 C:\xampp\htdocs\petforyou\system\View\View.php(198): CodeIgniter\Exceptions\FrameworkException::forInvalidFile('template.php')
#1 C:\xampp\htdocs\petforyou\system\View\View.php(226): CodeIgniter\View\View->render('template', Array, true)
#2 C:\xampp\htdocs\petforyou\system\Common.php(1089): CodeIgniter\View\View->render('home_view/test', Array, true)
#3 C:\xampp\htdocs\petforyou\app\Controllers\View.php(22): view('home_view/test')
#4 C:\xampp\htdocs\petforyou\system\CodeIgniter.php(832): App\Controllers\View->test()
#5 C:\xampp\htdocs\petforyou\system\CodeIgniter.php(419): CodeIgniter\CodeIgniter->runController(Object(App\Controllers\View))
#6 C:\xampp\htdocs\petforyou\system\CodeIgniter.php(326): CodeIgniter\CodeIgniter->handleRequest(NULL, Object(Config\Cache), false)
#7 C:\xampp\htdocs\petforyou\public\index.php(37): CodeIgniter\CodeIgniter->run()
#8 {main}
CRITICAL - 2022-03-27 08:20:27 --> Invalid file: template.php
#0 C:\xampp\htdocs\petforyou\system\View\View.php(198): CodeIgniter\Exceptions\FrameworkException::forInvalidFile('template.php')
#1 C:\xampp\htdocs\petforyou\system\View\View.php(226): CodeIgniter\View\View->render('template', Array, true)
#2 C:\xampp\htdocs\petforyou\system\Common.php(1089): CodeIgniter\View\View->render('home_view/test', Array, true)
#3 C:\xampp\htdocs\petforyou\app\Controllers\View.php(22): view('home_view/test')
#4 C:\xampp\htdocs\petforyou\system\CodeIgniter.php(832): App\Controllers\View->test()
#5 C:\xampp\htdocs\petforyou\system\CodeIgniter.php(419): CodeIgniter\CodeIgniter->runController(Object(App\Controllers\View))
#6 C:\xampp\htdocs\petforyou\system\CodeIgniter.php(326): CodeIgniter\CodeIgniter->handleRequest(NULL, Object(Config\Cache), false)
#7 C:\xampp\htdocs\petforyou\public\index.php(37): CodeIgniter\CodeIgniter->run()
#8 {main}
CRITICAL - 2022-03-27 08:22:18 --> Invalid file: template.php
#0 C:\xampp\htdocs\petforyou\system\View\View.php(198): CodeIgniter\Exceptions\FrameworkException::forInvalidFile('template.php')
#1 C:\xampp\htdocs\petforyou\system\View\View.php(226): CodeIgniter\View\View->render('template', Array, true)
#2 C:\xampp\htdocs\petforyou\system\Common.php(1089): CodeIgniter\View\View->render('home_view/test', Array, true)
#3 C:\xampp\htdocs\petforyou\app\Controllers\View.php(22): view('home_view/test')
#4 C:\xampp\htdocs\petforyou\system\CodeIgniter.php(832): App\Controllers\View->test()
#5 C:\xampp\htdocs\petforyou\system\CodeIgniter.php(419): CodeIgniter\CodeIgniter->runController(Object(App\Controllers\View))
#6 C:\xampp\htdocs\petforyou\system\CodeIgniter.php(326): CodeIgniter\CodeIgniter->handleRequest(NULL, Object(Config\Cache), false)
#7 C:\xampp\htdocs\petforyou\public\index.php(37): CodeIgniter\CodeIgniter->run()
#8 {main}
CRITICAL - 2022-03-27 08:22:19 --> Invalid file: template.php
#0 C:\xampp\htdocs\petforyou\system\View\View.php(198): CodeIgniter\Exceptions\FrameworkException::forInvalidFile('template.php')
#1 C:\xampp\htdocs\petforyou\system\View\View.php(226): CodeIgniter\View\View->render('template', Array, true)
#2 C:\xampp\htdocs\petforyou\system\Common.php(1089): CodeIgniter\View\View->render('home_view/test', Array, true)
#3 C:\xampp\htdocs\petforyou\app\Controllers\View.php(22): view('home_view/test')
#4 C:\xampp\htdocs\petforyou\system\CodeIgniter.php(832): App\Controllers\View->test()
#5 C:\xampp\htdocs\petforyou\system\CodeIgniter.php(419): CodeIgniter\CodeIgniter->runController(Object(App\Controllers\View))
#6 C:\xampp\htdocs\petforyou\system\CodeIgniter.php(326): CodeIgniter\CodeIgniter->handleRequest(NULL, Object(Config\Cache), false)
#7 C:\xampp\htdocs\petforyou\public\index.php(37): CodeIgniter\CodeIgniter->run()
#8 {main}
CRITICAL - 2022-03-27 08:23:27 --> Invalid file: template.php
#0 C:\xampp\htdocs\petforyou\system\View\View.php(198): CodeIgniter\Exceptions\FrameworkException::forInvalidFile('template.php')
#1 C:\xampp\htdocs\petforyou\system\View\View.php(226): CodeIgniter\View\View->render('template', Array, true)
#2 C:\xampp\htdocs\petforyou\system\Common.php(1089): CodeIgniter\View\View->render('home_view/test', Array, true)
#3 C:\xampp\htdocs\petforyou\app\Controllers\View.php(22): view('home_view/test')
#4 C:\xampp\htdocs\petforyou\system\CodeIgniter.php(832): App\Controllers\View->test()
#5 C:\xampp\htdocs\petforyou\system\CodeIgniter.php(419): CodeIgniter\CodeIgniter->runController(Object(App\Controllers\View))
#6 C:\xampp\htdocs\petforyou\system\CodeIgniter.php(326): CodeIgniter\CodeIgniter->handleRequest(NULL, Object(Config\Cache), false)
#7 C:\xampp\htdocs\petforyou\public\index.php(37): CodeIgniter\CodeIgniter->run()
#8 {main}
CRITICAL - 2022-03-27 08:23:28 --> Invalid file: template.php
#0 C:\xampp\htdocs\petforyou\system\View\View.php(198): CodeIgniter\Exceptions\FrameworkException::forInvalidFile('template.php')
#1 C:\xampp\htdocs\petforyou\system\View\View.php(226): CodeIgniter\View\View->render('template', Array, true)
#2 C:\xampp\htdocs\petforyou\system\Common.php(1089): CodeIgniter\View\View->render('home_view/test', Array, true)
#3 C:\xampp\htdocs\petforyou\app\Controllers\View.php(22): view('home_view/test')
#4 C:\xampp\htdocs\petforyou\system\CodeIgniter.php(832): App\Controllers\View->test()
#5 C:\xampp\htdocs\petforyou\system\CodeIgniter.php(419): CodeIgniter\CodeIgniter->runController(Object(App\Controllers\View))
#6 C:\xampp\htdocs\petforyou\system\CodeIgniter.php(326): CodeIgniter\CodeIgniter->handleRequest(NULL, Object(Config\Cache), false)
#7 C:\xampp\htdocs\petforyou\public\index.php(37): CodeIgniter\CodeIgniter->run()
#8 {main}
CRITICAL - 2022-03-27 08:24:58 --> Invalid file: template.php
#0 C:\xampp\htdocs\petforyou\system\View\View.php(198): CodeIgniter\Exceptions\FrameworkException::forInvalidFile('template.php')
#1 C:\xampp\htdocs\petforyou\system\View\View.php(226): CodeIgniter\View\View->render('template', Array, true)
#2 C:\xampp\htdocs\petforyou\system\Common.php(1089): CodeIgniter\View\View->render('home_view/test', Array, true)
#3 C:\xampp\htdocs\petforyou\app\Controllers\View.php(22): view('home_view/test')
#4 C:\xampp\htdocs\petforyou\system\CodeIgniter.php(832): App\Controllers\View->test()
#5 C:\xampp\htdocs\petforyou\system\CodeIgniter.php(419): CodeIgniter\CodeIgniter->runController(Object(App\Controllers\View))
#6 C:\xampp\htdocs\petforyou\system\CodeIgniter.php(326): CodeIgniter\CodeIgniter->handleRequest(NULL, Object(Config\Cache), false)
#7 C:\xampp\htdocs\petforyou\public\index.php(37): CodeIgniter\CodeIgniter->run()
#8 {main}
CRITICAL - 2022-03-27 08:25:39 --> Invalid file: template.php
#0 C:\xampp\htdocs\petforyou\system\View\View.php(198): CodeIgniter\Exceptions\FrameworkException::forInvalidFile('template.php')
#1 C:\xampp\htdocs\petforyou\system\View\View.php(226): CodeIgniter\View\View->render('template', Array, true)
#2 C:\xampp\htdocs\petforyou\system\Common.php(1089): CodeIgniter\View\View->render('home_view/test', Array, true)
#3 C:\xampp\htdocs\petforyou\app\Controllers\View.php(22): view('home_view/test')
#4 C:\xampp\htdocs\petforyou\system\CodeIgniter.php(832): App\Controllers\View->test()
#5 C:\xampp\htdocs\petforyou\system\CodeIgniter.php(419): CodeIgniter\CodeIgniter->runController(Object(App\Controllers\View))
#6 C:\xampp\htdocs\petforyou\system\CodeIgniter.php(326): CodeIgniter\CodeIgniter->handleRequest(NULL, Object(Config\Cache), false)
#7 C:\xampp\htdocs\petforyou\public\index.php(37): CodeIgniter\CodeIgniter->run()
#8 {main}
CRITICAL - 2022-03-27 08:26:50 --> Invalid file: template.php
#0 C:\xampp\htdocs\petforyou\system\View\View.php(198): CodeIgniter\Exceptions\FrameworkException::forInvalidFile('template.php')
#1 C:\xampp\htdocs\petforyou\system\View\View.php(226): CodeIgniter\View\View->render('template', Array, true)
#2 C:\xampp\htdocs\petforyou\system\Common.php(1089): CodeIgniter\View\View->render('home_view/test', Array, true)
#3 C:\xampp\htdocs\petforyou\app\Controllers\View.php(22): view('home_view/test')
#4 C:\xampp\htdocs\petforyou\system\CodeIgniter.php(832): App\Controllers\View->test()
#5 C:\xampp\htdocs\petforyou\system\CodeIgniter.php(419): CodeIgniter\CodeIgniter->runController(Object(App\Controllers\View))
#6 C:\xampp\htdocs\petforyou\system\CodeIgniter.php(326): CodeIgniter\CodeIgniter->handleRequest(NULL, Object(Config\Cache), false)
#7 C:\xampp\htdocs\petforyou\public\index.php(37): CodeIgniter\CodeIgniter->run()
#8 {main}
CRITICAL - 2022-03-27 08:26:51 --> Invalid file: template.php
#0 C:\xampp\htdocs\petforyou\system\View\View.php(198): CodeIgniter\Exceptions\FrameworkException::forInvalidFile('template.php')
#1 C:\xampp\htdocs\petforyou\system\View\View.php(226): CodeIgniter\View\View->render('template', Array, true)
#2 C:\xampp\htdocs\petforyou\system\Common.php(1089): CodeIgniter\View\View->render('home_view/test', Array, true)
#3 C:\xampp\htdocs\petforyou\app\Controllers\View.php(22): view('home_view/test')
#4 C:\xampp\htdocs\petforyou\system\CodeIgniter.php(832): App\Controllers\View->test()
#5 C:\xampp\htdocs\petforyou\system\CodeIgniter.php(419): CodeIgniter\CodeIgniter->runController(Object(App\Controllers\View))
#6 C:\xampp\htdocs\petforyou\system\CodeIgniter.php(326): CodeIgniter\CodeIgniter->handleRequest(NULL, Object(Config\Cache), false)
#7 C:\xampp\htdocs\petforyou\public\index.php(37): CodeIgniter\CodeIgniter->run()
#8 {main}
CRITICAL - 2022-03-27 08:34:33 --> Invalid file: layout/home_layout.php
#0 C:\xampp\htdocs\petforyou\system\View\View.php(198): CodeIgniter\Exceptions\FrameworkException::forInvalidFile('layout/home_lay...')
#1 C:\xampp\htdocs\petforyou\system\View\View.php(226): CodeIgniter\View\View->render('layout/home_lay...', Array, true)
#2 C:\xampp\htdocs\petforyou\system\Common.php(1089): CodeIgniter\View\View->render('home_view/home', Array, true)
#3 C:\xampp\htdocs\petforyou\app\Controllers\View.php(12): view('home_view/home', Array)
#4 C:\xampp\htdocs\petforyou\system\CodeIgniter.php(832): App\Controllers\View->index()
#5 C:\xampp\htdocs\petforyou\system\CodeIgniter.php(419): CodeIgniter\CodeIgniter->runController(Object(App\Controllers\View))
#6 C:\xampp\htdocs\petforyou\system\CodeIgniter.php(326): CodeIgniter\CodeIgniter->handleRequest(NULL, Object(Config\Cache), false)
#7 C:\xampp\htdocs\petforyou\public\index.php(37): CodeIgniter\CodeIgniter->run()
#8 {main}
CRITICAL - 2022-03-27 08:34:51 --> Invalid file: main.php
#0 C:\xampp\htdocs\petforyou\system\View\View.php(198): CodeIgniter\Exceptions\FrameworkException::forInvalidFile('main.php')
#1 C:\xampp\htdocs\petforyou\system\View\View.php(424): CodeIgniter\View\View->render('main', NULL, true)
#2 C:\xampp\htdocs\petforyou\app\Views\home_view\home.php(7): CodeIgniter\View\View->include('main')
#3 C:\xampp\htdocs\petforyou\system\View\View.php(210): include('C:\\xampp\\htdocs...')
#4 C:\xampp\htdocs\petforyou\system\View\View.php(213): CodeIgniter\View\View->CodeIgniter\View\{closure}()
#5 C:\xampp\htdocs\petforyou\system\Common.php(1089): CodeIgniter\View\View->render('home_view/home', Array, true)
#6 C:\xampp\htdocs\petforyou\app\Controllers\View.php(12): view('home_view/home', Array)
#7 C:\xampp\htdocs\petforyou\system\CodeIgniter.php(832): App\Controllers\View->index()
#8 C:\xampp\htdocs\petforyou\system\CodeIgniter.php(419): CodeIgniter\CodeIgniter->runController(Object(App\Controllers\View))
#9 C:\xampp\htdocs\petforyou\system\CodeIgniter.php(326): CodeIgniter\CodeIgniter->handleRequest(NULL, Object(Config\Cache), false)
#10 C:\xampp\htdocs\petforyou\public\index.php(37): CodeIgniter\CodeIgniter->run()
#11 {main}
CRITICAL - 2022-03-27 08:45:02 --> Invalid file: main.php
#0 C:\xampp\htdocs\petforyou\system\View\View.php(198): CodeIgniter\Exceptions\FrameworkException::forInvalidFile('main.php')
#1 C:\xampp\htdocs\petforyou\system\View\View.php(424): CodeIgniter\View\View->render('main', NULL, true)
#2 C:\xampp\htdocs\petforyou\app\Views\home_view\home.php(7): CodeIgniter\View\View->include('main')
#3 C:\xampp\htdocs\petforyou\system\View\View.php(210): include('C:\\xampp\\htdocs...')
#4 C:\xampp\htdocs\petforyou\system\View\View.php(213): CodeIgniter\View\View->CodeIgniter\View\{closure}()
#5 C:\xampp\htdocs\petforyou\system\Common.php(1089): CodeIgniter\View\View->render('home_view/home', Array, true)
#6 C:\xampp\htdocs\petforyou\app\Controllers\View.php(12): view('home_view/home', Array)
#7 C:\xampp\htdocs\petforyou\system\CodeIgniter.php(832): App\Controllers\View->index()
#8 C:\xampp\htdocs\petforyou\system\CodeIgniter.php(419): CodeIgniter\CodeIgniter->runController(Object(App\Controllers\View))
#9 C:\xampp\htdocs\petforyou\system\CodeIgniter.php(326): CodeIgniter\CodeIgniter->handleRequest(NULL, Object(Config\Cache), false)
#10 C:\xampp\htdocs\petforyou\public\index.php(37): CodeIgniter\CodeIgniter->run()
#11 {main}
CRITICAL - 2022-03-27 08:46:53 --> Invalid file: layout/home_layout.php
#0 C:\xampp\htdocs\petforyou\system\View\View.php(198): CodeIgniter\Exceptions\FrameworkException::forInvalidFile('layout/home_lay...')
#1 C:\xampp\htdocs\petforyou\system\View\View.php(226): CodeIgniter\View\View->render('layout/home_lay...', Array, true)
#2 C:\xampp\htdocs\petforyou\system\Common.php(1089): CodeIgniter\View\View->render('home_view/home', Array, true)
#3 C:\xampp\htdocs\petforyou\app\Controllers\View.php(12): view('home_view/home', Array)
#4 C:\xampp\htdocs\petforyou\system\CodeIgniter.php(832): App\Controllers\View->index()
#5 C:\xampp\htdocs\petforyou\system\CodeIgniter.php(419): CodeIgniter\CodeIgniter->runController(Object(App\Controllers\View))
#6 C:\xampp\htdocs\petforyou\system\CodeIgniter.php(326): CodeIgniter\CodeIgniter->handleRequest(NULL, Object(Config\Cache), false)
#7 C:\xampp\htdocs\petforyou\public\index.php(37): CodeIgniter\CodeIgniter->run()
#8 {main}
CRITICAL - 2022-03-27 08:48:49 --> Function name must be a string
#0 C:\xampp\htdocs\petforyou\system\View\View.php(210): include()
#1 C:\xampp\htdocs\petforyou\system\View\View.php(213): CodeIgniter\View\View->CodeIgniter\View\{closure}()
#2 C:\xampp\htdocs\petforyou\system\Common.php(1089): CodeIgniter\View\View->render('home_view/home', Array, true)
#3 C:\xampp\htdocs\petforyou\app\Controllers\View.php(12): view('home_view/home', Array)
#4 C:\xampp\htdocs\petforyou\system\CodeIgniter.php(832): App\Controllers\View->index()
#5 C:\xampp\htdocs\petforyou\system\CodeIgniter.php(419): CodeIgniter\CodeIgniter->runController(Object(App\Controllers\View))
#6 C:\xampp\htdocs\petforyou\system\CodeIgniter.php(326): CodeIgniter\CodeIgniter->handleRequest(NULL, Object(Config\Cache), false)
#7 C:\xampp\htdocs\petforyou\public\index.php(37): CodeIgniter\CodeIgniter->run()
#8 {main}
CRITICAL - 2022-03-27 08:48:50 --> Function name must be a string
#0 C:\xampp\htdocs\petforyou\system\View\View.php(210): include()
#1 C:\xampp\htdocs\petforyou\system\View\View.php(213): CodeIgniter\View\View->CodeIgniter\View\{closure}()
#2 C:\xampp\htdocs\petforyou\system\Common.php(1089): CodeIgniter\View\View->render('home_view/home', Array, true)
#3 C:\xampp\htdocs\petforyou\app\Controllers\View.php(12): view('home_view/home', Array)
#4 C:\xampp\htdocs\petforyou\system\CodeIgniter.php(832): App\Controllers\View->index()
#5 C:\xampp\htdocs\petforyou\system\CodeIgniter.php(419): CodeIgniter\CodeIgniter->runController(Object(App\Controllers\View))
#6 C:\xampp\htdocs\petforyou\system\CodeIgniter.php(326): CodeIgniter\CodeIgniter->handleRequest(NULL, Object(Config\Cache), false)
#7 C:\xampp\htdocs\petforyou\public\index.php(37): CodeIgniter\CodeIgniter->run()
#8 {main}
CRITICAL - 2022-03-27 08:48:59 --> Invalid file: layout/home_layout.php
#0 C:\xampp\htdocs\petforyou\system\View\View.php(198): CodeIgniter\Exceptions\FrameworkException::forInvalidFile('layout/home_lay...')
#1 C:\xampp\htdocs\petforyou\system\View\View.php(226): CodeIgniter\View\View->render('layout/home_lay...', Array, true)
#2 C:\xampp\htdocs\petforyou\system\Common.php(1089): CodeIgniter\View\View->render('home_view/home', Array, true)
#3 C:\xampp\htdocs\petforyou\app\Controllers\View.php(12): view('home_view/home', Array)
#4 C:\xampp\htdocs\petforyou\system\CodeIgniter.php(832): App\Controllers\View->index()
#5 C:\xampp\htdocs\petforyou\system\CodeIgniter.php(419): CodeIgniter\CodeIgniter->runController(Object(App\Controllers\View))
#6 C:\xampp\htdocs\petforyou\system\CodeIgniter.php(326): CodeIgniter\CodeIgniter->handleRequest(NULL, Object(Config\Cache), false)
#7 C:\xampp\htdocs\petforyou\public\index.php(37): CodeIgniter\CodeIgniter->run()
#8 {main}
CRITICAL - 2022-03-27 08:50:56 --> Invalid file: layout/home_layout.php
#0 C:\xampp\htdocs\petforyou\system\View\View.php(198): CodeIgniter\Exceptions\FrameworkException::forInvalidFile('layout/home_lay...')
#1 C:\xampp\htdocs\petforyou\system\View\View.php(226): CodeIgniter\View\View->render('layout/home_lay...', Array, true)
#2 C:\xampp\htdocs\petforyou\system\Common.php(1089): CodeIgniter\View\View->render('home_view/home', Array, true)
#3 C:\xampp\htdocs\petforyou\app\Controllers\View.php(12): view('home_view/home', Array)
#4 C:\xampp\htdocs\petforyou\system\CodeIgniter.php(832): App\Controllers\View->index()
#5 C:\xampp\htdocs\petforyou\system\CodeIgniter.php(419): CodeIgniter\CodeIgniter->runController(Object(App\Controllers\View))
#6 C:\xampp\htdocs\petforyou\system\CodeIgniter.php(326): CodeIgniter\CodeIgniter->handleRequest(NULL, Object(Config\Cache), false)
#7 C:\xampp\htdocs\petforyou\public\index.php(37): CodeIgniter\CodeIgniter->run()
#8 {main}
CRITICAL - 2022-03-27 08:50:56 --> Invalid file: layout/home_layout.php
#0 C:\xampp\htdocs\petforyou\system\View\View.php(198): CodeIgniter\Exceptions\FrameworkException::forInvalidFile('layout/home_lay...')
#1 C:\xampp\htdocs\petforyou\system\View\View.php(226): CodeIgniter\View\View->render('layout/home_lay...', Array, true)
#2 C:\xampp\htdocs\petforyou\system\Common.php(1089): CodeIgniter\View\View->render('home_view/home', Array, true)
#3 C:\xampp\htdocs\petforyou\app\Controllers\View.php(12): view('home_view/home', Array)
#4 C:\xampp\htdocs\petforyou\system\CodeIgniter.php(832): App\Controllers\View->index()
#5 C:\xampp\htdocs\petforyou\system\CodeIgniter.php(419): CodeIgniter\CodeIgniter->runController(Object(App\Controllers\View))
#6 C:\xampp\htdocs\petforyou\system\CodeIgniter.php(326): CodeIgniter\CodeIgniter->handleRequest(NULL, Object(Config\Cache), false)
#7 C:\xampp\htdocs\petforyou\public\index.php(37): CodeIgniter\CodeIgniter->run()
#8 {main}
CRITICAL - 2022-03-27 08:51:56 --> Invalid file: layout/home_layout.php
#0 C:\xampp\htdocs\petforyou\system\View\View.php(198): CodeIgniter\Exceptions\FrameworkException::forInvalidFile('layout/home_lay...')
#1 C:\xampp\htdocs\petforyou\system\View\View.php(226): CodeIgniter\View\View->render('layout/home_lay...', Array, true)
#2 C:\xampp\htdocs\petforyou\system\Common.php(1089): CodeIgniter\View\View->render('home_view/home', Array, true)
#3 C:\xampp\htdocs\petforyou\app\Controllers\View.php(12): view('home_view/home', Array)
#4 C:\xampp\htdocs\petforyou\system\CodeIgniter.php(832): App\Controllers\View->index()
#5 C:\xampp\htdocs\petforyou\system\CodeIgniter.php(419): CodeIgniter\CodeIgniter->runController(Object(App\Controllers\View))
#6 C:\xampp\htdocs\petforyou\system\CodeIgniter.php(326): CodeIgniter\CodeIgniter->handleRequest(NULL, Object(Config\Cache), false)
#7 C:\xampp\htdocs\petforyou\public\index.php(37): CodeIgniter\CodeIgniter->run()
#8 {main}
CRITICAL - 2022-03-27 08:51:57 --> Invalid file: layout/home_layout.php
#0 C:\xampp\htdocs\petforyou\system\View\View.php(198): CodeIgniter\Exceptions\FrameworkException::forInvalidFile('layout/home_lay...')
#1 C:\xampp\htdocs\petforyou\system\View\View.php(226): CodeIgniter\View\View->render('layout/home_lay...', Array, true)
#2 C:\xampp\htdocs\petforyou\system\Common.php(1089): CodeIgniter\View\View->render('home_view/home', Array, true)
#3 C:\xampp\htdocs\petforyou\app\Controllers\View.php(12): view('home_view/home', Array)
#4 C:\xampp\htdocs\petforyou\system\CodeIgniter.php(832): App\Controllers\View->index()
#5 C:\xampp\htdocs\petforyou\system\CodeIgniter.php(419): CodeIgniter\CodeIgniter->runController(Object(App\Controllers\View))
#6 C:\xampp\htdocs\petforyou\system\CodeIgniter.php(326): CodeIgniter\CodeIgniter->handleRequest(NULL, Object(Config\Cache), false)
#7 C:\xampp\htdocs\petforyou\public\index.php(37): CodeIgniter\CodeIgniter->run()
#8 {main}
CRITICAL - 2022-03-27 08:52:18 --> Invalid file: layout/home_layout.php
#0 C:\xampp\htdocs\petforyou\system\View\View.php(198): CodeIgniter\Exceptions\FrameworkException::forInvalidFile('layout/home_lay...')
#1 C:\xampp\htdocs\petforyou\system\View\View.php(226): CodeIgniter\View\View->render('layout/home_lay...', Array, true)
#2 C:\xampp\htdocs\petforyou\system\Common.php(1089): CodeIgniter\View\View->render('home_view/home', Array, true)
#3 C:\xampp\htdocs\petforyou\app\Controllers\View.php(12): view('home_view/home', Array)
#4 C:\xampp\htdocs\petforyou\system\CodeIgniter.php(832): App\Controllers\View->index()
#5 C:\xampp\htdocs\petforyou\system\CodeIgniter.php(419): CodeIgniter\CodeIgniter->runController(Object(App\Controllers\View))
#6 C:\xampp\htdocs\petforyou\system\CodeIgniter.php(326): CodeIgniter\CodeIgniter->handleRequest(NULL, Object(Config\Cache), false)
#7 C:\xampp\htdocs\petforyou\public\index.php(37): CodeIgniter\CodeIgniter->run()
#8 {main}
CRITICAL - 2022-03-27 08:52:19 --> Invalid file: layout/home_layout.php
#0 C:\xampp\htdocs\petforyou\system\View\View.php(198): CodeIgniter\Exceptions\FrameworkException::forInvalidFile('layout/home_lay...')
#1 C:\xampp\htdocs\petforyou\system\View\View.php(226): CodeIgniter\View\View->render('layout/home_lay...', Array, true)
#2 C:\xampp\htdocs\petforyou\system\Common.php(1089): CodeIgniter\View\View->render('home_view/home', Array, true)
#3 C:\xampp\htdocs\petforyou\app\Controllers\View.php(12): view('home_view/home', Array)
#4 C:\xampp\htdocs\petforyou\system\CodeIgniter.php(832): App\Controllers\View->index()
#5 C:\xampp\htdocs\petforyou\system\CodeIgniter.php(419): CodeIgniter\CodeIgniter->runController(Object(App\Controllers\View))
#6 C:\xampp\htdocs\petforyou\system\CodeIgniter.php(326): CodeIgniter\CodeIgniter->handleRequest(NULL, Object(Config\Cache), false)
#7 C:\xampp\htdocs\petforyou\public\index.php(37): CodeIgniter\CodeIgniter->run()
#8 {main}
CRITICAL - 2022-03-27 08:52:19 --> Invalid file: layout/home_layout.php
#0 C:\xampp\htdocs\petforyou\system\View\View.php(198): CodeIgniter\Exceptions\FrameworkException::forInvalidFile('layout/home_lay...')
#1 C:\xampp\htdocs\petforyou\system\View\View.php(226): CodeIgniter\View\View->render('layout/home_lay...', Array, true)
#2 C:\xampp\htdocs\petforyou\system\Common.php(1089): CodeIgniter\View\View->render('home_view/home', Array, true)
#3 C:\xampp\htdocs\petforyou\app\Controllers\View.php(12): view('home_view/home', Array)
#4 C:\xampp\htdocs\petforyou\system\CodeIgniter.php(832): App\Controllers\View->index()
#5 C:\xampp\htdocs\petforyou\system\CodeIgniter.php(419): CodeIgniter\CodeIgniter->runController(Object(App\Controllers\View))
#6 C:\xampp\htdocs\petforyou\system\CodeIgniter.php(326): CodeIgniter\CodeIgniter->handleRequest(NULL, Object(Config\Cache), false)
#7 C:\xampp\htdocs\petforyou\public\index.php(37): CodeIgniter\CodeIgniter->run()
#8 {main}
CRITICAL - 2022-03-27 08:53:08 --> syntax error, unexpected '?>'
#0 C:\xampp\htdocs\petforyou\system\View\View.php(213): CodeIgniter\View\View->CodeIgniter\View\{closure}()
#1 C:\xampp\htdocs\petforyou\system\Common.php(1089): CodeIgniter\View\View->render('home_view/home', Array, true)
#2 C:\xampp\htdocs\petforyou\app\Controllers\View.php(12): view('home_view/home', Array)
#3 C:\xampp\htdocs\petforyou\system\CodeIgniter.php(832): App\Controllers\View->index()
#4 C:\xampp\htdocs\petforyou\system\CodeIgniter.php(419): CodeIgniter\CodeIgniter->runController(Object(App\Controllers\View))
#5 C:\xampp\htdocs\petforyou\system\CodeIgniter.php(326): CodeIgniter\CodeIgniter->handleRequest(NULL, Object(Config\Cache), false)
#6 C:\xampp\htdocs\petforyou\public\index.php(37): CodeIgniter\CodeIgniter->run()
#7 {main}
CRITICAL - 2022-03-27 08:53:34 --> syntax error, unexpected '?>'
#0 C:\xampp\htdocs\petforyou\system\View\View.php(213): CodeIgniter\View\View->CodeIgniter\View\{closure}()
#1 C:\xampp\htdocs\petforyou\system\Common.php(1089): CodeIgniter\View\View->render('home_view/home', Array, true)
#2 C:\xampp\htdocs\petforyou\app\Controllers\View.php(12): view('home_view/home', Array)
#3 C:\xampp\htdocs\petforyou\system\CodeIgniter.php(832): App\Controllers\View->index()
#4 C:\xampp\htdocs\petforyou\system\CodeIgniter.php(419): CodeIgniter\CodeIgniter->runController(Object(App\Controllers\View))
#5 C:\xampp\htdocs\petforyou\system\CodeIgniter.php(326): CodeIgniter\CodeIgniter->handleRequest(NULL, Object(Config\Cache), false)
#6 C:\xampp\htdocs\petforyou\public\index.php(37): CodeIgniter\CodeIgniter->run()
#7 {main}
CRITICAL - 2022-03-27 08:53:35 --> syntax error, unexpected '?>'
#0 C:\xampp\htdocs\petforyou\system\View\View.php(213): CodeIgniter\View\View->CodeIgniter\View\{closure}()
#1 C:\xampp\htdocs\petforyou\system\Common.php(1089): CodeIgniter\View\View->render('home_view/home', Array, true)
#2 C:\xampp\htdocs\petforyou\app\Controllers\View.php(12): view('home_view/home', Array)
#3 C:\xampp\htdocs\petforyou\system\CodeIgniter.php(832): App\Controllers\View->index()
#4 C:\xampp\htdocs\petforyou\system\CodeIgniter.php(419): CodeIgniter\CodeIgniter->runController(Object(App\Controllers\View))
#5 C:\xampp\htdocs\petforyou\system\CodeIgniter.php(326): CodeIgniter\CodeIgniter->handleRequest(NULL, Object(Config\Cache), false)
#6 C:\xampp\htdocs\petforyou\public\index.php(37): CodeIgniter\CodeIgniter->run()
#7 {main}
CRITICAL - 2022-03-27 08:53:44 --> syntax error, unexpected '?>'
#0 C:\xampp\htdocs\petforyou\system\View\View.php(213): CodeIgniter\View\View->CodeIgniter\View\{closure}()
#1 C:\xampp\htdocs\petforyou\system\Common.php(1089): CodeIgniter\View\View->render('home_view/home', Array, true)
#2 C:\xampp\htdocs\petforyou\app\Controllers\View.php(12): view('home_view/home', Array)
#3 C:\xampp\htdocs\petforyou\system\CodeIgniter.php(832): App\Controllers\View->index()
#4 C:\xampp\htdocs\petforyou\system\CodeIgniter.php(419): CodeIgniter\CodeIgniter->runController(Object(App\Controllers\View))
#5 C:\xampp\htdocs\petforyou\system\CodeIgniter.php(326): CodeIgniter\CodeIgniter->handleRequest(NULL, Object(Config\Cache), false)
#6 C:\xampp\htdocs\petforyou\public\index.php(37): CodeIgniter\CodeIgniter->run()
#7 {main}
CRITICAL - 2022-03-27 08:53:50 --> Invalid file: layout/home_layout.php
#0 C:\xampp\htdocs\petforyou\system\View\View.php(198): CodeIgniter\Exceptions\FrameworkException::forInvalidFile('layout/home_lay...')
#1 C:\xampp\htdocs\petforyou\system\View\View.php(226): CodeIgniter\View\View->render('layout/home_lay...', Array, true)
#2 C:\xampp\htdocs\petforyou\system\Common.php(1089): CodeIgniter\View\View->render('home_view/home', Array, true)
#3 C:\xampp\htdocs\petforyou\app\Controllers\View.php(12): view('home_view/home', Array)
#4 C:\xampp\htdocs\petforyou\system\CodeIgniter.php(832): App\Controllers\View->index()
#5 C:\xampp\htdocs\petforyou\system\CodeIgniter.php(419): CodeIgniter\CodeIgniter->runController(Object(App\Controllers\View))
#6 C:\xampp\htdocs\petforyou\system\CodeIgniter.php(326): CodeIgniter\CodeIgniter->handleRequest(NULL, Object(Config\Cache), false)
#7 C:\xampp\htdocs\petforyou\public\index.php(37): CodeIgniter\CodeIgniter->run()
#8 {main}
CRITICAL - 2022-03-27 08:54:31 --> Invalid file: layout/home_layout.php
#0 C:\xampp\htdocs\petforyou\system\View\View.php(198): CodeIgniter\Exceptions\FrameworkException::forInvalidFile('layout/home_lay...')
#1 C:\xampp\htdocs\petforyou\system\View\View.php(226): CodeIgniter\View\View->render('layout/home_lay...', Array, true)
#2 C:\xampp\htdocs\petforyou\system\Common.php(1089): CodeIgniter\View\View->render('home_view/home', Array, true)
#3 C:\xampp\htdocs\petforyou\app\Controllers\View.php(12): view('home_view/home', Array)
#4 C:\xampp\htdocs\petforyou\system\CodeIgniter.php(832): App\Controllers\View->index()
#5 C:\xampp\htdocs\petforyou\system\CodeIgniter.php(419): CodeIgniter\CodeIgniter->runController(Object(App\Controllers\View))
#6 C:\xampp\htdocs\petforyou\system\CodeIgniter.php(326): CodeIgniter\CodeIgniter->handleRequest(NULL, Object(Config\Cache), false)
#7 C:\xampp\htdocs\petforyou\public\index.php(37): CodeIgniter\CodeIgniter->run()
#8 {main}
CRITICAL - 2022-03-27 08:54:32 --> Invalid file: layout/home_layout.php
#0 C:\xampp\htdocs\petforyou\system\View\View.php(198): CodeIgniter\Exceptions\FrameworkException::forInvalidFile('layout/home_lay...')
#1 C:\xampp\htdocs\petforyou\system\View\View.php(226): CodeIgniter\View\View->render('layout/home_lay...', Array, true)
#2 C:\xampp\htdocs\petforyou\system\Common.php(1089): CodeIgniter\View\View->render('home_view/home', Array, true)
#3 C:\xampp\htdocs\petforyou\app\Controllers\View.php(12): view('home_view/home', Array)
#4 C:\xampp\htdocs\petforyou\system\CodeIgniter.php(832): App\Controllers\View->index()
#5 C:\xampp\htdocs\petforyou\system\CodeIgniter.php(419): CodeIgniter\CodeIgniter->runController(Object(App\Controllers\View))
#6 C:\xampp\htdocs\petforyou\system\CodeIgniter.php(326): CodeIgniter\CodeIgniter->handleRequest(NULL, Object(Config\Cache), false)
#7 C:\xampp\htdocs\petforyou\public\index.php(37): CodeIgniter\CodeIgniter->run()
#8 {main}
CRITICAL - 2022-03-27 08:54:32 --> Invalid file: layout/home_layout.php
#0 C:\xampp\htdocs\petforyou\system\View\View.php(198): CodeIgniter\Exceptions\FrameworkException::forInvalidFile('layout/home_lay...')
#1 C:\xampp\htdocs\petforyou\system\View\View.php(226): CodeIgniter\View\View->render('layout/home_lay...', Array, true)
#2 C:\xampp\htdocs\petforyou\system\Common.php(1089): CodeIgniter\View\View->render('home_view/home', Array, true)
#3 C:\xampp\htdocs\petforyou\app\Controllers\View.php(12): view('home_view/home', Array)
#4 C:\xampp\htdocs\petforyou\system\CodeIgniter.php(832): App\Controllers\View->index()
#5 C:\xampp\htdocs\petforyou\system\CodeIgniter.php(419): CodeIgniter\CodeIgniter->runController(Object(App\Controllers\View))
#6 C:\xampp\htdocs\petforyou\system\CodeIgniter.php(326): CodeIgniter\CodeIgniter->handleRequest(NULL, Object(Config\Cache), false)
#7 C:\xampp\htdocs\petforyou\public\index.php(37): CodeIgniter\CodeIgniter->run()
#8 {main}
CRITICAL - 2022-03-27 08:55:01 --> Invalid file: layout/home_layout.php
#0 C:\xampp\htdocs\petforyou\system\View\View.php(198): CodeIgniter\Exceptions\FrameworkException::forInvalidFile('layout/home_lay...')
#1 C:\xampp\htdocs\petforyou\system\View\View.php(226): CodeIgniter\View\View->render('layout/home_lay...', Array, true)
#2 C:\xampp\htdocs\petforyou\system\Common.php(1089): CodeIgniter\View\View->render('home_view/home', Array, true)
#3 C:\xampp\htdocs\petforyou\app\Controllers\View.php(12): view('home_view/home', Array)
#4 C:\xampp\htdocs\petforyou\system\CodeIgniter.php(832): App\Controllers\View->index()
#5 C:\xampp\htdocs\petforyou\system\CodeIgniter.php(419): CodeIgniter\CodeIgniter->runController(Object(App\Controllers\View))
#6 C:\xampp\htdocs\petforyou\system\CodeIgniter.php(326): CodeIgniter\CodeIgniter->handleRequest(NULL, Object(Config\Cache), false)
#7 C:\xampp\htdocs\petforyou\public\index.php(37): CodeIgniter\CodeIgniter->run()
#8 {main}
CRITICAL - 2022-03-27 08:55:02 --> Invalid file: layout/home_layout.php
#0 C:\xampp\htdocs\petforyou\system\View\View.php(198): CodeIgniter\Exceptions\FrameworkException::forInvalidFile('layout/home_lay...')
#1 C:\xampp\htdocs\petforyou\system\View\View.php(226): CodeIgniter\View\View->render('layout/home_lay...', Array, true)
#2 C:\xampp\htdocs\petforyou\system\Common.php(1089): CodeIgniter\View\View->render('home_view/home', Array, true)
#3 C:\xampp\htdocs\petforyou\app\Controllers\View.php(12): view('home_view/home', Array)
#4 C:\xampp\htdocs\petforyou\system\CodeIgniter.php(832): App\Controllers\View->index()
#5 C:\xampp\htdocs\petforyou\system\CodeIgniter.php(419): CodeIgniter\CodeIgniter->runController(Object(App\Controllers\View))
#6 C:\xampp\htdocs\petforyou\system\CodeIgniter.php(326): CodeIgniter\CodeIgniter->handleRequest(NULL, Object(Config\Cache), false)
#7 C:\xampp\htdocs\petforyou\public\index.php(37): CodeIgniter\CodeIgniter->run()
#8 {main}
