ERROR - 2022-04-16 00:57:23 --> Column 'city_id' cannot be null
ERROR - 2022-04-16 00:57:57 --> Column 'city_id' cannot be null
ERROR - 2022-04-16 00:59:15 --> Column 'city_id' cannot be null
CRITICAL - 2022-04-16 05:10:34 --> Too few arguments to function App\Controllers\PetController::selectPetDataById(), 0 passed in C:\xampp\htdocs\petforyou\system\CodeIgniter.php on line 832 and exactly 1 expected
#0 C:\xampp\htdocs\petforyou\system\CodeIgniter.php(832): App\Controllers\PetController->selectPetDataById()
#1 C:\xampp\htdocs\petforyou\system\CodeIgniter.php(419): CodeIgniter\CodeIgniter->runController(Object(App\Controllers\PetController))
#2 C:\xampp\htdocs\petforyou\system\CodeIgniter.php(326): CodeIgniter\CodeIgniter->handleRequest(NULL, Object(Config\Cache), false)
#3 C:\xampp\htdocs\petforyou\public\index.php(37): CodeIgniter\CodeIgniter->run()
#4 {main}
ERROR - 2022-04-16 08:38:50 --> Column 'city_id' in where clause is ambiguous
ERROR - 2022-04-16 08:38:50 --> Column 'city_id' in where clause is ambiguous
CRITICAL - 2022-04-16 08:38:50 --> Call to a member function getResult() on bool
#0 C:\xampp\htdocs\petforyou\system\BaseModel.php(584): CodeIgniter\Model->doFindAll(12, 0)
#1 C:\xampp\htdocs\petforyou\system\BaseModel.php(1088): CodeIgniter\BaseModel->findAll(12, 0)
#2 C:\xampp\htdocs\petforyou\app\Controllers\PublishedController.php(352): CodeIgniter\BaseModel->paginate(12)
#3 C:\xampp\htdocs\petforyou\system\CodeIgniter.php(832): App\Controllers\PublishedController->conditionSelect()
#4 C:\xampp\htdocs\petforyou\system\CodeIgniter.php(419): CodeIgniter\CodeIgniter->runController(Object(App\Controllers\PublishedController))
#5 C:\xampp\htdocs\petforyou\system\CodeIgniter.php(326): CodeIgniter\CodeIgniter->handleRequest(NULL, Object(Config\Cache), false)
#6 C:\xampp\htdocs\petforyou\public\index.php(37): CodeIgniter\CodeIgniter->run()
#7 {main}
ERROR - 2022-04-16 08:49:08 --> Column 'city_id' in where clause is ambiguous
ERROR - 2022-04-16 08:49:08 --> Column 'city_id' in where clause is ambiguous
CRITICAL - 2022-04-16 08:49:08 --> Call to a member function getResult() on bool
#0 C:\xampp\htdocs\petforyou\system\BaseModel.php(584): CodeIgniter\Model->doFindAll(12, 0)
#1 C:\xampp\htdocs\petforyou\system\BaseModel.php(1088): CodeIgniter\BaseModel->findAll(12, 0)
#2 C:\xampp\htdocs\petforyou\app\Controllers\PublishedController.php(352): CodeIgniter\BaseModel->paginate(12)
#3 C:\xampp\htdocs\petforyou\system\CodeIgniter.php(832): App\Controllers\PublishedController->conditionSelect()
#4 C:\xampp\htdocs\petforyou\system\CodeIgniter.php(419): CodeIgniter\CodeIgniter->runController(Object(App\Controllers\PublishedController))
#5 C:\xampp\htdocs\petforyou\system\CodeIgniter.php(326): CodeIgniter\CodeIgniter->handleRequest(NULL, Object(Config\Cache), false)
#6 C:\xampp\htdocs\petforyou\public\index.php(37): CodeIgniter\CodeIgniter->run()
#7 {main}
ERROR - 2022-04-16 08:55:45 --> Column 'city_id' in where clause is ambiguous
ERROR - 2022-04-16 08:55:45 --> Column 'city_id' in where clause is ambiguous
CRITICAL - 2022-04-16 08:55:45 --> Call to a member function getResult() on bool
#0 C:\xampp\htdocs\petforyou\system\BaseModel.php(584): CodeIgniter\Model->doFindAll(12, 0)
#1 C:\xampp\htdocs\petforyou\system\BaseModel.php(1088): CodeIgniter\BaseModel->findAll(12, 0)
#2 C:\xampp\htdocs\petforyou\app\Controllers\PublishedController.php(351): CodeIgniter\BaseModel->paginate(12)
#3 C:\xampp\htdocs\petforyou\system\CodeIgniter.php(832): App\Controllers\PublishedController->conditionSelect()
#4 C:\xampp\htdocs\petforyou\system\CodeIgniter.php(419): CodeIgniter\CodeIgniter->runController(Object(App\Controllers\PublishedController))
#5 C:\xampp\htdocs\petforyou\system\CodeIgniter.php(326): CodeIgniter\CodeIgniter->handleRequest(NULL, Object(Config\Cache), false)
#6 C:\xampp\htdocs\petforyou\public\index.php(37): CodeIgniter\CodeIgniter->run()
#7 {main}
