ERROR - 2022-03-30 02:47:20 --> Column 'published_gender' cannot be null
ERROR - 2022-03-30 02:48:14 --> Column 'published_gender' cannot be null
ERROR - 2022-03-30 02:48:32 --> Column 'published_gender' cannot be null
ERROR - 2022-03-30 02:51:00 --> Column 'published_gender' cannot be null
ERROR - 2022-03-30 02:51:38 --> Column 'published_gender' cannot be null
ERROR - 2022-03-30 02:51:50 --> Column 'published_gender' cannot be null
ERROR - 2022-03-30 02:52:08 --> Column 'published_gender' cannot be null
ERROR - 2022-03-30 02:52:20 --> Column 'published_gender' cannot be null
ERROR - 2022-03-30 02:53:11 --> Column 'published_gender' cannot be null
ERROR - 2022-03-30 09:55:32 --> Column 'user_account' cannot be null
ERROR - 2022-03-30 09:56:07 --> Column 'user_account' cannot be null
ERROR - 2022-03-30 10:03:23 --> Column 'user_photo' cannot be null
ERROR - 2022-03-30 10:04:05 --> Column 'user_photo' cannot be null
ERROR - 2022-03-30 10:06:30 --> Column 'user_photo' cannot be null
ERROR - 2022-03-30 10:07:20 --> Column 'user_photo' cannot be null
ERROR - 2022-03-30 10:08:34 --> Column 'user_photo' cannot be null
CRITICAL - 2022-03-30 11:14:20 --> count(): Parameter must be an array or an object that implements Countable
#0 [internal function]: CodeIgniter\Debug\Exceptions->errorHandler(2, 'count(): Parame...', 'C:\\xampp\\htdocs...', 29, Array)
#1 C:\xampp\htdocs\petforyou\app\Models\UserModel.php(29): count(NULL)
#2 C:\xampp\htdocs\petforyou\app\Controllers\RegisterController.php(25): App\Models\UserModel->isUser('asd@asda')
#3 C:\xampp\htdocs\petforyou\system\CodeIgniter.php(832): App\Controllers\RegisterController->creatRegister()
#4 C:\xampp\htdocs\petforyou\system\CodeIgniter.php(419): CodeIgniter\CodeIgniter->runController(Object(App\Controllers\RegisterController))
#5 C:\xampp\htdocs\petforyou\system\CodeIgniter.php(326): CodeIgniter\CodeIgniter->handleRequest(NULL, Object(Config\Cache), false)
#6 C:\xampp\htdocs\petforyou\public\index.php(37): CodeIgniter\CodeIgniter->run()
#7 {main}
CRITICAL - 2022-03-30 11:14:39 --> count(): Parameter must be an array or an object that implements Countable
#0 [internal function]: CodeIgniter\Debug\Exceptions->errorHandler(2, 'count(): Parame...', 'C:\\xampp\\htdocs...', 29, Array)
#1 C:\xampp\htdocs\petforyou\app\Models\UserModel.php(29): count(NULL)
#2 C:\xampp\htdocs\petforyou\app\Controllers\RegisterController.php(25): App\Models\UserModel->isUser('asd@asdas')
#3 C:\xampp\htdocs\petforyou\system\CodeIgniter.php(832): App\Controllers\RegisterController->creatRegister()
#4 C:\xampp\htdocs\petforyou\system\CodeIgniter.php(419): CodeIgniter\CodeIgniter->runController(Object(App\Controllers\RegisterController))
#5 C:\xampp\htdocs\petforyou\system\CodeIgniter.php(326): CodeIgniter\CodeIgniter->handleRequest(NULL, Object(Config\Cache), false)
#6 C:\xampp\htdocs\petforyou\public\index.php(37): CodeIgniter\CodeIgniter->run()
#7 {main}
CRITICAL - 2022-03-30 11:16:26 --> count(): Parameter must be an array or an object that implements Countable
#0 [internal function]: CodeIgniter\Debug\Exceptions->errorHandler(2, 'count(): Parame...', 'C:\\xampp\\htdocs...', 29, Array)
#1 C:\xampp\htdocs\petforyou\app\Models\UserModel.php(29): count(NULL)
#2 C:\xampp\htdocs\petforyou\app\Controllers\RegisterController.php(25): App\Models\UserModel->isUser('asd@asdassss')
#3 C:\xampp\htdocs\petforyou\system\CodeIgniter.php(832): App\Controllers\RegisterController->creatRegister()
#4 C:\xampp\htdocs\petforyou\system\CodeIgniter.php(419): CodeIgniter\CodeIgniter->runController(Object(App\Controllers\RegisterController))
#5 C:\xampp\htdocs\petforyou\system\CodeIgniter.php(326): CodeIgniter\CodeIgniter->handleRequest(NULL, Object(Config\Cache), false)
#6 C:\xampp\htdocs\petforyou\public\index.php(37): CodeIgniter\CodeIgniter->run()
#7 {main}
CRITICAL - 2022-03-30 11:17:04 --> count(): Parameter must be an array or an object that implements Countable
#0 [internal function]: CodeIgniter\Debug\Exceptions->errorHandler(2, 'count(): Parame...', 'C:\\xampp\\htdocs...', 29, Array)
#1 C:\xampp\htdocs\petforyou\app\Models\UserModel.php(29): count(NULL)
#2 C:\xampp\htdocs\petforyou\app\Controllers\RegisterController.php(25): App\Models\UserModel->isUser('asd@asdas')
#3 C:\xampp\htdocs\petforyou\system\CodeIgniter.php(832): App\Controllers\RegisterController->creatRegister()
#4 C:\xampp\htdocs\petforyou\system\CodeIgniter.php(419): CodeIgniter\CodeIgniter->runController(Object(App\Controllers\RegisterController))
#5 C:\xampp\htdocs\petforyou\system\CodeIgniter.php(326): CodeIgniter\CodeIgniter->handleRequest(NULL, Object(Config\Cache), false)
#6 C:\xampp\htdocs\petforyou\public\index.php(37): CodeIgniter\CodeIgniter->run()
#7 {main}
CRITICAL - 2022-03-30 11:21:08 --> count(): Parameter must be an array or an object that implements Countable
#0 [internal function]: CodeIgniter\Debug\Exceptions->errorHandler(2, 'count(): Parame...', 'C:\\xampp\\htdocs...', 29, Array)
#1 C:\xampp\htdocs\petforyou\app\Models\UserModel.php(29): count(NULL)
#2 C:\xampp\htdocs\petforyou\app\Controllers\RegisterController.php(28): App\Models\UserModel->isUser('asd@asdas')
#3 C:\xampp\htdocs\petforyou\system\CodeIgniter.php(832): App\Controllers\RegisterController->creatRegister()
#4 C:\xampp\htdocs\petforyou\system\CodeIgniter.php(419): CodeIgniter\CodeIgniter->runController(Object(App\Controllers\RegisterController))
#5 C:\xampp\htdocs\petforyou\system\CodeIgniter.php(326): CodeIgniter\CodeIgniter->handleRequest(NULL, Object(Config\Cache), false)
#6 C:\xampp\htdocs\petforyou\public\index.php(37): CodeIgniter\CodeIgniter->run()
#7 {main}
CRITICAL - 2022-03-30 11:22:32 --> count(): Parameter must be an array or an object that implements Countable
#0 [internal function]: CodeIgniter\Debug\Exceptions->errorHandler(2, 'count(): Parame...', 'C:\\xampp\\htdocs...', 29, Array)
#1 C:\xampp\htdocs\petforyou\app\Models\UserModel.php(29): count(NULL)
#2 C:\xampp\htdocs\petforyou\app\Controllers\RegisterController.php(28): App\Models\UserModel->isUser('asd@asdas')
#3 C:\xampp\htdocs\petforyou\system\CodeIgniter.php(832): App\Controllers\RegisterController->creatRegister()
#4 C:\xampp\htdocs\petforyou\system\CodeIgniter.php(419): CodeIgniter\CodeIgniter->runController(Object(App\Controllers\RegisterController))
#5 C:\xampp\htdocs\petforyou\system\CodeIgniter.php(326): CodeIgniter\CodeIgniter->handleRequest(NULL, Object(Config\Cache), false)
#6 C:\xampp\htdocs\petforyou\public\index.php(37): CodeIgniter\CodeIgniter->run()
#7 {main}
