CRITICAL - 2022-03-29 05:33:29 --> Invalid file: index.php
#0 C:\xampp\htdocs\petforyou\system\View\View.php(198): CodeIgniter\Exceptions\FrameworkException::forInvalidFile('index.php')
#1 C:\xampp\htdocs\petforyou\system\Common.php(1089): CodeIgniter\View\View->render('index', Array, true)
#2 C:\xampp\htdocs\petforyou\app\Controllers\LoginController.php(42): view('index')
#3 C:\xampp\htdocs\petforyou\system\CodeIgniter.php(832): App\Controllers\LoginController->Logout()
#4 C:\xampp\htdocs\petforyou\system\CodeIgniter.php(419): CodeIgniter\CodeIgniter->runController(Object(App\Controllers\LoginController))
#5 C:\xampp\htdocs\petforyou\system\CodeIgniter.php(326): CodeIgniter\CodeIgniter->handleRequest(NULL, Object(Config\Cache), false)
#6 C:\xampp\htdocs\petforyou\public\index.php(37): CodeIgniter\CodeIgniter->run()
#7 {main}
CRITICAL - 2022-03-29 05:33:46 --> Invalid file: index.php
#0 C:\xampp\htdocs\petforyou\system\View\View.php(198): CodeIgniter\Exceptions\FrameworkException::forInvalidFile('index.php')
#1 C:\xampp\htdocs\petforyou\system\Common.php(1089): CodeIgniter\View\View->render('index', Array, true)
#2 C:\xampp\htdocs\petforyou\app\Controllers\LoginController.php(42): view('index')
#3 C:\xampp\htdocs\petforyou\system\CodeIgniter.php(832): App\Controllers\LoginController->Logout()
#4 C:\xampp\htdocs\petforyou\system\CodeIgniter.php(419): CodeIgniter\CodeIgniter->runController(Object(App\Controllers\LoginController))
#5 C:\xampp\htdocs\petforyou\system\CodeIgniter.php(326): CodeIgniter\CodeIgniter->handleRequest(NULL, Object(Config\Cache), false)
#6 C:\xampp\htdocs\petforyou\public\index.php(37): CodeIgniter\CodeIgniter->run()
#7 {main}
CRITICAL - 2022-03-29 05:34:41 --> Invalid file: index.php
#0 C:\xampp\htdocs\petforyou\system\View\View.php(198): CodeIgniter\Exceptions\FrameworkException::forInvalidFile('index.php')
#1 C:\xampp\htdocs\petforyou\system\Common.php(1089): CodeIgniter\View\View->render('index', Array, true)
#2 C:\xampp\htdocs\petforyou\app\Controllers\LoginController.php(43): view('index')
#3 C:\xampp\htdocs\petforyou\system\CodeIgniter.php(832): App\Controllers\LoginController->Logout()
#4 C:\xampp\htdocs\petforyou\system\CodeIgniter.php(419): CodeIgniter\CodeIgniter->runController(Object(App\Controllers\LoginController))
#5 C:\xampp\htdocs\petforyou\system\CodeIgniter.php(326): CodeIgniter\CodeIgniter->handleRequest(NULL, Object(Config\Cache), false)
#6 C:\xampp\htdocs\petforyou\public\index.php(37): CodeIgniter\CodeIgniter->run()
#7 {main}
CRITICAL - 2022-03-29 05:35:45 --> Invalid file: index.php
#0 C:\xampp\htdocs\petforyou\system\View\View.php(198): CodeIgniter\Exceptions\FrameworkException::forInvalidFile('index.php')
#1 C:\xampp\htdocs\petforyou\system\Common.php(1089): CodeIgniter\View\View->render('index', Array, true)
#2 C:\xampp\htdocs\petforyou\app\Controllers\LoginController.php(43): view('index')
#3 C:\xampp\htdocs\petforyou\system\CodeIgniter.php(832): App\Controllers\LoginController->Logout()
#4 C:\xampp\htdocs\petforyou\system\CodeIgniter.php(419): CodeIgniter\CodeIgniter->runController(Object(App\Controllers\LoginController))
#5 C:\xampp\htdocs\petforyou\system\CodeIgniter.php(326): CodeIgniter\CodeIgniter->handleRequest(NULL, Object(Config\Cache), false)
#6 C:\xampp\htdocs\petforyou\public\index.php(37): CodeIgniter\CodeIgniter->run()
#7 {main}
CRITICAL - 2022-03-29 05:36:07 --> Invalid file: index.php
#0 C:\xampp\htdocs\petforyou\system\View\View.php(198): CodeIgniter\Exceptions\FrameworkException::forInvalidFile('index.php')
#1 C:\xampp\htdocs\petforyou\system\Common.php(1089): CodeIgniter\View\View->render('index', Array, true)
#2 C:\xampp\htdocs\petforyou\app\Controllers\LoginController.php(42): view('index')
#3 C:\xampp\htdocs\petforyou\system\CodeIgniter.php(832): App\Controllers\LoginController->Logout()
#4 C:\xampp\htdocs\petforyou\system\CodeIgniter.php(419): CodeIgniter\CodeIgniter->runController(Object(App\Controllers\LoginController))
#5 C:\xampp\htdocs\petforyou\system\CodeIgniter.php(326): CodeIgniter\CodeIgniter->handleRequest(NULL, Object(Config\Cache), false)
#6 C:\xampp\htdocs\petforyou\public\index.php(37): CodeIgniter\CodeIgniter->run()
#7 {main}
CRITICAL - 2022-03-29 05:36:08 --> Invalid file: index.php
#0 C:\xampp\htdocs\petforyou\system\View\View.php(198): CodeIgniter\Exceptions\FrameworkException::forInvalidFile('index.php')
#1 C:\xampp\htdocs\petforyou\system\Common.php(1089): CodeIgniter\View\View->render('index', Array, true)
#2 C:\xampp\htdocs\petforyou\app\Controllers\LoginController.php(42): view('index')
#3 C:\xampp\htdocs\petforyou\system\CodeIgniter.php(832): App\Controllers\LoginController->Logout()
#4 C:\xampp\htdocs\petforyou\system\CodeIgniter.php(419): CodeIgniter\CodeIgniter->runController(Object(App\Controllers\LoginController))
#5 C:\xampp\htdocs\petforyou\system\CodeIgniter.php(326): CodeIgniter\CodeIgniter->handleRequest(NULL, Object(Config\Cache), false)
#6 C:\xampp\htdocs\petforyou\public\index.php(37): CodeIgniter\CodeIgniter->run()
#7 {main}
CRITICAL - 2022-03-29 05:36:08 --> Invalid file: index.php
#0 C:\xampp\htdocs\petforyou\system\View\View.php(198): CodeIgniter\Exceptions\FrameworkException::forInvalidFile('index.php')
#1 C:\xampp\htdocs\petforyou\system\Common.php(1089): CodeIgniter\View\View->render('index', Array, true)
#2 C:\xampp\htdocs\petforyou\app\Controllers\LoginController.php(42): view('index')
#3 C:\xampp\htdocs\petforyou\system\CodeIgniter.php(832): App\Controllers\LoginController->Logout()
#4 C:\xampp\htdocs\petforyou\system\CodeIgniter.php(419): CodeIgniter\CodeIgniter->runController(Object(App\Controllers\LoginController))
#5 C:\xampp\htdocs\petforyou\system\CodeIgniter.php(326): CodeIgniter\CodeIgniter->handleRequest(NULL, Object(Config\Cache), false)
#6 C:\xampp\htdocs\petforyou\public\index.php(37): CodeIgniter\CodeIgniter->run()
#7 {main}
CRITICAL - 2022-03-29 05:36:09 --> Invalid file: index.php
#0 C:\xampp\htdocs\petforyou\system\View\View.php(198): CodeIgniter\Exceptions\FrameworkException::forInvalidFile('index.php')
#1 C:\xampp\htdocs\petforyou\system\Common.php(1089): CodeIgniter\View\View->render('index', Array, true)
#2 C:\xampp\htdocs\petforyou\app\Controllers\LoginController.php(42): view('index')
#3 C:\xampp\htdocs\petforyou\system\CodeIgniter.php(832): App\Controllers\LoginController->Logout()
#4 C:\xampp\htdocs\petforyou\system\CodeIgniter.php(419): CodeIgniter\CodeIgniter->runController(Object(App\Controllers\LoginController))
#5 C:\xampp\htdocs\petforyou\system\CodeIgniter.php(326): CodeIgniter\CodeIgniter->handleRequest(NULL, Object(Config\Cache), false)
#6 C:\xampp\htdocs\petforyou\public\index.php(37): CodeIgniter\CodeIgniter->run()
#7 {main}
CRITICAL - 2022-03-29 12:23:45 --> syntax error, unexpected '}'
#0 C:\xampp\htdocs\petforyou\system\Autoloader\Autoloader.php(241): CodeIgniter\Autoloader\Autoloader->includeFile('C:\\xampp\\htdocs...')
#1 C:\xampp\htdocs\petforyou\system\Autoloader\Autoloader.php(219): CodeIgniter\Autoloader\Autoloader->loadInNamespace('App\\Controllers...')
#2 [internal function]: CodeIgniter\Autoloader\Autoloader->loadClass('App\\Controllers...')
#3 [internal function]: spl_autoload_call('App\\Controllers...')
#4 C:\xampp\htdocs\petforyou\system\CodeIgniter.php(797): class_exists('\\App\\Controller...', true)
#5 C:\xampp\htdocs\petforyou\system\CodeIgniter.php(406): CodeIgniter\CodeIgniter->startController()
#6 C:\xampp\htdocs\petforyou\system\CodeIgniter.php(326): CodeIgniter\CodeIgniter->handleRequest(NULL, Object(Config\Cache), false)
#7 C:\xampp\htdocs\petforyou\public\index.php(37): CodeIgniter\CodeIgniter->run()
#8 {main}
CRITICAL - 2022-03-29 12:23:58 --> syntax error, unexpected '}'
#0 C:\xampp\htdocs\petforyou\system\Autoloader\Autoloader.php(241): CodeIgniter\Autoloader\Autoloader->includeFile('C:\\xampp\\htdocs...')
#1 C:\xampp\htdocs\petforyou\system\Autoloader\Autoloader.php(219): CodeIgniter\Autoloader\Autoloader->loadInNamespace('App\\Controllers...')
#2 [internal function]: CodeIgniter\Autoloader\Autoloader->loadClass('App\\Controllers...')
#3 [internal function]: spl_autoload_call('App\\Controllers...')
#4 C:\xampp\htdocs\petforyou\system\CodeIgniter.php(797): class_exists('\\App\\Controller...', true)
#5 C:\xampp\htdocs\petforyou\system\CodeIgniter.php(406): CodeIgniter\CodeIgniter->startController()
#6 C:\xampp\htdocs\petforyou\system\CodeIgniter.php(326): CodeIgniter\CodeIgniter->handleRequest(NULL, Object(Config\Cache), false)
#7 C:\xampp\htdocs\petforyou\public\index.php(37): CodeIgniter\CodeIgniter->run()
#8 {main}
